<?xml version="1.0" encoding="UTF-8"?>
<testsuite xmlns:xsi="http://www.w3.org/2001/XMLSchema-instance" xsi:noNamespaceSchemaLocation="https://maven.apache.org/surefire/maven-surefire-plugin/xsd/surefire-test-report-3.0.xsd" version="3.0" name="org.acme.getting.started.GreetingResourceTest" time="12.975" tests="2" errors="0" skipped="0" failures="0">
  <properties>
    <property name="sun.desktop" value="windows"/>
    <property name="awt.toolkit" value="sun.awt.windows.WToolkit"/>
    <property name="java.specification.version" value="11"/>
    <property name="sun.cpu.isalist" value="amd64"/>
    <property name="test.url" value="http://0.0.0.0:8081"/>
    <property name="sun.jnu.encoding" value="Cp1251"/>
    <property name="java.class.path" value="C:\Users\pavel\Documents\NetBeansProjects\quarkus-quickstarts\getting-started\target\test-classes;C:\Users\pavel\Documents\NetBeansProjects\quarkus-quickstarts\getting-started\target\classes;C:\Users\pavel\.m2\repository\io\quarkus\quarkus-resteasy\1.9.0.Final\quarkus-resteasy-1.9.0.Final.jar;C:\Users\pavel\.m2\repository\io\quarkus\quarkus-vertx-http\1.9.0.Final\quarkus-vertx-http-1.9.0.Final.jar;C:\Users\pavel\.m2\repository\io\quarkus\quarkus-security-runtime-spi\1.9.0.Final\quarkus-security-runtime-spi-1.9.0.Final.jar;C:\Users\pavel\.m2\repository\io\quarkus\quarkus-development-mode-spi\1.9.0.Final\quarkus-development-mode-spi-1.9.0.Final.jar;C:\Users\pavel\.m2\repository\io\quarkus\security\quarkus-security\1.1.3.Final\quarkus-security-1.1.3.Final.jar;C:\Users\pavel\.m2\repository\io\smallrye\reactive\mutiny\0.9.0\mutiny-0.9.0.jar;C:\Users\pavel\.m2\repository\org\reactivestreams\reactive-streams\1.0.3\reactive-streams-1.0.3.jar;C:\Users\pavel\.m2\repository\io\quarkus\quarkus-vertx-core\1.9.0.Final\quarkus-vertx-core-1.9.0.Final.jar;C:\Users\pavel\.m2\repository\io\quarkus\quarkus-netty\1.9.0.Final\quarkus-netty-1.9.0.Final.jar;C:\Users\pavel\.m2\repository\io\netty\netty-codec\4.1.49.Final\netty-codec-4.1.49.Final.jar;C:\Users\pavel\.m2\repository\io\netty\netty-handler\4.1.49.Final\netty-handler-4.1.49.Final.jar;C:\Users\pavel\.m2\repository\io\vertx\vertx-core\3.9.3\vertx-core-3.9.3.jar;C:\Users\pavel\.m2\repository\io\netty\netty-common\4.1.49.Final\netty-common-4.1.49.Final.jar;C:\Users\pavel\.m2\repository\io\netty\netty-buffer\4.1.49.Final\netty-buffer-4.1.49.Final.jar;C:\Users\pavel\.m2\repository\io\netty\netty-transport\4.1.49.Final\netty-transport-4.1.49.Final.jar;C:\Users\pavel\.m2\repository\io\netty\netty-handler-proxy\4.1.49.Final\netty-handler-proxy-4.1.49.Final.jar;C:\Users\pavel\.m2\repository\io\netty\netty-codec-socks\4.1.49.Final\netty-codec-socks-4.1.49.Final.jar;C:\Users\pavel\.m2\repository\io\netty\netty-codec-http\4.1.49.Final\netty-codec-http-4.1.49.Final.jar;C:\Users\pavel\.m2\repository\io\netty\netty-codec-http2\4.1.49.Final\netty-codec-http2-4.1.49.Final.jar;C:\Users\pavel\.m2\repository\io\netty\netty-resolver\4.1.49.Final\netty-resolver-4.1.49.Final.jar;C:\Users\pavel\.m2\repository\io\netty\netty-resolver-dns\4.1.49.Final\netty-resolver-dns-4.1.49.Final.jar;C:\Users\pavel\.m2\repository\io\netty\netty-codec-dns\4.1.49.Final\netty-codec-dns-4.1.49.Final.jar;C:\Users\pavel\.m2\repository\com\fasterxml\jackson\core\jackson-core\2.11.3\jackson-core-2.11.3.jar;C:\Users\pavel\.m2\repository\io\vertx\vertx-web\3.9.3\vertx-web-3.9.3.jar;C:\Users\pavel\.m2\repository\io\vertx\vertx-web-common\3.9.3\vertx-web-common-3.9.3.jar;C:\Users\pavel\.m2\repository\io\vertx\vertx-auth-common\3.9.3\vertx-auth-common-3.9.3.jar;C:\Users\pavel\.m2\repository\io\vertx\vertx-bridge-common\3.9.3\vertx-bridge-common-3.9.3.jar;C:\Users\pavel\.m2\repository\io\quarkus\quarkus-resteasy-server-common\1.9.0.Final\quarkus-resteasy-server-common-1.9.0.Final.jar;C:\Users\pavel\.m2\repository\io\quarkus\quarkus-arc\1.9.0.Final\quarkus-arc-1.9.0.Final.jar;C:\Users\pavel\.m2\repository\io\quarkus\arc\arc\1.9.0.Final\arc-1.9.0.Final.jar;C:\Users\pavel\.m2\repository\jakarta\transaction\jakarta.transaction-api\1.3.3\jakarta.transaction-api-1.3.3.jar;C:\Users\pavel\.m2\repository\org\eclipse\microprofile\context-propagation\microprofile-context-propagation-api\1.0.1\microprofile-context-propagation-api-1.0.1.jar;C:\Users\pavel\.m2\repository\io\quarkus\quarkus-resteasy-common\1.9.0.Final\quarkus-resteasy-common-1.9.0.Final.jar;C:\Users\pavel\.m2\repository\org\jboss\resteasy\resteasy-core\4.5.8.Final\resteasy-core-4.5.8.Final.jar;C:\Users\pavel\.m2\repository\org\jboss\spec\javax\ws\rs\jboss-jaxrs-api_2.1_spec\2.0.1.Final\jboss-jaxrs-api_2.1_spec-2.0.1.Final.jar;C:\Users\pavel\.m2\repository\org\jboss\spec\javax\xml\bind\jboss-jaxb-api_2.3_spec\2.0.0.Final\jboss-jaxb-api_2.3_spec-2.0.0.Final.jar;C:\Users\pavel\.m2\repository\org\jboss\resteasy\resteasy-core-spi\4.5.8.Final\resteasy-core-spi-4.5.8.Final.jar;C:\Users\pavel\.m2\repository\com\ibm\async\asyncutil\0.1.0\asyncutil-0.1.0.jar;C:\Users\pavel\.m2\repository\org\eclipse\microprofile\config\microprofile-config-api\1.4\microprofile-config-api-1.4.jar;C:\Users\pavel\.m2\repository\com\sun\activation\jakarta.activation\1.2.1\jakarta.activation-1.2.1.jar;C:\Users\pavel\.m2\repository\jakarta\validation\jakarta.validation-api\2.0.2\jakarta.validation-api-2.0.2.jar;C:\Users\pavel\.m2\repository\io\quarkus\quarkus-junit5\1.9.0.Final\quarkus-junit5-1.9.0.Final.jar;C:\Users\pavel\.m2\repository\io\quarkus\quarkus-bootstrap-core\1.9.0.Final\quarkus-bootstrap-core-1.9.0.Final.jar;C:\Users\pavel\.m2\repository\io\quarkus\quarkus-bootstrap-app-model\1.9.0.Final\quarkus-bootstrap-app-model-1.9.0.Final.jar;C:\Users\pavel\.m2\repository\io\quarkus\quarkus-bootstrap-maven-resolver\1.9.0.Final\quarkus-bootstrap-maven-resolver-1.9.0.Final.jar;C:\Users\pavel\.m2\repository\org\apache\maven\maven-embedder\3.6.3\maven-embedder-3.6.3.jar;C:\Users\pavel\.m2\repository\org\apache\maven\maven-settings\3.6.3\maven-settings-3.6.3.jar;C:\Users\pavel\.m2\repository\org\apache\maven\maven-core\3.6.3\maven-core-3.6.3.jar;C:\Users\pavel\.m2\repository\org\apache\maven\maven-artifact\3.6.3\maven-artifact-3.6.3.jar;C:\Users\pavel\.m2\repository\org\codehaus\plexus\plexus-component-annotations\2.1.0\plexus-component-annotations-2.1.0.jar;C:\Users\pavel\.m2\repository\org\apache\maven\maven-plugin-api\3.6.3\maven-plugin-api-3.6.3.jar;C:\Users\pavel\.m2\repository\org\apache\maven\maven-model\3.6.3\maven-model-3.6.3.jar;C:\Users\pavel\.m2\repository\org\apache\maven\maven-model-builder\3.6.3\maven-model-builder-3.6.3.jar;C:\Users\pavel\.m2\repository\org\apache\maven\maven-builder-support\3.6.3\maven-builder-support-3.6.3.jar;C:\Users\pavel\.m2\repository\org\apache\maven\resolver\maven-resolver-api\1.4.1\maven-resolver-api-1.4.1.jar;C:\Users\pavel\.m2\repository\org\apache\maven\resolver\maven-resolver-util\1.4.1\maven-resolver-util-1.4.1.jar;C:\Users\pavel\.m2\repository\org\apache\maven\shared\maven-shared-utils\3.2.1\maven-shared-utils-3.2.1.jar;C:\Users\pavel\.m2\repository\commons-io\commons-io\2.8.0\commons-io-2.8.0.jar;C:\Users\pavel\.m2\repository\com\google\inject\guice\4.2.1\guice-4.2.1-no_aop.jar;C:\Users\pavel\.m2\repository\com\google\guava\guava\29.0-jre\guava-29.0-jre.jar;C:\Users\pavel\.m2\repository\com\google\guava\failureaccess\1.0.1\failureaccess-1.0.1.jar;C:\Users\pavel\.m2\repository\com\google\guava\listenablefuture\9999.0-empty-to-avoid-conflict-with-guava\listenablefuture-9999.0-empty-to-avoid-conflict-with-guava.jar;C:\Users\pavel\.m2\repository\org\codehaus\plexus\plexus-utils\3.2.1\plexus-utils-3.2.1.jar;C:\Users\pavel\.m2\repository\org\codehaus\plexus\plexus-classworlds\2.6.0\plexus-classworlds-2.6.0.jar;C:\Users\pavel\.m2\repository\commons-cli\commons-cli\1.4\commons-cli-1.4.jar;C:\Users\pavel\.m2\repository\org\eclipse\sisu\org.eclipse.sisu.plexus\0.3.4\org.eclipse.sisu.plexus-0.3.4.jar;C:\Users\pavel\.m2\repository\org\apache\maven\maven-settings-builder\3.6.3\maven-settings-builder-3.6.3.jar;C:\Users\pavel\.m2\repository\org\codehaus\plexus\plexus-interpolation\1.25\plexus-interpolation-1.25.jar;C:\Users\pavel\.m2\repository\org\sonatype\plexus\plexus-sec-dispatcher\1.4\plexus-sec-dispatcher-1.4.jar;C:\Users\pavel\.m2\repository\org\sonatype\plexus\plexus-cipher\1.4\plexus-cipher-1.4.jar;C:\Users\pavel\.m2\repository\org\apache\maven\maven-resolver-provider\3.6.3\maven-resolver-provider-3.6.3.jar;C:\Users\pavel\.m2\repository\org\apache\maven\maven-repository-metadata\3.6.3\maven-repository-metadata-3.6.3.jar;C:\Users\pavel\.m2\repository\org\apache\maven\resolver\maven-resolver-spi\1.4.1\maven-resolver-spi-1.4.1.jar;C:\Users\pavel\.m2\repository\org\apache\maven\resolver\maven-resolver-impl\1.4.1\maven-resolver-impl-1.4.1.jar;C:\Users\pavel\.m2\repository\org\apache\maven\resolver\maven-resolver-connector-basic\1.4.1\maven-resolver-connector-basic-1.4.1.jar;C:\Users\pavel\.m2\repository\org\apache\maven\resolver\maven-resolver-transport-wagon\1.4.1\maven-resolver-transport-wagon-1.4.1.jar;C:\Users\pavel\.m2\repository\org\apache\maven\wagon\wagon-http\3.3.4\wagon-http-3.3.4.jar;C:\Users\pavel\.m2\repository\org\apache\maven\wagon\wagon-http-shared\3.3.4\wagon-http-shared-3.3.4.jar;C:\Users\pavel\.m2\repository\org\jsoup\jsoup\1.12.1\jsoup-1.12.1.jar;C:\Users\pavel\.m2\repository\org\apache\maven\wagon\wagon-provider-api\3.3.4\wagon-provider-api-3.3.4.jar;C:\Users\pavel\.m2\repository\org\apache\maven\wagon\wagon-file\3.3.4\wagon-file-3.3.4.jar;C:\Users\pavel\.m2\repository\io\quarkus\quarkus-bootstrap-gradle-resolver\1.9.0.Final\quarkus-bootstrap-gradle-resolver-1.9.0.Final.jar;C:\Users\pavel\.m2\repository\io\smallrye\common\smallrye-common-io\1.4.0\smallrye-common-io-1.4.0.jar;C:\Users\pavel\.m2\repository\org\eclipse\sisu\org.eclipse.sisu.inject\0.3.4\org.eclipse.sisu.inject-0.3.4.jar;C:\Users\pavel\.m2\repository\io\quarkus\quarkus-test-common\1.9.0.Final\quarkus-test-common-1.9.0.Final.jar;C:\Users\pavel\.m2\repository\io\quarkus\quarkus-core-deployment\1.9.0.Final\quarkus-core-deployment-1.9.0.Final.jar;C:\Users\pavel\.m2\repository\io\quarkus\gizmo\gizmo\1.0.4.Final\gizmo-1.0.4.Final.jar;C:\Users\pavel\.m2\repository\org\ow2\asm\asm-util\8.0.1\asm-util-8.0.1.jar;C:\Users\pavel\.m2\repository\org\ow2\asm\asm-tree\8.0.1\asm-tree-8.0.1.jar;C:\Users\pavel\.m2\repository\org\ow2\asm\asm-analysis\8.0.1\asm-analysis-8.0.1.jar;C:\Users\pavel\.m2\repository\org\ow2\asm\asm\8.0.1\asm-8.0.1.jar;C:\Users\pavel\.m2\repository\io\quarkus\quarkus-devtools-utilities\1.9.0.Final\quarkus-devtools-utilities-1.9.0.Final.jar;C:\Users\pavel\.m2\repository\io\quarkus\quarkus-builder\1.9.0.Final\quarkus-builder-1.9.0.Final.jar;C:\Users\pavel\.m2\repository\io\quarkus\quarkus-jsonp-deployment\1.9.0.Final\quarkus-jsonp-deployment-1.9.0.Final.jar;C:\Users\pavel\.m2\repository\io\quarkus\quarkus-jsonp\1.9.0.Final\quarkus-jsonp-1.9.0.Final.jar;C:\Users\pavel\.m2\repository\org\glassfish\jakarta.json\1.1.6\jakarta.json-1.1.6.jar;C:\Users\pavel\.m2\repository\org\jboss\jandex\2.2.1.Final\jandex-2.2.1.Final.jar;C:\Users\pavel\.m2\repository\org\jboss\logging\commons-logging-jboss-logging\1.0.0.Final\commons-logging-jboss-logging-1.0.0.Final.jar;C:\Users\pavel\.m2\repository\org\junit\jupiter\junit-jupiter\5.7.0\junit-jupiter-5.7.0.jar;C:\Users\pavel\.m2\repository\org\junit\jupiter\junit-jupiter-api\5.7.0\junit-jupiter-api-5.7.0.jar;C:\Users\pavel\.m2\repository\org\apiguardian\apiguardian-api\1.1.0\apiguardian-api-1.1.0.jar;C:\Users\pavel\.m2\repository\org\opentest4j\opentest4j\1.2.0\opentest4j-1.2.0.jar;C:\Users\pavel\.m2\repository\org\junit\platform\junit-platform-commons\1.7.0\junit-platform-commons-1.7.0.jar;C:\Users\pavel\.m2\repository\org\junit\jupiter\junit-jupiter-params\5.7.0\junit-jupiter-params-5.7.0.jar;C:\Users\pavel\.m2\repository\org\junit\jupiter\junit-jupiter-engine\5.7.0\junit-jupiter-engine-5.7.0.jar;C:\Users\pavel\.m2\repository\org\junit\platform\junit-platform-engine\1.7.0\junit-platform-engine-1.7.0.jar;C:\Users\pavel\.m2\repository\io\quarkus\quarkus-core\1.9.0.Final\quarkus-core-1.9.0.Final.jar;C:\Users\pavel\.m2\repository\jakarta\annotation\jakarta.annotation-api\1.3.5\jakarta.annotation-api-1.3.5.jar;C:\Users\pavel\.m2\repository\jakarta\enterprise\jakarta.enterprise.cdi-api\2.0.2\jakarta.enterprise.cdi-api-2.0.2.jar;C:\Users\pavel\.m2\repository\jakarta\el\jakarta.el-api\3.0.3\jakarta.el-api-3.0.3.jar;C:\Users\pavel\.m2\repository\jakarta\interceptor\jakarta.interceptor-api\1.2.5\jakarta.interceptor-api-1.2.5.jar;C:\Users\pavel\.m2\repository\jakarta\inject\jakarta.inject-api\1.0\jakarta.inject-api-1.0.jar;C:\Users\pavel\.m2\repository\io\quarkus\quarkus-ide-launcher\1.9.0.Final\quarkus-ide-launcher-1.9.0.Final.jar;C:\Users\pavel\.m2\repository\io\smallrye\config\smallrye-config\1.9.1\smallrye-config-1.9.1.jar;C:\Users\pavel\.m2\repository\io\smallrye\common\smallrye-common-annotation\1.4.0\smallrye-common-annotation-1.4.0.jar;C:\Users\pavel\.m2\repository\io\smallrye\config\smallrye-config-common\1.9.1\smallrye-config-common-1.9.1.jar;C:\Users\pavel\.m2\repository\io\smallrye\common\smallrye-common-expression\1.4.0\smallrye-common-expression-1.4.0.jar;C:\Users\pavel\.m2\repository\io\smallrye\common\smallrye-common-function\1.4.0\smallrye-common-function-1.4.0.jar;C:\Users\pavel\.m2\repository\io\smallrye\common\smallrye-common-constraint\1.4.0\smallrye-common-constraint-1.4.0.jar;C:\Users\pavel\.m2\repository\io\smallrye\common\smallrye-common-classloader\1.4.0\smallrye-common-classloader-1.4.0.jar;C:\Users\pavel\.m2\repository\org\jboss\logging\jboss-logging\3.4.1.Final\jboss-logging-3.4.1.Final.jar;C:\Users\pavel\.m2\repository\org\jboss\logmanager\jboss-logmanager-embedded\1.0.5\jboss-logmanager-embedded-1.0.5.jar;C:\Users\pavel\.m2\repository\org\jboss\logging\jboss-logging-annotations\2.1.0.Final\jboss-logging-annotations-2.1.0.Final.jar;C:\Users\pavel\.m2\repository\org\jboss\threads\jboss-threads\3.1.1.Final\jboss-threads-3.1.1.Final.jar;C:\Users\pavel\.m2\repository\org\slf4j\slf4j-api\1.7.30\slf4j-api-1.7.30.jar;C:\Users\pavel\.m2\repository\org\jboss\slf4j\slf4j-jboss-logging\1.2.0.Final\slf4j-jboss-logging-1.2.0.Final.jar;C:\Users\pavel\.m2\repository\org\graalvm\sdk\graal-sdk\20.2.0\graal-sdk-20.2.0.jar;C:\Users\pavel\.m2\repository\org\wildfly\common\wildfly-common\1.5.4.Final-format-001\wildfly-common-1.5.4.Final-format-001.jar;C:\Users\pavel\.m2\repository\io\quarkus\quarkus-bootstrap-runner\1.9.0.Final\quarkus-bootstrap-runner-1.9.0.Final.jar;C:\Users\pavel\.m2\repository\com\thoughtworks\xstream\xstream\1.4.13\xstream-1.4.13.jar;C:\Users\pavel\.m2\repository\xmlpull\xmlpull\1.1.3.1\xmlpull-1.1.3.1.jar;C:\Users\pavel\.m2\repository\xpp3\xpp3_min\1.1.4c\xpp3_min-1.1.4c.jar;C:\Users\pavel\.m2\repository\io\rest-assured\rest-assured\4.3.0\rest-assured-4.3.0.jar;C:\Users\pavel\.m2\repository\org\codehaus\groovy\groovy\3.0.2\groovy-3.0.2.jar;C:\Users\pavel\.m2\repository\org\codehaus\groovy\groovy-xml\3.0.2\groovy-xml-3.0.2.jar;C:\Users\pavel\.m2\repository\org\apache\httpcomponents\httpclient\4.5.13\httpclient-4.5.13.jar;C:\Users\pavel\.m2\repository\org\apache\httpcomponents\httpcore\4.4.13\httpcore-4.4.13.jar;C:\Users\pavel\.m2\repository\commons-codec\commons-codec\1.14\commons-codec-1.14.jar;C:\Users\pavel\.m2\repository\org\apache\httpcomponents\httpmime\4.5.13\httpmime-4.5.13.jar;C:\Users\pavel\.m2\repository\org\hamcrest\hamcrest\2.1\hamcrest-2.1.jar;C:\Users\pavel\.m2\repository\org\ccil\cowan\tagsoup\tagsoup\1.2.1\tagsoup-1.2.1.jar;C:\Users\pavel\.m2\repository\io\rest-assured\json-path\4.3.0\json-path-4.3.0.jar;C:\Users\pavel\.m2\repository\org\codehaus\groovy\groovy-json\3.0.2\groovy-json-3.0.2.jar;C:\Users\pavel\.m2\repository\io\rest-assured\rest-assured-common\4.3.0\rest-assured-common-4.3.0.jar;C:\Users\pavel\.m2\repository\io\rest-assured\xml-path\4.3.0\xml-path-4.3.0.jar;C:\Users\pavel\.m2\repository\org\apache\commons\commons-lang3\3.9\commons-lang3-3.9.jar;C:\Users\pavel\.m2\repository\jakarta\xml\bind\jakarta.xml.bind-api\2.3.2\jakarta.xml.bind-api-2.3.2.jar;C:\Users\pavel\.m2\repository\jakarta\activation\jakarta.activation-api\1.2.1\jakarta.activation-api-1.2.1.jar;C:\Users\pavel\.m2\repository\org\apache\sling\org.apache.sling.javax.activation\0.1.0\org.apache.sling.javax.activation-0.1.0.jar;"/>
    <property name="java.vm.vendor" value="Oracle Corporation"/>
    <property name="sun.arch.data.model" value="64"/>
    <property name="user.variant" value=""/>
    <property name="java.vendor.url" value="http://java.oracle.com/"/>
    <property name="user.timezone" value="Europe/Moscow"/>
    <property name="java.vm.specification.version" value="11"/>
    <property name="os.name" value="Windows 10"/>
    <property name="user.country" value="RU"/>
    <property name="sun.java.launcher" value="SUN_STANDARD"/>
    <property name="sun.boot.library.path" value="C:\Program Files\Java\jdk-11.0.2\bin"/>
    <property name="sun.java.command" value="C:\Users\pavel\AppData\Local\Temp\surefire10083738203791261952\surefirebooter9993462040727471165.jar C:\Users\pavel\AppData\Local\Temp\surefire10083738203791261952 2020-10-23T16-54-09_180-jvmRun1 surefire10837820551937362194tmp surefire_02036473141120114398tmp"/>
    <property name="jdk.debug" value="release"/>
    <property name="maven.home" value="C:\Program Files\NetBeans-12.0\netbeans\java\maven\bin\.."/>
    <property name="surefire.test.class.path" value="C:\Users\pavel\Documents\NetBeansProjects\quarkus-quickstarts\getting-started\target\test-classes;C:\Users\pavel\Documents\NetBeansProjects\quarkus-quickstarts\getting-started\target\classes;C:\Users\pavel\.m2\repository\io\quarkus\quarkus-resteasy\1.9.0.Final\quarkus-resteasy-1.9.0.Final.jar;C:\Users\pavel\.m2\repository\io\quarkus\quarkus-vertx-http\1.9.0.Final\quarkus-vertx-http-1.9.0.Final.jar;C:\Users\pavel\.m2\repository\io\quarkus\quarkus-security-runtime-spi\1.9.0.Final\quarkus-security-runtime-spi-1.9.0.Final.jar;C:\Users\pavel\.m2\repository\io\quarkus\quarkus-development-mode-spi\1.9.0.Final\quarkus-development-mode-spi-1.9.0.Final.jar;C:\Users\pavel\.m2\repository\io\quarkus\security\quarkus-security\1.1.3.Final\quarkus-security-1.1.3.Final.jar;C:\Users\pavel\.m2\repository\io\smallrye\reactive\mutiny\0.9.0\mutiny-0.9.0.jar;C:\Users\pavel\.m2\repository\org\reactivestreams\reactive-streams\1.0.3\reactive-streams-1.0.3.jar;C:\Users\pavel\.m2\repository\io\quarkus\quarkus-vertx-core\1.9.0.Final\quarkus-vertx-core-1.9.0.Final.jar;C:\Users\pavel\.m2\repository\io\quarkus\quarkus-netty\1.9.0.Final\quarkus-netty-1.9.0.Final.jar;C:\Users\pavel\.m2\repository\io\netty\netty-codec\4.1.49.Final\netty-codec-4.1.49.Final.jar;C:\Users\pavel\.m2\repository\io\netty\netty-handler\4.1.49.Final\netty-handler-4.1.49.Final.jar;C:\Users\pavel\.m2\repository\io\vertx\vertx-core\3.9.3\vertx-core-3.9.3.jar;C:\Users\pavel\.m2\repository\io\netty\netty-common\4.1.49.Final\netty-common-4.1.49.Final.jar;C:\Users\pavel\.m2\repository\io\netty\netty-buffer\4.1.49.Final\netty-buffer-4.1.49.Final.jar;C:\Users\pavel\.m2\repository\io\netty\netty-transport\4.1.49.Final\netty-transport-4.1.49.Final.jar;C:\Users\pavel\.m2\repository\io\netty\netty-handler-proxy\4.1.49.Final\netty-handler-proxy-4.1.49.Final.jar;C:\Users\pavel\.m2\repository\io\netty\netty-codec-socks\4.1.49.Final\netty-codec-socks-4.1.49.Final.jar;C:\Users\pavel\.m2\repository\io\netty\netty-codec-http\4.1.49.Final\netty-codec-http-4.1.49.Final.jar;C:\Users\pavel\.m2\repository\io\netty\netty-codec-http2\4.1.49.Final\netty-codec-http2-4.1.49.Final.jar;C:\Users\pavel\.m2\repository\io\netty\netty-resolver\4.1.49.Final\netty-resolver-4.1.49.Final.jar;C:\Users\pavel\.m2\repository\io\netty\netty-resolver-dns\4.1.49.Final\netty-resolver-dns-4.1.49.Final.jar;C:\Users\pavel\.m2\repository\io\netty\netty-codec-dns\4.1.49.Final\netty-codec-dns-4.1.49.Final.jar;C:\Users\pavel\.m2\repository\com\fasterxml\jackson\core\jackson-core\2.11.3\jackson-core-2.11.3.jar;C:\Users\pavel\.m2\repository\io\vertx\vertx-web\3.9.3\vertx-web-3.9.3.jar;C:\Users\pavel\.m2\repository\io\vertx\vertx-web-common\3.9.3\vertx-web-common-3.9.3.jar;C:\Users\pavel\.m2\repository\io\vertx\vertx-auth-common\3.9.3\vertx-auth-common-3.9.3.jar;C:\Users\pavel\.m2\repository\io\vertx\vertx-bridge-common\3.9.3\vertx-bridge-common-3.9.3.jar;C:\Users\pavel\.m2\repository\io\quarkus\quarkus-resteasy-server-common\1.9.0.Final\quarkus-resteasy-server-common-1.9.0.Final.jar;C:\Users\pavel\.m2\repository\io\quarkus\quarkus-arc\1.9.0.Final\quarkus-arc-1.9.0.Final.jar;C:\Users\pavel\.m2\repository\io\quarkus\arc\arc\1.9.0.Final\arc-1.9.0.Final.jar;C:\Users\pavel\.m2\repository\jakarta\transaction\jakarta.transaction-api\1.3.3\jakarta.transaction-api-1.3.3.jar;C:\Users\pavel\.m2\repository\org\eclipse\microprofile\context-propagation\microprofile-context-propagation-api\1.0.1\microprofile-context-propagation-api-1.0.1.jar;C:\Users\pavel\.m2\repository\io\quarkus\quarkus-resteasy-common\1.9.0.Final\quarkus-resteasy-common-1.9.0.Final.jar;C:\Users\pavel\.m2\repository\org\jboss\resteasy\resteasy-core\4.5.8.Final\resteasy-core-4.5.8.Final.jar;C:\Users\pavel\.m2\repository\org\jboss\spec\javax\ws\rs\jboss-jaxrs-api_2.1_spec\2.0.1.Final\jboss-jaxrs-api_2.1_spec-2.0.1.Final.jar;C:\Users\pavel\.m2\repository\org\jboss\spec\javax\xml\bind\jboss-jaxb-api_2.3_spec\2.0.0.Final\jboss-jaxb-api_2.3_spec-2.0.0.Final.jar;C:\Users\pavel\.m2\repository\org\jboss\resteasy\resteasy-core-spi\4.5.8.Final\resteasy-core-spi-4.5.8.Final.jar;C:\Users\pavel\.m2\repository\com\ibm\async\asyncutil\0.1.0\asyncutil-0.1.0.jar;C:\Users\pavel\.m2\repository\org\eclipse\microprofile\config\microprofile-config-api\1.4\microprofile-config-api-1.4.jar;C:\Users\pavel\.m2\repository\com\sun\activation\jakarta.activation\1.2.1\jakarta.activation-1.2.1.jar;C:\Users\pavel\.m2\repository\jakarta\validation\jakarta.validation-api\2.0.2\jakarta.validation-api-2.0.2.jar;C:\Users\pavel\.m2\repository\io\quarkus\quarkus-junit5\1.9.0.Final\quarkus-junit5-1.9.0.Final.jar;C:\Users\pavel\.m2\repository\io\quarkus\quarkus-bootstrap-core\1.9.0.Final\quarkus-bootstrap-core-1.9.0.Final.jar;C:\Users\pavel\.m2\repository\io\quarkus\quarkus-bootstrap-app-model\1.9.0.Final\quarkus-bootstrap-app-model-1.9.0.Final.jar;C:\Users\pavel\.m2\repository\io\quarkus\quarkus-bootstrap-maven-resolver\1.9.0.Final\quarkus-bootstrap-maven-resolver-1.9.0.Final.jar;C:\Users\pavel\.m2\repository\org\apache\maven\maven-embedder\3.6.3\maven-embedder-3.6.3.jar;C:\Users\pavel\.m2\repository\org\apache\maven\maven-settings\3.6.3\maven-settings-3.6.3.jar;C:\Users\pavel\.m2\repository\org\apache\maven\maven-core\3.6.3\maven-core-3.6.3.jar;C:\Users\pavel\.m2\repository\org\apache\maven\maven-artifact\3.6.3\maven-artifact-3.6.3.jar;C:\Users\pavel\.m2\repository\org\codehaus\plexus\plexus-component-annotations\2.1.0\plexus-component-annotations-2.1.0.jar;C:\Users\pavel\.m2\repository\org\apache\maven\maven-plugin-api\3.6.3\maven-plugin-api-3.6.3.jar;C:\Users\pavel\.m2\repository\org\apache\maven\maven-model\3.6.3\maven-model-3.6.3.jar;C:\Users\pavel\.m2\repository\org\apache\maven\maven-model-builder\3.6.3\maven-model-builder-3.6.3.jar;C:\Users\pavel\.m2\repository\org\apache\maven\maven-builder-support\3.6.3\maven-builder-support-3.6.3.jar;C:\Users\pavel\.m2\repository\org\apache\maven\resolver\maven-resolver-api\1.4.1\maven-resolver-api-1.4.1.jar;C:\Users\pavel\.m2\repository\org\apache\maven\resolver\maven-resolver-util\1.4.1\maven-resolver-util-1.4.1.jar;C:\Users\pavel\.m2\repository\org\apache\maven\shared\maven-shared-utils\3.2.1\maven-shared-utils-3.2.1.jar;C:\Users\pavel\.m2\repository\commons-io\commons-io\2.8.0\commons-io-2.8.0.jar;C:\Users\pavel\.m2\repository\com\google\inject\guice\4.2.1\guice-4.2.1-no_aop.jar;C:\Users\pavel\.m2\repository\com\google\guava\guava\29.0-jre\guava-29.0-jre.jar;C:\Users\pavel\.m2\repository\com\google\guava\failureaccess\1.0.1\failureaccess-1.0.1.jar;C:\Users\pavel\.m2\repository\com\google\guava\listenablefuture\9999.0-empty-to-avoid-conflict-with-guava\listenablefuture-9999.0-empty-to-avoid-conflict-with-guava.jar;C:\Users\pavel\.m2\repository\org\codehaus\plexus\plexus-utils\3.2.1\plexus-utils-3.2.1.jar;C:\Users\pavel\.m2\repository\org\codehaus\plexus\plexus-classworlds\2.6.0\plexus-classworlds-2.6.0.jar;C:\Users\pavel\.m2\repository\commons-cli\commons-cli\1.4\commons-cli-1.4.jar;C:\Users\pavel\.m2\repository\org\eclipse\sisu\org.eclipse.sisu.plexus\0.3.4\org.eclipse.sisu.plexus-0.3.4.jar;C:\Users\pavel\.m2\repository\org\apache\maven\maven-settings-builder\3.6.3\maven-settings-builder-3.6.3.jar;C:\Users\pavel\.m2\repository\org\codehaus\plexus\plexus-interpolation\1.25\plexus-interpolation-1.25.jar;C:\Users\pavel\.m2\repository\org\sonatype\plexus\plexus-sec-dispatcher\1.4\plexus-sec-dispatcher-1.4.jar;C:\Users\pavel\.m2\repository\org\sonatype\plexus\plexus-cipher\1.4\plexus-cipher-1.4.jar;C:\Users\pavel\.m2\repository\org\apache\maven\maven-resolver-provider\3.6.3\maven-resolver-provider-3.6.3.jar;C:\Users\pavel\.m2\repository\org\apache\maven\maven-repository-metadata\3.6.3\maven-repository-metadata-3.6.3.jar;C:\Users\pavel\.m2\repository\org\apache\maven\resolver\maven-resolver-spi\1.4.1\maven-resolver-spi-1.4.1.jar;C:\Users\pavel\.m2\repository\org\apache\maven\resolver\maven-resolver-impl\1.4.1\maven-resolver-impl-1.4.1.jar;C:\Users\pavel\.m2\repository\org\apache\maven\resolver\maven-resolver-connector-basic\1.4.1\maven-resolver-connector-basic-1.4.1.jar;C:\Users\pavel\.m2\repository\org\apache\maven\resolver\maven-resolver-transport-wagon\1.4.1\maven-resolver-transport-wagon-1.4.1.jar;C:\Users\pavel\.m2\repository\org\apache\maven\wagon\wagon-http\3.3.4\wagon-http-3.3.4.jar;C:\Users\pavel\.m2\repository\org\apache\maven\wagon\wagon-http-shared\3.3.4\wagon-http-shared-3.3.4.jar;C:\Users\pavel\.m2\repository\org\jsoup\jsoup\1.12.1\jsoup-1.12.1.jar;C:\Users\pavel\.m2\repository\org\apache\maven\wagon\wagon-provider-api\3.3.4\wagon-provider-api-3.3.4.jar;C:\Users\pavel\.m2\repository\org\apache\maven\wagon\wagon-file\3.3.4\wagon-file-3.3.4.jar;C:\Users\pavel\.m2\repository\io\quarkus\quarkus-bootstrap-gradle-resolver\1.9.0.Final\quarkus-bootstrap-gradle-resolver-1.9.0.Final.jar;C:\Users\pavel\.m2\repository\io\smallrye\common\smallrye-common-io\1.4.0\smallrye-common-io-1.4.0.jar;C:\Users\pavel\.m2\repository\org\eclipse\sisu\org.eclipse.sisu.inject\0.3.4\org.eclipse.sisu.inject-0.3.4.jar;C:\Users\pavel\.m2\repository\io\quarkus\quarkus-test-common\1.9.0.Final\quarkus-test-common-1.9.0.Final.jar;C:\Users\pavel\.m2\repository\io\quarkus\quarkus-core-deployment\1.9.0.Final\quarkus-core-deployment-1.9.0.Final.jar;C:\Users\pavel\.m2\repository\io\quarkus\gizmo\gizmo\1.0.4.Final\gizmo-1.0.4.Final.jar;C:\Users\pavel\.m2\repository\org\ow2\asm\asm-util\8.0.1\asm-util-8.0.1.jar;C:\Users\pavel\.m2\repository\org\ow2\asm\asm-tree\8.0.1\asm-tree-8.0.1.jar;C:\Users\pavel\.m2\repository\org\ow2\asm\asm-analysis\8.0.1\asm-analysis-8.0.1.jar;C:\Users\pavel\.m2\repository\org\ow2\asm\asm\8.0.1\asm-8.0.1.jar;C:\Users\pavel\.m2\repository\io\quarkus\quarkus-devtools-utilities\1.9.0.Final\quarkus-devtools-utilities-1.9.0.Final.jar;C:\Users\pavel\.m2\repository\io\quarkus\quarkus-builder\1.9.0.Final\quarkus-builder-1.9.0.Final.jar;C:\Users\pavel\.m2\repository\io\quarkus\quarkus-jsonp-deployment\1.9.0.Final\quarkus-jsonp-deployment-1.9.0.Final.jar;C:\Users\pavel\.m2\repository\io\quarkus\quarkus-jsonp\1.9.0.Final\quarkus-jsonp-1.9.0.Final.jar;C:\Users\pavel\.m2\repository\org\glassfish\jakarta.json\1.1.6\jakarta.json-1.1.6.jar;C:\Users\pavel\.m2\repository\org\jboss\jandex\2.2.1.Final\jandex-2.2.1.Final.jar;C:\Users\pavel\.m2\repository\org\jboss\logging\commons-logging-jboss-logging\1.0.0.Final\commons-logging-jboss-logging-1.0.0.Final.jar;C:\Users\pavel\.m2\repository\org\junit\jupiter\junit-jupiter\5.7.0\junit-jupiter-5.7.0.jar;C:\Users\pavel\.m2\repository\org\junit\jupiter\junit-jupiter-api\5.7.0\junit-jupiter-api-5.7.0.jar;C:\Users\pavel\.m2\repository\org\apiguardian\apiguardian-api\1.1.0\apiguardian-api-1.1.0.jar;C:\Users\pavel\.m2\repository\org\opentest4j\opentest4j\1.2.0\opentest4j-1.2.0.jar;C:\Users\pavel\.m2\repository\org\junit\platform\junit-platform-commons\1.7.0\junit-platform-commons-1.7.0.jar;C:\Users\pavel\.m2\repository\org\junit\jupiter\junit-jupiter-params\5.7.0\junit-jupiter-params-5.7.0.jar;C:\Users\pavel\.m2\repository\org\junit\jupiter\junit-jupiter-engine\5.7.0\junit-jupiter-engine-5.7.0.jar;C:\Users\pavel\.m2\repository\org\junit\platform\junit-platform-engine\1.7.0\junit-platform-engine-1.7.0.jar;C:\Users\pavel\.m2\repository\io\quarkus\quarkus-core\1.9.0.Final\quarkus-core-1.9.0.Final.jar;C:\Users\pavel\.m2\repository\jakarta\annotation\jakarta.annotation-api\1.3.5\jakarta.annotation-api-1.3.5.jar;C:\Users\pavel\.m2\repository\jakarta\enterprise\jakarta.enterprise.cdi-api\2.0.2\jakarta.enterprise.cdi-api-2.0.2.jar;C:\Users\pavel\.m2\repository\jakarta\el\jakarta.el-api\3.0.3\jakarta.el-api-3.0.3.jar;C:\Users\pavel\.m2\repository\jakarta\interceptor\jakarta.interceptor-api\1.2.5\jakarta.interceptor-api-1.2.5.jar;C:\Users\pavel\.m2\repository\jakarta\inject\jakarta.inject-api\1.0\jakarta.inject-api-1.0.jar;C:\Users\pavel\.m2\repository\io\quarkus\quarkus-ide-launcher\1.9.0.Final\quarkus-ide-launcher-1.9.0.Final.jar;C:\Users\pavel\.m2\repository\io\smallrye\config\smallrye-config\1.9.1\smallrye-config-1.9.1.jar;C:\Users\pavel\.m2\repository\io\smallrye\common\smallrye-common-annotation\1.4.0\smallrye-common-annotation-1.4.0.jar;C:\Users\pavel\.m2\repository\io\smallrye\config\smallrye-config-common\1.9.1\smallrye-config-common-1.9.1.jar;C:\Users\pavel\.m2\repository\io\smallrye\common\smallrye-common-expression\1.4.0\smallrye-common-expression-1.4.0.jar;C:\Users\pavel\.m2\repository\io\smallrye\common\smallrye-common-function\1.4.0\smallrye-common-function-1.4.0.jar;C:\Users\pavel\.m2\repository\io\smallrye\common\smallrye-common-constraint\1.4.0\smallrye-common-constraint-1.4.0.jar;C:\Users\pavel\.m2\repository\io\smallrye\common\smallrye-common-classloader\1.4.0\smallrye-common-classloader-1.4.0.jar;C:\Users\pavel\.m2\repository\org\jboss\logging\jboss-logging\3.4.1.Final\jboss-logging-3.4.1.Final.jar;C:\Users\pavel\.m2\repository\org\jboss\logmanager\jboss-logmanager-embedded\1.0.5\jboss-logmanager-embedded-1.0.5.jar;C:\Users\pavel\.m2\repository\org\jboss\logging\jboss-logging-annotations\2.1.0.Final\jboss-logging-annotations-2.1.0.Final.jar;C:\Users\pavel\.m2\repository\org\jboss\threads\jboss-threads\3.1.1.Final\jboss-threads-3.1.1.Final.jar;C:\Users\pavel\.m2\repository\org\slf4j\slf4j-api\1.7.30\slf4j-api-1.7.30.jar;C:\Users\pavel\.m2\repository\org\jboss\slf4j\slf4j-jboss-logging\1.2.0.Final\slf4j-jboss-logging-1.2.0.Final.jar;C:\Users\pavel\.m2\repository\org\graalvm\sdk\graal-sdk\20.2.0\graal-sdk-20.2.0.jar;C:\Users\pavel\.m2\repository\org\wildfly\common\wildfly-common\1.5.4.Final-format-001\wildfly-common-1.5.4.Final-format-001.jar;C:\Users\pavel\.m2\repository\io\quarkus\quarkus-bootstrap-runner\1.9.0.Final\quarkus-bootstrap-runner-1.9.0.Final.jar;C:\Users\pavel\.m2\repository\com\thoughtworks\xstream\xstream\1.4.13\xstream-1.4.13.jar;C:\Users\pavel\.m2\repository\xmlpull\xmlpull\1.1.3.1\xmlpull-1.1.3.1.jar;C:\Users\pavel\.m2\repository\xpp3\xpp3_min\1.1.4c\xpp3_min-1.1.4c.jar;C:\Users\pavel\.m2\repository\io\rest-assured\rest-assured\4.3.0\rest-assured-4.3.0.jar;C:\Users\pavel\.m2\repository\org\codehaus\groovy\groovy\3.0.2\groovy-3.0.2.jar;C:\Users\pavel\.m2\repository\org\codehaus\groovy\groovy-xml\3.0.2\groovy-xml-3.0.2.jar;C:\Users\pavel\.m2\repository\org\apache\httpcomponents\httpclient\4.5.13\httpclient-4.5.13.jar;C:\Users\pavel\.m2\repository\org\apache\httpcomponents\httpcore\4.4.13\httpcore-4.4.13.jar;C:\Users\pavel\.m2\repository\commons-codec\commons-codec\1.14\commons-codec-1.14.jar;C:\Users\pavel\.m2\repository\org\apache\httpcomponents\httpmime\4.5.13\httpmime-4.5.13.jar;C:\Users\pavel\.m2\repository\org\hamcrest\hamcrest\2.1\hamcrest-2.1.jar;C:\Users\pavel\.m2\repository\org\ccil\cowan\tagsoup\tagsoup\1.2.1\tagsoup-1.2.1.jar;C:\Users\pavel\.m2\repository\io\rest-assured\json-path\4.3.0\json-path-4.3.0.jar;C:\Users\pavel\.m2\repository\org\codehaus\groovy\groovy-json\3.0.2\groovy-json-3.0.2.jar;C:\Users\pavel\.m2\repository\io\rest-assured\rest-assured-common\4.3.0\rest-assured-common-4.3.0.jar;C:\Users\pavel\.m2\repository\io\rest-assured\xml-path\4.3.0\xml-path-4.3.0.jar;C:\Users\pavel\.m2\repository\org\apache\commons\commons-lang3\3.9\commons-lang3-3.9.jar;C:\Users\pavel\.m2\repository\jakarta\xml\bind\jakarta.xml.bind-api\2.3.2\jakarta.xml.bind-api-2.3.2.jar;C:\Users\pavel\.m2\repository\jakarta\activation\jakarta.activation-api\1.2.1\jakarta.activation-api-1.2.1.jar;C:\Users\pavel\.m2\repository\org\apache\sling\org.apache.sling.javax.activation\0.1.0\org.apache.sling.javax.activation-0.1.0.jar;"/>
    <property name="sun.cpu.endian" value="little"/>
    <property name="user.home" value="C:\Users\pavel"/>
    <property name="user.language" value="ru"/>
    <property name="java.specification.vendor" value="Oracle Corporation"/>
    <property name="io.netty.allocator.maxOrder" value="1"/>
    <property name="java.version.date" value="2019-01-15"/>
    <property name="java.home" value="C:\Program Files\Java\jdk-11.0.2"/>
    <property name="file.separator" value="\"/>
    <property name="basedir" value="C:\Users\pavel\Documents\NetBeansProjects\quarkus-quickstarts\getting-started"/>
    <property name="java.vm.compressedOopsMode" value="Zero based"/>
    <property name="line.separator" value="&#10;"/>
    <property name="java.specification.name" value="Java Platform API Specification"/>
    <property name="java.vm.specification.vendor" value="Oracle Corporation"/>
    <property name="java.awt.graphicsenv" value="sun.awt.Win32GraphicsEnvironment"/>
    <property name="surefire.real.class.path" value="C:\Users\pavel\AppData\Local\Temp\surefire10083738203791261952\surefirebooter9993462040727471165.jar"/>
    <property name="user.script" value=""/>
    <property name="sun.management.compiler" value="HotSpot 64-Bit Tiered Compilers"/>
    <property name="java.runtime.version" value="11.0.2+9"/>
    <property name="user.name" value="pavel"/>
    <property name="path.separator" value=";"/>
    <property name="os.version" value="10.0"/>
    <property name="java.runtime.name" value="OpenJDK Runtime Environment"/>
    <property name="file.encoding" value="Cp1251"/>
    <property name="sun.nio.ch.bugLevel" value=""/>
    <property name="java.vm.name" value="OpenJDK 64-Bit Server VM"/>
    <property name="java.vendor.version" value="18.9"/>
    <property name="maven.ext.class.path" value="C:\Program Files\NetBeans-12.0\netbeans\java\maven-nblib\netbeans-eventspy.jar"/>
    <property name="io.netty.noJdkZlibDecoder" value="false"/>
    <property name="localRepository" value="C:\Users\pavel\.m2\repository"/>
    <property name="java.vendor.url.bug" value="http://bugreport.java.com/bugreport/"/>
    <property name="java.io.tmpdir" value="C:\Users\pavel\AppData\Local\Temp\"/>
    <property name="quarkus.log.file.path" value="target\quarkus.log"/>
    <property name="java.version" value="11.0.2"/>
    <property name="user.dir" value="C:\Users\pavel\Documents\NetBeansProjects\quarkus-quickstarts\getting-started"/>
    <property name="os.arch" value="amd64"/>
    <property name="java.vm.specification.name" value="Java Virtual Machine Specification"/>
    <property name="vertx.disableDnsResolver" value="true"/>
    <property name="java.awt.printerjob" value="sun.awt.windows.WPrinterJob"/>
    <property name="sun.os.patch.level" value=""/>
    <property name="java.util.logging.manager" value="org.jboss.logmanager.LogManager"/>
    <property name="java.library.path" value="C:\Program Files\Java\jdk-11.0.2\bin;C:\Windows\Sun\Java\bin;C:\Windows\system32;C:\Windows;C:\Program Files (x86)\Common Files\Oracle\Java\javapath;C:\Program Files\maven\\bin;C:\PuTTY\;C:\Program Files\Java\java-1.8.0-openjdk-1.8.0.242-3\bin;C:\CGAL-5.0.2\auxiliary\gmp\lib;C:\Users\pavel\AppData\Local\Microsoft\WindowsApps;;C:\Users\pavel\AppData\Local\Programs\Microsoft VS Code\bin;."/>
    <property name="java.vendor" value="Oracle Corporation"/>
    <property name="java.vm.info" value="mixed mode"/>
    <property name="java.vm.version" value="11.0.2+9"/>
    <property name="sun.io.unicode.encoding" value="UnicodeLittle"/>
    <property name="io.netty.machineId" value="4c:11:76:92:2d:3a:9c:18"/>
    <property name="java.class.version" value="55.0"/>
  </properties>
  <testcase name="testHelloEndpoint" classname="org.acme.getting.started.GreetingResourceTest" time="1.716">
    <system-out><![CDATA[Downloading from central: https://repo.maven.apache.org/maven2/io/quarkus/quarkus-resteasy-deployment/1.9.0.Final/quarkus-resteasy-deployment-1.9.0.Final.pom
Progress (1): quarkus-resteasy-deployment-1.9.0.Final.pom (2.7/3.8 kB)Progress (1): quarkus-resteasy-deployment-1.9.0.Final.pom (3.8 kB)                                                                      Downloaded from central: https://repo.maven.apache.org/maven2/io/quarkus/quarkus-resteasy-deployment/1.9.0.Final/quarkus-resteasy-deployment-1.9.0.Final.pom (3.8 kB at 5.9 kB/s)
Downloading from central: https://repo.maven.apache.org/maven2/io/quarkus/quarkus-resteasy-server-common-deployment/1.9.0.Final/quarkus-resteasy-server-common-deployment-1.9.0.Final.pom
Progress (1): quarkus-resteasy-server-common-deployment-1.9.0.Final.pom (2.2 kB)                                                                                Downloaded from central: https://repo.maven.apache.org/maven2/io/quarkus/quarkus-resteasy-server-common-deployment/1.9.0.Final/quarkus-resteasy-server-common-deployment-1.9.0.Final.pom (2.2 kB at 16 kB/s)
Downloading from central: https://repo.maven.apache.org/maven2/org/jsoup/jsoup/1.11.3/jsoup-1.11.3.pom
Progress (1): jsoup-1.11.3.pom (2.7/8.3 kB)Progress (1): jsoup-1.11.3.pom (5.5/8.3 kB)Progress (1): jsoup-1.11.3.pom (8.2/8.3 kB)Progress (1): jsoup-1.11.3.pom (8.3 kB)                                           Downloaded from central: https://repo.maven.apache.org/maven2/org/jsoup/jsoup/1.11.3/jsoup-1.11.3.pom (8.3 kB at 62 kB/s)
Downloading from central: https://repo.maven.apache.org/maven2/io/quarkus/quarkus-resteasy-common-deployment/1.9.0.Final/quarkus-resteasy-common-deployment-1.9.0.Final.pom
Progress (1): quarkus-resteasy-common-deployment-1.9.0.Final.pom (1.9 kB)                                                                         Downloaded from central: https://repo.maven.apache.org/maven2/io/quarkus/quarkus-resteasy-common-deployment/1.9.0.Final/quarkus-resteasy-common-deployment-1.9.0.Final.pom (1.9 kB at 14 kB/s)
Downloading from central: https://repo.maven.apache.org/maven2/io/quarkus/quarkus-resteasy-common-spi/1.9.0.Final/quarkus-resteasy-common-spi-1.9.0.Final.pom
Progress (1): quarkus-resteasy-common-spi-1.9.0.Final.pom (817 B)                                                                 Downloaded from central: https://repo.maven.apache.org/maven2/io/quarkus/quarkus-resteasy-common-spi/1.9.0.Final/quarkus-resteasy-common-spi-1.9.0.Final.pom (817 B at 6.2 kB/s)
Downloading from central: https://repo.maven.apache.org/maven2/io/quarkus/quarkus-arc-deployment/1.9.0.Final/quarkus-arc-deployment-1.9.0.Final.pom
Progress (1): quarkus-arc-deployment-1.9.0.Final.pom (1.6 kB)                                                             Downloaded from central: https://repo.maven.apache.org/maven2/io/quarkus/quarkus-arc-deployment/1.9.0.Final/quarkus-arc-deployment-1.9.0.Final.pom (1.6 kB at 12 kB/s)
Downloading from central: https://repo.maven.apache.org/maven2/io/quarkus/arc/arc-processor/1.9.0.Final/arc-processor-1.9.0.Final.pom
Progress (1): arc-processor-1.9.0.Final.pom (1.8 kB)                                                    Downloaded from central: https://repo.maven.apache.org/maven2/io/quarkus/arc/arc-processor/1.9.0.Final/arc-processor-1.9.0.Final.pom (1.8 kB at 13 kB/s)
Downloading from central: https://repo.maven.apache.org/maven2/io/quarkus/quarkus-resteasy-server-common-spi/1.9.0.Final/quarkus-resteasy-server-common-spi-1.9.0.Final.pom
Progress (1): quarkus-resteasy-server-common-spi-1.9.0.Final.pom (889 B)                                                                        Downloaded from central: https://repo.maven.apache.org/maven2/io/quarkus/quarkus-resteasy-server-common-spi/1.9.0.Final/quarkus-resteasy-server-common-spi-1.9.0.Final.pom (889 B at 7.3 kB/s)
Downloading from central: https://repo.maven.apache.org/maven2/io/quarkus/quarkus-undertow-spi/1.9.0.Final/quarkus-undertow-spi-1.9.0.Final.pom
Progress (1): quarkus-undertow-spi-1.9.0.Final.pom (2.0 kB)                                                           Downloaded from central: https://repo.maven.apache.org/maven2/io/quarkus/quarkus-undertow-spi/1.9.0.Final/quarkus-undertow-spi-1.9.0.Final.pom (2.0 kB at 17 kB/s)
Downloading from central: https://repo.maven.apache.org/maven2/io/quarkus/quarkus-http-parent/1.9.0.Final/quarkus-http-parent-1.9.0.Final.pom
Progress (1): quarkus-http-parent-1.9.0.Final.pom (769 B)                                                         Downloaded from central: https://repo.maven.apache.org/maven2/io/quarkus/quarkus-http-parent/1.9.0.Final/quarkus-http-parent-1.9.0.Final.pom (769 B at 6.1 kB/s)
Downloading from central: https://repo.maven.apache.org/maven2/io/quarkus/http/quarkus-http-servlet/3.0.15.Final/quarkus-http-servlet-3.0.15.Final.pom
Progress (1): quarkus-http-servlet-3.0.15.Final.pom (2.7/19 kB)Progress (1): quarkus-http-servlet-3.0.15.Final.pom (5.5/19 kB)Progress (1): quarkus-http-servlet-3.0.15.Final.pom (8.2/19 kB)Progress (1): quarkus-http-servlet-3.0.15.Final.pom (11/19 kB) Progress (1): quarkus-http-servlet-3.0.15.Final.pom (14/19 kB)Progress (1): quarkus-http-servlet-3.0.15.Final.pom (16/19 kB)Progress (1): quarkus-http-servlet-3.0.15.Final.pom (19/19 kB)Progress (1): quarkus-http-servlet-3.0.15.Final.pom (19 kB)                                                              Downloaded from central: https://repo.maven.apache.org/maven2/io/quarkus/http/quarkus-http-servlet/3.0.15.Final/quarkus-http-servlet-3.0.15.Final.pom (19 kB at 106 kB/s)
Downloading from central: https://repo.maven.apache.org/maven2/io/quarkus/http/quarkus-http-parent/3.0.15.Final/quarkus-http-parent-3.0.15.Final.pom
Progress (1): quarkus-http-parent-3.0.15.Final.pom (2.7/29 kB)Progress (1): quarkus-http-parent-3.0.15.Final.pom (5.5/29 kB)Progress (1): quarkus-http-parent-3.0.15.Final.pom (8.2/29 kB)Progress (1): quarkus-http-parent-3.0.15.Final.pom (11/29 kB) Progress (1): quarkus-http-parent-3.0.15.Final.pom (14/29 kB)Progress (1): quarkus-http-parent-3.0.15.Final.pom (16/29 kB)Progress (1): quarkus-http-parent-3.0.15.Final.pom (19/29 kB)Progress (1): quarkus-http-parent-3.0.15.Final.pom (22/29 kB)Progress (1): quarkus-http-parent-3.0.15.Final.pom (25/29 kB)Progress (1): quarkus-http-parent-3.0.15.Final.pom (27/29 kB)Progress (1): quarkus-http-parent-3.0.15.Final.pom (29 kB)                                                             Downloaded from central: https://repo.maven.apache.org/maven2/io/quarkus/http/quarkus-http-parent/3.0.15.Final/quarkus-http-parent-3.0.15.Final.pom (29 kB at 205 kB/s)
Downloading from central: https://repo.maven.apache.org/maven2/org/jboss/jboss-parent/28/jboss-parent-28.pom
Progress (1): jboss-parent-28.pom (2.7/35 kB)Progress (1): jboss-parent-28.pom (5.5/35 kB)Progress (1): jboss-parent-28.pom (8.2/35 kB)Progress (1): jboss-parent-28.pom (11/35 kB) Progress (1): jboss-parent-28.pom (14/35 kB)Progress (1): jboss-parent-28.pom (16/35 kB)Progress (1): jboss-parent-28.pom (19/35 kB)Progress (1): jboss-parent-28.pom (22/35 kB)Progress (1): jboss-parent-28.pom (25/35 kB)Progress (1): jboss-parent-28.pom (27/35 kB)Progress (1): jboss-parent-28.pom (30/35 kB)Progress (1): jboss-parent-28.pom (33/35 kB)Progress (1): jboss-parent-28.pom (35 kB)                                            Downloaded from central: https://repo.maven.apache.org/maven2/org/jboss/jboss-parent/28/jboss-parent-28.pom (35 kB at 247 kB/s)
Downloading from central: https://repo.maven.apache.org/maven2/io/quarkus/http/quarkus-http-core/3.0.15.Final/quarkus-http-core-3.0.15.Final.pom
Progress (1): quarkus-http-core-3.0.15.Final.pom (2.7/27 kB)Progress (1): quarkus-http-core-3.0.15.Final.pom (5.5/27 kB)Progress (1): quarkus-http-core-3.0.15.Final.pom (8.2/27 kB)Progress (1): quarkus-http-core-3.0.15.Final.pom (11/27 kB) Progress (1): quarkus-http-core-3.0.15.Final.pom (14/27 kB)Progress (1): quarkus-http-core-3.0.15.Final.pom (16/27 kB)Progress (1): quarkus-http-core-3.0.15.Final.pom (19/27 kB)Progress (1): quarkus-http-core-3.0.15.Final.pom (22/27 kB)Progress (1): quarkus-http-core-3.0.15.Final.pom (25/27 kB)Progress (1): quarkus-http-core-3.0.15.Final.pom (27 kB)                                                           Downloaded from central: https://repo.maven.apache.org/maven2/io/quarkus/http/quarkus-http-core/3.0.15.Final/quarkus-http-core-3.0.15.Final.pom (27 kB at 214 kB/s)
Downloading from central: https://repo.maven.apache.org/maven2/io/quarkus/http/quarkus-http-http-core/3.0.15.Final/quarkus-http-http-core-3.0.15.Final.pom
Progress (1): quarkus-http-http-core-3.0.15.Final.pom (2.7/4.9 kB)Progress (1): quarkus-http-http-core-3.0.15.Final.pom (4.9 kB)                                                                  Downloaded from central: https://repo.maven.apache.org/maven2/io/quarkus/http/quarkus-http-http-core/3.0.15.Final/quarkus-http-http-core-3.0.15.Final.pom (4.9 kB at 35 kB/s)
Downloading from central: https://repo.maven.apache.org/maven2/jakarta/servlet/jakarta.servlet-api/4.0.3/jakarta.servlet-api-4.0.3.pom
Progress (1): jakarta.servlet-api-4.0.3.pom (2.7/17 kB)Progress (1): jakarta.servlet-api-4.0.3.pom (5.5/17 kB)Progress (1): jakarta.servlet-api-4.0.3.pom (8.2/17 kB)Progress (1): jakarta.servlet-api-4.0.3.pom (11/17 kB) Progress (1): jakarta.servlet-api-4.0.3.pom (14/17 kB)Progress (1): jakarta.servlet-api-4.0.3.pom (16/17 kB)Progress (1): jakarta.servlet-api-4.0.3.pom (17 kB)                                                      Downloaded from central: https://repo.maven.apache.org/maven2/jakarta/servlet/jakarta.servlet-api/4.0.3/jakarta.servlet-api-4.0.3.pom (17 kB at 128 kB/s)
Downloading from central: https://repo.maven.apache.org/maven2/org/jboss/metadata/jboss-metadata-web/11.0.0.Final/jboss-metadata-web-11.0.0.Final.pom
Progress (1): jboss-metadata-web-11.0.0.Final.pom (2.7/4.7 kB)Progress (1): jboss-metadata-web-11.0.0.Final.pom (4.7 kB)                                                              Downloaded from central: https://repo.maven.apache.org/maven2/org/jboss/metadata/jboss-metadata-web/11.0.0.Final/jboss-metadata-web-11.0.0.Final.pom (4.7 kB at 34 kB/s)
Downloading from central: https://repo.maven.apache.org/maven2/org/jboss/metadata/jboss-as-parent-metadata/11.0.0.Final/jboss-as-parent-metadata-11.0.0.Final.pom
Progress (1): jboss-as-parent-metadata-11.0.0.Final.pom (2.7/17 kB)Progress (1): jboss-as-parent-metadata-11.0.0.Final.pom (5.5/17 kB)Progress (1): jboss-as-parent-metadata-11.0.0.Final.pom (8.2/17 kB)Progress (1): jboss-as-parent-metadata-11.0.0.Final.pom (11/17 kB) Progress (1): jboss-as-parent-metadata-11.0.0.Final.pom (14/17 kB)Progress (1): jboss-as-parent-metadata-11.0.0.Final.pom (16/17 kB)Progress (1): jboss-as-parent-metadata-11.0.0.Final.pom (17 kB)                                                                  Downloaded from central: https://repo.maven.apache.org/maven2/org/jboss/metadata/jboss-as-parent-metadata/11.0.0.Final/jboss-as-parent-metadata-11.0.0.Final.pom (17 kB at 133 kB/s)
Downloading from central: https://repo.maven.apache.org/maven2/org/jboss/jboss-parent/16/jboss-parent-16.pom
Progress (1): jboss-parent-16.pom (2.7/32 kB)Progress (1): jboss-parent-16.pom (5.5/32 kB)Progress (1): jboss-parent-16.pom (8.2/32 kB)Progress (1): jboss-parent-16.pom (11/32 kB) Progress (1): jboss-parent-16.pom (14/32 kB)Progress (1): jboss-parent-16.pom (16/32 kB)Progress (1): jboss-parent-16.pom (19/32 kB)Progress (1): jboss-parent-16.pom (22/32 kB)Progress (1): jboss-parent-16.pom (25/32 kB)Progress (1): jboss-parent-16.pom (27/32 kB)Progress (1): jboss-parent-16.pom (30/32 kB)Progress (1): jboss-parent-16.pom (32 kB)                                            Downloaded from central: https://repo.maven.apache.org/maven2/org/jboss/jboss-parent/16/jboss-parent-16.pom (32 kB at 237 kB/s)
Downloading from central: https://repo.maven.apache.org/maven2/org/jboss/metadata/jboss-metadata-common/11.0.0.Final/jboss-metadata-common-11.0.0.Final.pom
Progress (1): jboss-metadata-common-11.0.0.Final.pom (4.0 kB)                                                             Downloaded from central: https://repo.maven.apache.org/maven2/org/jboss/metadata/jboss-metadata-common/11.0.0.Final/jboss-metadata-common-11.0.0.Final.pom (4.0 kB at 32 kB/s)
Downloading from central: https://repo.maven.apache.org/maven2/io/quarkus/quarkus-vertx-http-deployment/1.9.0.Final/quarkus-vertx-http-deployment-1.9.0.Final.pom
Progress (1): quarkus-vertx-http-deployment-1.9.0.Final.pom (3.0 kB)                                                                    Downloaded from central: https://repo.maven.apache.org/maven2/io/quarkus/quarkus-vertx-http-deployment/1.9.0.Final/quarkus-vertx-http-deployment-1.9.0.Final.pom (3.0 kB at 20 kB/s)
Downloading from central: https://repo.maven.apache.org/maven2/io/quarkus/quarkus-vertx-core-deployment/1.9.0.Final/quarkus-vertx-core-deployment-1.9.0.Final.pom
Progress (1): quarkus-vertx-core-deployment-1.9.0.Final.pom (2.4 kB)                                                                    Downloaded from central: https://repo.maven.apache.org/maven2/io/quarkus/quarkus-vertx-core-deployment/1.9.0.Final/quarkus-vertx-core-deployment-1.9.0.Final.pom (2.4 kB at 17 kB/s)
Downloading from central: https://repo.maven.apache.org/maven2/io/quarkus/quarkus-netty-deployment/1.9.0.Final/quarkus-netty-deployment-1.9.0.Final.pom
Progress (1): quarkus-netty-deployment-1.9.0.Final.pom (1.6 kB)                                                               Downloaded from central: https://repo.maven.apache.org/maven2/io/quarkus/quarkus-netty-deployment/1.9.0.Final/quarkus-netty-deployment-1.9.0.Final.pom (1.6 kB at 13 kB/s)
Downloading from central: https://repo.maven.apache.org/maven2/io/quarkus/quarkus-kubernetes-spi/1.9.0.Final/quarkus-kubernetes-spi-1.9.0.Final.pom
Progress (1): quarkus-kubernetes-spi-1.9.0.Final.pom (1.2 kB)                                                             Downloaded from central: https://repo.maven.apache.org/maven2/io/quarkus/quarkus-kubernetes-spi/1.9.0.Final/quarkus-kubernetes-spi-1.9.0.Final.pom (1.2 kB at 9.6 kB/s)
Downloading from central: https://repo.maven.apache.org/maven2/io/quarkus/quarkus-kubernetes-parent/1.9.0.Final/quarkus-kubernetes-parent-1.9.0.Final.pom
Progress (1): quarkus-kubernetes-parent-1.9.0.Final.pom (809 B)                                                               Downloaded from central: https://repo.maven.apache.org/maven2/io/quarkus/quarkus-kubernetes-parent/1.9.0.Final/quarkus-kubernetes-parent-1.9.0.Final.pom (809 B at 5.9 kB/s)
Downloading from central: https://repo.maven.apache.org/maven2/io/quarkus/quarkus-security-spi/1.9.0.Final/quarkus-security-spi-1.9.0.Final.pom
Progress (1): quarkus-security-spi-1.9.0.Final.pom (1.4 kB)                                                           Downloaded from central: https://repo.maven.apache.org/maven2/io/quarkus/quarkus-security-spi/1.9.0.Final/quarkus-security-spi-1.9.0.Final.pom (1.4 kB at 11 kB/s)
Downloading from central: https://repo.maven.apache.org/maven2/io/quarkus/quarkus-resteasy-common-deployment/1.9.0.Final/quarkus-resteasy-common-deployment-1.9.0.Final.jar
Downloading from central: https://repo.maven.apache.org/maven2/io/quarkus/quarkus-resteasy-server-common-spi/1.9.0.Final/quarkus-resteasy-server-common-spi-1.9.0.Final.jar
Downloading from central: https://repo.maven.apache.org/maven2/io/quarkus/quarkus-resteasy-common-spi/1.9.0.Final/quarkus-resteasy-common-spi-1.9.0.Final.jar
Downloading from central: https://repo.maven.apache.org/maven2/io/quarkus/quarkus-resteasy-server-common-deployment/1.9.0.Final/quarkus-resteasy-server-common-deployment-1.9.0.Final.jar
Downloading from central: https://repo.maven.apache.org/maven2/io/quarkus/http/quarkus-http-http-core/3.0.15.Final/quarkus-http-http-core-3.0.15.Final.jar
Progress (1): quarkus-resteasy-common-spi-1.9.0.Final.jar (4.1/9.1 kB)Progress (1): quarkus-resteasy-common-spi-1.9.0.Final.jar (8.2/9.1 kB)Progress (1): quarkus-resteasy-common-spi-1.9.0.Final.jar (9.1 kB)                                                                      Downloaded from central: https://repo.maven.apache.org/maven2/io/quarkus/quarkus-resteasy-common-spi/1.9.0.Final/quarkus-resteasy-common-spi-1.9.0.Final.jar (9.1 kB at 68 kB/s)
Downloading from central: https://repo.maven.apache.org/maven2/io/quarkus/http/quarkus-http-core/3.0.15.Final/quarkus-http-core-3.0.15.Final.jar
Progress (1): quarkus-http-http-core-3.0.15.Final.jar (2.7/39 kB)Progress (1): quarkus-http-http-core-3.0.15.Final.jar (5.5/39 kB)Progress (1): quarkus-http-http-core-3.0.15.Final.jar (8.2/39 kB)Progress (1): quarkus-http-http-core-3.0.15.Final.jar (11/39 kB) Progress (2): quarkus-http-http-core-3.0.15.Final.jar (11/39 kB) | quarkus-resteasy-server-common-deployment-1.9.0.Final.jar (2.7/29 kB)Progress (2): quarkus-http-http-core-3.0.15.Final.jar (11/39 kB) | quarkus-resteasy-server-common-deployment-1.9.0.Final.jar (5.5/29 kB)Progress (3): quarkus-http-http-core-3.0.15.Final.jar (11/39 kB) | quarkus-resteasy-server-common-deployment-1.9.0.Final.jar (5.5/29 kB) | quarkus-resteasy-server-common-spi-1.9.0.Final.jar (2.7/6.3 kB)Progress (3): quarkus-http-http-core-3.0.15.Final.jar (11/39 kB) | quarkus-resteasy-server-common-deployment-1.9.0.Final.jar (8.2/29 kB) | quarkus-resteasy-server-common-spi-1.9.0.Final.jar (2.7/6.3 kB)Progress (3): quarkus-http-http-core-3.0.15.Final.jar (11/39 kB) | quarkus-resteasy-server-common-deployment-1.9.0.Final.jar (8.2/29 kB) | quarkus-resteasy-server-common-spi-1.9.0.Final.jar (5.5/6.3 kB)Progress (3): quarkus-http-http-core-3.0.15.Final.jar (11/39 kB) | quarkus-resteasy-server-common-deployment-1.9.0.Final.jar (11/29 kB) | quarkus-resteasy-server-common-spi-1.9.0.Final.jar (5.5/6.3 kB) Progress (3): quarkus-http-http-core-3.0.15.Final.jar (11/39 kB) | quarkus-resteasy-server-common-deployment-1.9.0.Final.jar (11/29 kB) | quarkus-resteasy-server-common-spi-1.9.0.Final.jar (6.3 kB)    Progress (4): quarkus-http-http-core-3.0.15.Final.jar (11/39 kB) | quarkus-resteasy-server-common-deployment-1.9.0.Final.jar (11/29 kB) | quarkus-resteasy-server-common-spi-1.9.0.Final.jar (6.3 kB) | quarkus-resteasy-common-deployment-1.9.0.Final.jar (2.7/20 kB)Progress (4): quarkus-http-http-core-3.0.15.Final.jar (11/39 kB) | quarkus-resteasy-server-common-deployment-1.9.0.Final.jar (11/29 kB) | quarkus-resteasy-server-common-spi-1.9.0.Final.jar (6.3 kB) | quarkus-resteasy-common-deployment-1.9.0.Final.jar (5.5/20 kB)Progress (4): quarkus-http-http-core-3.0.15.Final.jar (11/39 kB) | quarkus-resteasy-server-common-deployment-1.9.0.Final.jar (11/29 kB) | quarkus-resteasy-server-common-spi-1.9.0.Final.jar (6.3 kB) | quarkus-resteasy-common-deployment-1.9.0.Final.jar (8.2/20 kB)Progress (4): quarkus-http-http-core-3.0.15.Final.jar (11/39 kB) | quarkus-resteasy-server-common-deployment-1.9.0.Final.jar (11/29 kB) | quarkus-resteasy-server-common-spi-1.9.0.Final.jar (6.3 kB) | quarkus-resteasy-common-deployment-1.9.0.Final.jar (11/20 kB) Progress (5): quarkus-http-http-core-3.0.15.Final.jar (11/39 kB) | quarkus-resteasy-server-common-deployment-1.9.0.Final.jar (11/29 kB) | quarkus-resteasy-server-common-spi-1.9.0.Final.jar (6.3 kB) | quarkus-resteasy-common-deployment-1.9.0.Final.jar (11/20 kB) | quarkus-http-core-3.0.15.Final.jar (8.2/932 kB)Progress (5): quarkus-http-http-core-3.0.15.Final.jar (11/39 kB) | quarkus-resteasy-server-common-deployment-1.9.0.Final.jar (11/29 kB) | quarkus-resteasy-server-common-spi-1.9.0.Final.jar (6.3 kB) | quarkus-resteasy-common-deployment-1.9.0.Final.jar (11/20 kB) | quarkus-http-core-3.0.15.Final.jar (16/932 kB) Progress (5): quarkus-http-http-core-3.0.15.Final.jar (11/39 kB) | quarkus-resteasy-server-common-deployment-1.9.0.Final.jar (11/29 kB) | quarkus-resteasy-server-common-spi-1.9.0.Final.jar (6.3 kB) | quarkus-resteasy-common-deployment-1.9.0.Final.jar (11/20 kB) | quarkus-http-core-3.0.15.Final.jar (25/932 kB)Progress (5): quarkus-http-http-core-3.0.15.Final.jar (14/39 kB) | quarkus-resteasy-server-common-deployment-1.9.0.Final.jar (11/29 kB) | quarkus-resteasy-server-common-spi-1.9.0.Final.jar (6.3 kB) | quarkus-resteasy-common-deployment-1.9.0.Final.jar (11/20 kB) | quarkus-http-core-3.0.15.Final.jar (25/932 kB)Progress (5): quarkus-http-http-core-3.0.15.Final.jar (14/39 kB) | quarkus-resteasy-server-common-deployment-1.9.0.Final.jar (11/29 kB) | quarkus-resteasy-server-common-spi-1.9.0.Final.jar (6.3 kB) | quarkus-resteasy-common-deployment-1.9.0.Final.jar (11/20 kB) | quarkus-http-core-3.0.15.Final.jar (33/932 kB)Progress (5): quarkus-http-http-core-3.0.15.Final.jar (16/39 kB) | quarkus-resteasy-server-common-deployment-1.9.0.Final.jar (11/29 kB) | quarkus-resteasy-server-common-spi-1.9.0.Final.jar (6.3 kB) | quarkus-resteasy-common-deployment-1.9.0.Final.jar (11/20 kB) | quarkus-http-core-3.0.15.Final.jar (33/932 kB)Progress (5): quarkus-http-http-core-3.0.15.Final.jar (19/39 kB) | quarkus-resteasy-server-common-deployment-1.9.0.Final.jar (11/29 kB) | quarkus-resteasy-server-common-spi-1.9.0.Final.jar (6.3 kB) | quarkus-resteasy-common-deployment-1.9.0.Final.jar (11/20 kB) | quarkus-http-core-3.0.15.Final.jar (33/932 kB)Progress (5): quarkus-http-http-core-3.0.15.Final.jar (22/39 kB) | quarkus-resteasy-server-common-deployment-1.9.0.Final.jar (11/29 kB) | quarkus-resteasy-server-common-spi-1.9.0.Final.jar (6.3 kB) | quarkus-resteasy-common-deployment-1.9.0.Final.jar (11/20 kB) | quarkus-http-core-3.0.15.Final.jar (33/932 kB)Progress (5): quarkus-http-http-core-3.0.15.Final.jar (25/39 kB) | quarkus-resteasy-server-common-deployment-1.9.0.Final.jar (11/29 kB) | quarkus-resteasy-server-common-spi-1.9.0.Final.jar (6.3 kB) | quarkus-resteasy-common-deployment-1.9.0.Final.jar (11/20 kB) | quarkus-http-core-3.0.15.Final.jar (33/932 kB)Progress (5): quarkus-http-http-core-3.0.15.Final.jar (25/39 kB) | quarkus-resteasy-server-common-deployment-1.9.0.Final.jar (11/29 kB) | quarkus-resteasy-server-common-spi-1.9.0.Final.jar (6.3 kB) | quarkus-resteasy-common-deployment-1.9.0.Final.jar (11/20 kB) | quarkus-http-core-3.0.15.Final.jar (41/932 kB)Progress (5): quarkus-http-http-core-3.0.15.Final.jar (27/39 kB) | quarkus-resteasy-server-common-deployment-1.9.0.Final.jar (11/29 kB) | quarkus-resteasy-server-common-spi-1.9.0.Final.jar (6.3 kB) | quarkus-resteasy-common-deployment-1.9.0.Final.jar (11/20 kB) | quarkus-http-core-3.0.15.Final.jar (41/932 kB)Progress (5): quarkus-http-http-core-3.0.15.Final.jar (27/39 kB) | quarkus-resteasy-server-common-deployment-1.9.0.Final.jar (11/29 kB) | quarkus-resteasy-server-common-spi-1.9.0.Final.jar (6.3 kB) | quarkus-resteasy-common-deployment-1.9.0.Final.jar (11/20 kB) | quarkus-http-core-3.0.15.Final.jar (49/932 kB)Progress (5): quarkus-http-http-core-3.0.15.Final.jar (30/39 kB) | quarkus-resteasy-server-common-deployment-1.9.0.Final.jar (11/29 kB) | quarkus-resteasy-server-common-spi-1.9.0.Final.jar (6.3 kB) | quarkus-resteasy-common-deployment-1.9.0.Final.jar (11/20 kB) | quarkus-http-core-3.0.15.Final.jar (49/932 kB)Progress (5): quarkus-http-http-core-3.0.15.Final.jar (30/39 kB) | quarkus-resteasy-server-common-deployment-1.9.0.Final.jar (14/29 kB) | quarkus-resteasy-server-common-spi-1.9.0.Final.jar (6.3 kB) | quarkus-resteasy-common-deployment-1.9.0.Final.jar (11/20 kB) | quarkus-http-core-3.0.15.Final.jar (49/932 kB)Progress (5): quarkus-http-http-core-3.0.15.Final.jar (33/39 kB) | quarkus-resteasy-server-common-deployment-1.9.0.Final.jar (14/29 kB) | quarkus-resteasy-server-common-spi-1.9.0.Final.jar (6.3 kB) | quarkus-resteasy-common-deployment-1.9.0.Final.jar (11/20 kB) | quarkus-http-core-3.0.15.Final.jar (49/932 kB)Progress (5): quarkus-http-http-core-3.0.15.Final.jar (33/39 kB) | quarkus-resteasy-server-common-deployment-1.9.0.Final.jar (16/29 kB) | quarkus-resteasy-server-common-spi-1.9.0.Final.jar (6.3 kB) | quarkus-resteasy-common-deployment-1.9.0.Final.jar (11/20 kB) | quarkus-http-core-3.0.15.Final.jar (49/932 kB)Progress (5): quarkus-http-http-core-3.0.15.Final.jar (36/39 kB) | quarkus-resteasy-server-common-deployment-1.9.0.Final.jar (16/29 kB) | quarkus-resteasy-server-common-spi-1.9.0.Final.jar (6.3 kB) | quarkus-resteasy-common-deployment-1.9.0.Final.jar (11/20 kB) | quarkus-http-core-3.0.15.Final.jar (49/932 kB)Progress (5): quarkus-http-http-core-3.0.15.Final.jar (36/39 kB) | quarkus-resteasy-server-common-deployment-1.9.0.Final.jar (19/29 kB) | quarkus-resteasy-server-common-spi-1.9.0.Final.jar (6.3 kB) | quarkus-resteasy-common-deployment-1.9.0.Final.jar (11/20 kB) | quarkus-http-core-3.0.15.Final.jar (49/932 kB)Progress (5): quarkus-http-http-core-3.0.15.Final.jar (38/39 kB) | quarkus-resteasy-server-common-deployment-1.9.0.Final.jar (19/29 kB) | quarkus-resteasy-server-common-spi-1.9.0.Final.jar (6.3 kB) | quarkus-resteasy-common-deployment-1.9.0.Final.jar (11/20 kB) | quarkus-http-core-3.0.15.Final.jar (49/932 kB)Progress (5): quarkus-http-http-core-3.0.15.Final.jar (38/39 kB) | quarkus-resteasy-server-common-deployment-1.9.0.Final.jar (22/29 kB) | quarkus-resteasy-server-common-spi-1.9.0.Final.jar (6.3 kB) | quarkus-resteasy-common-deployment-1.9.0.Final.jar (11/20 kB) | quarkus-http-core-3.0.15.Final.jar (49/932 kB)Progress (5): quarkus-http-http-core-3.0.15.Final.jar (39 kB) | quarkus-resteasy-server-common-deployment-1.9.0.Final.jar (22/29 kB) | quarkus-resteasy-server-common-spi-1.9.0.Final.jar (6.3 kB) | quarkus-resteasy-common-deployment-1.9.0.Final.jar (11/20 kB) | quarkus-http-core-3.0.15.Final.jar (49/932 kB)   Progress (5): quarkus-http-http-core-3.0.15.Final.jar (39 kB) | quarkus-resteasy-server-common-deployment-1.9.0.Final.jar (25/29 kB) | quarkus-resteasy-server-common-spi-1.9.0.Final.jar (6.3 kB) | quarkus-resteasy-common-deployment-1.9.0.Final.jar (11/20 kB) | quarkus-http-core-3.0.15.Final.jar (49/932 kB)Progress (5): quarkus-http-http-core-3.0.15.Final.jar (39 kB) | quarkus-resteasy-server-common-deployment-1.9.0.Final.jar (27/29 kB) | quarkus-resteasy-server-common-spi-1.9.0.Final.jar (6.3 kB) | quarkus-resteasy-common-deployment-1.9.0.Final.jar (11/20 kB) | quarkus-http-core-3.0.15.Final.jar (49/932 kB)Progress (5): quarkus-http-http-core-3.0.15.Final.jar (39 kB) | quarkus-resteasy-server-common-deployment-1.9.0.Final.jar (29 kB) | quarkus-resteasy-server-common-spi-1.9.0.Final.jar (6.3 kB) | quarkus-resteasy-common-deployment-1.9.0.Final.jar (11/20 kB) | quarkus-http-core-3.0.15.Final.jar (49/932 kB)   Progress (5): quarkus-http-http-core-3.0.15.Final.jar (39 kB) | quarkus-resteasy-server-common-deployment-1.9.0.Final.jar (29 kB) | quarkus-resteasy-server-common-spi-1.9.0.Final.jar (6.3 kB) | quarkus-resteasy-common-deployment-1.9.0.Final.jar (14/20 kB) | quarkus-http-core-3.0.15.Final.jar (49/932 kB)Progress (5): quarkus-http-http-core-3.0.15.Final.jar (39 kB) | quarkus-resteasy-server-common-deployment-1.9.0.Final.jar (29 kB) | quarkus-resteasy-server-common-spi-1.9.0.Final.jar (6.3 kB) | quarkus-resteasy-common-deployment-1.9.0.Final.jar (16/20 kB) | quarkus-http-core-3.0.15.Final.jar (49/932 kB)Progress (5): quarkus-http-http-core-3.0.15.Final.jar (39 kB) | quarkus-resteasy-server-common-deployment-1.9.0.Final.jar (29 kB) | quarkus-resteasy-server-common-spi-1.9.0.Final.jar (6.3 kB) | quarkus-resteasy-common-deployment-1.9.0.Final.jar (19/20 kB) | quarkus-http-core-3.0.15.Final.jar (49/932 kB)                                                                                                                                                                                                                                                                                                                Downloaded from central: https://repo.maven.apache.org/maven2/io/quarkus/quarkus-resteasy-server-common-spi/1.9.0.Final/quarkus-resteasy-server-common-spi-1.9.0.Final.jar (6.3 kB at 25 kB/s)
Progress (4): quarkus-http-http-core-3.0.15.Final.jar (39 kB) | quarkus-resteasy-server-common-deployment-1.9.0.Final.jar (29 kB) | quarkus-resteasy-common-deployment-1.9.0.Final.jar (20 kB) | quarkus-http-core-3.0.15.Final.jar (49/932 kB)                                                                                                                                                                                                                                               Downloading from central: https://repo.maven.apache.org/maven2/io/quarkus/http/quarkus-http-servlet/3.0.15.Final/quarkus-http-servlet-3.0.15.Final.jar
Progress (4): quarkus-http-http-core-3.0.15.Final.jar (39 kB) | quarkus-resteasy-server-common-deployment-1.9.0.Final.jar (29 kB) | quarkus-resteasy-common-deployment-1.9.0.Final.jar (20 kB) | quarkus-http-core-3.0.15.Final.jar (57/932 kB)Progress (4): quarkus-http-http-core-3.0.15.Final.jar (39 kB) | quarkus-resteasy-server-common-deployment-1.9.0.Final.jar (29 kB) | quarkus-resteasy-common-deployment-1.9.0.Final.jar (20 kB) | quarkus-http-core-3.0.15.Final.jar (66/932 kB)Progress (4): quarkus-http-http-core-3.0.15.Final.jar (39 kB) | quarkus-resteasy-server-common-deployment-1.9.0.Final.jar (29 kB) | quarkus-resteasy-common-deployment-1.9.0.Final.jar (20 kB) | quarkus-http-core-3.0.15.Final.jar (74/932 kB)Progress (4): quarkus-http-http-core-3.0.15.Final.jar (39 kB) | quarkus-resteasy-server-common-deployment-1.9.0.Final.jar (29 kB) | quarkus-resteasy-common-deployment-1.9.0.Final.jar (20 kB) | quarkus-http-core-3.0.15.Final.jar (82/932 kB)Progress (4): quarkus-http-http-core-3.0.15.Final.jar (39 kB) | quarkus-resteasy-server-common-deployment-1.9.0.Final.jar (29 kB) | quarkus-resteasy-common-deployment-1.9.0.Final.jar (20 kB) | quarkus-http-core-3.0.15.Final.jar (90/932 kB)Progress (4): quarkus-http-http-core-3.0.15.Final.jar (39 kB) | quarkus-resteasy-server-common-deployment-1.9.0.Final.jar (29 kB) | quarkus-resteasy-common-deployment-1.9.0.Final.jar (20 kB) | quarkus-http-core-3.0.15.Final.jar (98/932 kB)Progress (4): quarkus-http-http-core-3.0.15.Final.jar (39 kB) | quarkus-resteasy-server-common-deployment-1.9.0.Final.jar (29 kB) | quarkus-resteasy-common-deployment-1.9.0.Final.jar (20 kB) | quarkus-http-core-3.0.15.Final.jar (106/932 kB)Progress (4): quarkus-http-http-core-3.0.15.Final.jar (39 kB) | quarkus-resteasy-server-common-deployment-1.9.0.Final.jar (29 kB) | quarkus-resteasy-common-deployment-1.9.0.Final.jar (20 kB) | quarkus-http-core-3.0.15.Final.jar (115/932 kB)                                                                                                                                                                                                                                                Downloaded from central: https://repo.maven.apache.org/maven2/io/quarkus/http/quarkus-http-http-core/3.0.15.Final/quarkus-http-http-core-3.0.15.Final.jar (39 kB at 129 kB/s)
Downloading from central: https://repo.maven.apache.org/maven2/jakarta/servlet/jakarta.servlet-api/4.0.3/jakarta.servlet-api-4.0.3.jar
Downloaded from central: https://repo.maven.apache.org/maven2/io/quarkus/quarkus-resteasy-server-common-deployment/1.9.0.Final/quarkus-resteasy-server-common-deployment-1.9.0.Final.jar (29 kB at 95 kB/s)
Downloading from central: https://repo.maven.apache.org/maven2/org/jboss/metadata/jboss-metadata-common/11.0.0.Final/jboss-metadata-common-11.0.0.Final.jar
Progress (2): quarkus-resteasy-common-deployment-1.9.0.Final.jar (20 kB) | quarkus-http-core-3.0.15.Final.jar (123/932 kB)Progress (2): quarkus-resteasy-common-deployment-1.9.0.Final.jar (20 kB) | quarkus-http-core-3.0.15.Final.jar (131/932 kB)Progress (2): quarkus-resteasy-common-deployment-1.9.0.Final.jar (20 kB) | quarkus-http-core-3.0.15.Final.jar (139/932 kB)Progress (2): quarkus-resteasy-common-deployment-1.9.0.Final.jar (20 kB) | quarkus-http-core-3.0.15.Final.jar (147/932 kB)                                                                                                                          Downloaded from central: https://repo.maven.apache.org/maven2/io/quarkus/quarkus-resteasy-common-deployment/1.9.0.Final/quarkus-resteasy-common-deployment-1.9.0.Final.jar (20 kB at 60 kB/s)
Downloading from central: https://repo.maven.apache.org/maven2/org/jboss/metadata/jboss-metadata-web/11.0.0.Final/jboss-metadata-web-11.0.0.Final.jar
Progress (2): quarkus-http-core-3.0.15.Final.jar (147/932 kB) | quarkus-http-servlet-3.0.15.Final.jar (2.7/498 kB)Progress (2): quarkus-http-core-3.0.15.Final.jar (156/932 kB) | quarkus-http-servlet-3.0.15.Final.jar (2.7/498 kB)Progress (2): quarkus-http-core-3.0.15.Final.jar (156/932 kB) | quarkus-http-servlet-3.0.15.Final.jar (5.5/498 kB)Progress (2): quarkus-http-core-3.0.15.Final.jar (156/932 kB) | quarkus-http-servlet-3.0.15.Final.jar (8.2/498 kB)Progress (2): quarkus-http-core-3.0.15.Final.jar (164/932 kB) | quarkus-http-servlet-3.0.15.Final.jar (8.2/498 kB)Progress (2): quarkus-http-core-3.0.15.Final.jar (164/932 kB) | quarkus-http-servlet-3.0.15.Final.jar (11/498 kB) Progress (2): quarkus-http-core-3.0.15.Final.jar (164/932 kB) | quarkus-http-servlet-3.0.15.Final.jar (14/498 kB)Progress (2): quarkus-http-core-3.0.15.Final.jar (164/932 kB) | quarkus-http-servlet-3.0.15.Final.jar (16/498 kB)Progress (2): quarkus-http-core-3.0.15.Final.jar (172/932 kB) | quarkus-http-servlet-3.0.15.Final.jar (16/498 kB)Progress (2): quarkus-http-core-3.0.15.Final.jar (172/932 kB) | quarkus-http-servlet-3.0.15.Final.jar (19/498 kB)Progress (2): quarkus-http-core-3.0.15.Final.jar (180/932 kB) | quarkus-http-servlet-3.0.15.Final.jar (19/498 kB)Progress (2): quarkus-http-core-3.0.15.Final.jar (180/932 kB) | quarkus-http-servlet-3.0.15.Final.jar (22/498 kB)Progress (2): quarkus-http-core-3.0.15.Final.jar (180/932 kB) | quarkus-http-servlet-3.0.15.Final.jar (25/498 kB)Progress (2): quarkus-http-core-3.0.15.Final.jar (180/932 kB) | quarkus-http-servlet-3.0.15.Final.jar (27/498 kB)Progress (2): quarkus-http-core-3.0.15.Final.jar (180/932 kB) | quarkus-http-servlet-3.0.15.Final.jar (30/498 kB)Progress (2): quarkus-http-core-3.0.15.Final.jar (180/932 kB) | quarkus-http-servlet-3.0.15.Final.jar (33/498 kB)Progress (3): quarkus-http-core-3.0.15.Final.jar (180/932 kB) | quarkus-http-servlet-3.0.15.Final.jar (33/498 kB) | jakarta.servlet-api-4.0.3.jar (2.7/83 kB)Progress (3): quarkus-http-core-3.0.15.Final.jar (180/932 kB) | quarkus-http-servlet-3.0.15.Final.jar (33/498 kB) | jakarta.servlet-api-4.0.3.jar (5.5/83 kB)Progress (3): quarkus-http-core-3.0.15.Final.jar (180/932 kB) | quarkus-http-servlet-3.0.15.Final.jar (33/498 kB) | jakarta.servlet-api-4.0.3.jar (8.2/83 kB)Progress (3): quarkus-http-core-3.0.15.Final.jar (180/932 kB) | quarkus-http-servlet-3.0.15.Final.jar (33/498 kB) | jakarta.servlet-api-4.0.3.jar (11/83 kB) Progress (3): quarkus-http-core-3.0.15.Final.jar (180/932 kB) | quarkus-http-servlet-3.0.15.Final.jar (33/498 kB) | jakarta.servlet-api-4.0.3.jar (14/83 kB)Progress (3): quarkus-http-core-3.0.15.Final.jar (180/932 kB) | quarkus-http-servlet-3.0.15.Final.jar (33/498 kB) | jakarta.servlet-api-4.0.3.jar (16/83 kB)Progress (3): quarkus-http-core-3.0.15.Final.jar (180/932 kB) | quarkus-http-servlet-3.0.15.Final.jar (33/498 kB) | jakarta.servlet-api-4.0.3.jar (19/83 kB)Progress (3): quarkus-http-core-3.0.15.Final.jar (180/932 kB) | quarkus-http-servlet-3.0.15.Final.jar (33/498 kB) | jakarta.servlet-api-4.0.3.jar (22/83 kB)Progress (3): quarkus-http-core-3.0.15.Final.jar (180/932 kB) | quarkus-http-servlet-3.0.15.Final.jar (33/498 kB) | jakarta.servlet-api-4.0.3.jar (25/83 kB)Progress (3): quarkus-http-core-3.0.15.Final.jar (180/932 kB) | quarkus-http-servlet-3.0.15.Final.jar (33/498 kB) | jakarta.servlet-api-4.0.3.jar (27/83 kB)Progress (3): quarkus-http-core-3.0.15.Final.jar (180/932 kB) | quarkus-http-servlet-3.0.15.Final.jar (33/498 kB) | jakarta.servlet-api-4.0.3.jar (30/83 kB)Progress (3): quarkus-http-core-3.0.15.Final.jar (180/932 kB) | quarkus-http-servlet-3.0.15.Final.jar (33/498 kB) | jakarta.servlet-api-4.0.3.jar (33/83 kB)Progress (4): quarkus-http-core-3.0.15.Final.jar (180/932 kB) | quarkus-http-servlet-3.0.15.Final.jar (33/498 kB) | jakarta.servlet-api-4.0.3.jar (33/83 kB) | jboss-metadata-common-11.0.0.Final.jar (2.7/475 kB)Progress (4): quarkus-http-core-3.0.15.Final.jar (180/932 kB) | quarkus-http-servlet-3.0.15.Final.jar (33/498 kB) | jakarta.servlet-api-4.0.3.jar (36/83 kB) | jboss-metadata-common-11.0.0.Final.jar (2.7/475 kB)Progress (4): quarkus-http-core-3.0.15.Final.jar (180/932 kB) | quarkus-http-servlet-3.0.15.Final.jar (33/498 kB) | jakarta.servlet-api-4.0.3.jar (38/83 kB) | jboss-metadata-common-11.0.0.Final.jar (2.7/475 kB)Progress (4): quarkus-http-core-3.0.15.Final.jar (180/932 kB) | quarkus-http-servlet-3.0.15.Final.jar (33/498 kB) | jakarta.servlet-api-4.0.3.jar (38/83 kB) | jboss-metadata-common-11.0.0.Final.jar (5.5/475 kB)Progress (4): quarkus-http-core-3.0.15.Final.jar (180/932 kB) | quarkus-http-servlet-3.0.15.Final.jar (33/498 kB) | jakarta.servlet-api-4.0.3.jar (41/83 kB) | jboss-metadata-common-11.0.0.Final.jar (5.5/475 kB)Progress (4): quarkus-http-core-3.0.15.Final.jar (180/932 kB) | quarkus-http-servlet-3.0.15.Final.jar (33/498 kB) | jakarta.servlet-api-4.0.3.jar (41/83 kB) | jboss-metadata-common-11.0.0.Final.jar (8.2/475 kB)Progress (4): quarkus-http-core-3.0.15.Final.jar (188/932 kB) | quarkus-http-servlet-3.0.15.Final.jar (33/498 kB) | jakarta.servlet-api-4.0.3.jar (41/83 kB) | jboss-metadata-common-11.0.0.Final.jar (8.2/475 kB)Progress (4): quarkus-http-core-3.0.15.Final.jar (188/932 kB) | quarkus-http-servlet-3.0.15.Final.jar (33/498 kB) | jakarta.servlet-api-4.0.3.jar (44/83 kB) | jboss-metadata-common-11.0.0.Final.jar (8.2/475 kB)Progress (4): quarkus-http-core-3.0.15.Final.jar (188/932 kB) | quarkus-http-servlet-3.0.15.Final.jar (33/498 kB) | jakarta.servlet-api-4.0.3.jar (44/83 kB) | jboss-metadata-common-11.0.0.Final.jar (11/475 kB) Progress (4): quarkus-http-core-3.0.15.Final.jar (188/932 kB) | quarkus-http-servlet-3.0.15.Final.jar (33/498 kB) | jakarta.servlet-api-4.0.3.jar (47/83 kB) | jboss-metadata-common-11.0.0.Final.jar (11/475 kB)Progress (4): quarkus-http-core-3.0.15.Final.jar (197/932 kB) | quarkus-http-servlet-3.0.15.Final.jar (33/498 kB) | jakarta.servlet-api-4.0.3.jar (47/83 kB) | jboss-metadata-common-11.0.0.Final.jar (11/475 kB)Progress (4): quarkus-http-core-3.0.15.Final.jar (197/932 kB) | quarkus-http-servlet-3.0.15.Final.jar (33/498 kB) | jakarta.servlet-api-4.0.3.jar (47/83 kB) | jboss-metadata-common-11.0.0.Final.jar (14/475 kB)Progress (4): quarkus-http-core-3.0.15.Final.jar (197/932 kB) | quarkus-http-servlet-3.0.15.Final.jar (33/498 kB) | jakarta.servlet-api-4.0.3.jar (49/83 kB) | jboss-metadata-common-11.0.0.Final.jar (14/475 kB)Progress (4): quarkus-http-core-3.0.15.Final.jar (197/932 kB) | quarkus-http-servlet-3.0.15.Final.jar (33/498 kB) | jakarta.servlet-api-4.0.3.jar (49/83 kB) | jboss-metadata-common-11.0.0.Final.jar (16/475 kB)Progress (4): quarkus-http-core-3.0.15.Final.jar (197/932 kB) | quarkus-http-servlet-3.0.15.Final.jar (33/498 kB) | jakarta.servlet-api-4.0.3.jar (49/83 kB) | jboss-metadata-common-11.0.0.Final.jar (19/475 kB)Progress (4): quarkus-http-core-3.0.15.Final.jar (205/932 kB) | quarkus-http-servlet-3.0.15.Final.jar (33/498 kB) | jakarta.servlet-api-4.0.3.jar (49/83 kB) | jboss-metadata-common-11.0.0.Final.jar (19/475 kB)Progress (4): quarkus-http-core-3.0.15.Final.jar (205/932 kB) | quarkus-http-servlet-3.0.15.Final.jar (33/498 kB) | jakarta.servlet-api-4.0.3.jar (49/83 kB) | jboss-metadata-common-11.0.0.Final.jar (22/475 kB)Progress (4): quarkus-http-core-3.0.15.Final.jar (205/932 kB) | quarkus-http-servlet-3.0.15.Final.jar (33/498 kB) | jakarta.servlet-api-4.0.3.jar (49/83 kB) | jboss-metadata-common-11.0.0.Final.jar (25/475 kB)Progress (4): quarkus-http-core-3.0.15.Final.jar (213/932 kB) | quarkus-http-servlet-3.0.15.Final.jar (33/498 kB) | jakarta.servlet-api-4.0.3.jar (49/83 kB) | jboss-metadata-common-11.0.0.Final.jar (25/475 kB)Progress (4): quarkus-http-core-3.0.15.Final.jar (213/932 kB) | quarkus-http-servlet-3.0.15.Final.jar (36/498 kB) | jakarta.servlet-api-4.0.3.jar (49/83 kB) | jboss-metadata-common-11.0.0.Final.jar (25/475 kB)Progress (4): quarkus-http-core-3.0.15.Final.jar (213/932 kB) | quarkus-http-servlet-3.0.15.Final.jar (36/498 kB) | jakarta.servlet-api-4.0.3.jar (49/83 kB) | jboss-metadata-common-11.0.0.Final.jar (27/475 kB)Progress (4): quarkus-http-core-3.0.15.Final.jar (213/932 kB) | quarkus-http-servlet-3.0.15.Final.jar (38/498 kB) | jakarta.servlet-api-4.0.3.jar (49/83 kB) | jboss-metadata-common-11.0.0.Final.jar (27/475 kB)Progress (4): quarkus-http-core-3.0.15.Final.jar (213/932 kB) | quarkus-http-servlet-3.0.15.Final.jar (38/498 kB) | jakarta.servlet-api-4.0.3.jar (49/83 kB) | jboss-metadata-common-11.0.0.Final.jar (30/475 kB)Progress (4): quarkus-http-core-3.0.15.Final.jar (213/932 kB) | quarkus-http-servlet-3.0.15.Final.jar (41/498 kB) | jakarta.servlet-api-4.0.3.jar (49/83 kB) | jboss-metadata-common-11.0.0.Final.jar (30/475 kB)Progress (5): quarkus-http-core-3.0.15.Final.jar (213/932 kB) | quarkus-http-servlet-3.0.15.Final.jar (41/498 kB) | jakarta.servlet-api-4.0.3.jar (49/83 kB) | jboss-metadata-common-11.0.0.Final.jar (30/475 kB) | jboss-metadata-web-11.0.0.Final.jar (2.7/468 kB)Progress (5): quarkus-http-core-3.0.15.Final.jar (213/932 kB) | quarkus-http-servlet-3.0.15.Final.jar (41/498 kB) | jakarta.servlet-api-4.0.3.jar (49/83 kB) | jboss-metadata-common-11.0.0.Final.jar (33/475 kB) | jboss-metadata-web-11.0.0.Final.jar (2.7/468 kB)Progress (5): quarkus-http-core-3.0.15.Final.jar (221/932 kB) | quarkus-http-servlet-3.0.15.Final.jar (41/498 kB) | jakarta.servlet-api-4.0.3.jar (49/83 kB) | jboss-metadata-common-11.0.0.Final.jar (33/475 kB) | jboss-metadata-web-11.0.0.Final.jar (2.7/468 kB)Progress (5): quarkus-http-core-3.0.15.Final.jar (221/932 kB) | quarkus-http-servlet-3.0.15.Final.jar (44/498 kB) | jakarta.servlet-api-4.0.3.jar (49/83 kB) | jboss-metadata-common-11.0.0.Final.jar (33/475 kB) | jboss-metadata-web-11.0.0.Final.jar (2.7/468 kB)Progress (5): quarkus-http-core-3.0.15.Final.jar (221/932 kB) | quarkus-http-servlet-3.0.15.Final.jar (44/498 kB) | jakarta.servlet-api-4.0.3.jar (49/83 kB) | jboss-metadata-common-11.0.0.Final.jar (33/475 kB) | jboss-metadata-web-11.0.0.Final.jar (5.5/468 kB)Progress (5): quarkus-http-core-3.0.15.Final.jar (221/932 kB) | quarkus-http-servlet-3.0.15.Final.jar (44/498 kB) | jakarta.servlet-api-4.0.3.jar (49/83 kB) | jboss-metadata-common-11.0.0.Final.jar (36/475 kB) | jboss-metadata-web-11.0.0.Final.jar (5.5/468 kB)Progress (5): quarkus-http-core-3.0.15.Final.jar (221/932 kB) | quarkus-http-servlet-3.0.15.Final.jar (44/498 kB) | jakarta.servlet-api-4.0.3.jar (49/83 kB) | jboss-metadata-common-11.0.0.Final.jar (36/475 kB) | jboss-metadata-web-11.0.0.Final.jar (8.2/468 kB)Progress (5): quarkus-http-core-3.0.15.Final.jar (221/932 kB) | quarkus-http-servlet-3.0.15.Final.jar (47/498 kB) | jakarta.servlet-api-4.0.3.jar (49/83 kB) | jboss-metadata-common-11.0.0.Final.jar (36/475 kB) | jboss-metadata-web-11.0.0.Final.jar (8.2/468 kB)Progress (5): quarkus-http-core-3.0.15.Final.jar (221/932 kB) | quarkus-http-servlet-3.0.15.Final.jar (47/498 kB) | jakarta.servlet-api-4.0.3.jar (49/83 kB) | jboss-metadata-common-11.0.0.Final.jar (38/475 kB) | jboss-metadata-web-11.0.0.Final.jar (8.2/468 kB)Progress (5): quarkus-http-core-3.0.15.Final.jar (221/932 kB) | quarkus-http-servlet-3.0.15.Final.jar (47/498 kB) | jakarta.servlet-api-4.0.3.jar (49/83 kB) | jboss-metadata-common-11.0.0.Final.jar (38/475 kB) | jboss-metadata-web-11.0.0.Final.jar (11/468 kB) Progress (5): quarkus-http-core-3.0.15.Final.jar (229/932 kB) | quarkus-http-servlet-3.0.15.Final.jar (47/498 kB) | jakarta.servlet-api-4.0.3.jar (49/83 kB) | jboss-metadata-common-11.0.0.Final.jar (38/475 kB) | jboss-metadata-web-11.0.0.Final.jar (11/468 kB)Progress (5): quarkus-http-core-3.0.15.Final.jar (229/932 kB) | quarkus-http-servlet-3.0.15.Final.jar (49/498 kB) | jakarta.servlet-api-4.0.3.jar (49/83 kB) | jboss-metadata-common-11.0.0.Final.jar (38/475 kB) | jboss-metadata-web-11.0.0.Final.jar (11/468 kB)Progress (5): quarkus-http-core-3.0.15.Final.jar (229/932 kB) | quarkus-http-servlet-3.0.15.Final.jar (49/498 kB) | jakarta.servlet-api-4.0.3.jar (49/83 kB) | jboss-metadata-common-11.0.0.Final.jar (41/475 kB) | jboss-metadata-web-11.0.0.Final.jar (11/468 kB)Progress (5): quarkus-http-core-3.0.15.Final.jar (229/932 kB) | quarkus-http-servlet-3.0.15.Final.jar (52/498 kB) | jakarta.servlet-api-4.0.3.jar (49/83 kB) | jboss-metadata-common-11.0.0.Final.jar (41/475 kB) | jboss-metadata-web-11.0.0.Final.jar (11/468 kB)Progress (5): quarkus-http-core-3.0.15.Final.jar (229/932 kB) | quarkus-http-servlet-3.0.15.Final.jar (52/498 kB) | jakarta.servlet-api-4.0.3.jar (49/83 kB) | jboss-metadata-common-11.0.0.Final.jar (44/475 kB) | jboss-metadata-web-11.0.0.Final.jar (11/468 kB)Progress (5): quarkus-http-core-3.0.15.Final.jar (229/932 kB) | quarkus-http-servlet-3.0.15.Final.jar (55/498 kB) | jakarta.servlet-api-4.0.3.jar (49/83 kB) | jboss-metadata-common-11.0.0.Final.jar (44/475 kB) | jboss-metadata-web-11.0.0.Final.jar (11/468 kB)Progress (5): quarkus-http-core-3.0.15.Final.jar (238/932 kB) | quarkus-http-servlet-3.0.15.Final.jar (55/498 kB) | jakarta.servlet-api-4.0.3.jar (49/83 kB) | jboss-metadata-common-11.0.0.Final.jar (44/475 kB) | jboss-metadata-web-11.0.0.Final.jar (11/468 kB)Progress (5): quarkus-http-core-3.0.15.Final.jar (238/932 kB) | quarkus-http-servlet-3.0.15.Final.jar (58/498 kB) | jakarta.servlet-api-4.0.3.jar (49/83 kB) | jboss-metadata-common-11.0.0.Final.jar (44/475 kB) | jboss-metadata-web-11.0.0.Final.jar (11/468 kB)Progress (5): quarkus-http-core-3.0.15.Final.jar (238/932 kB) | quarkus-http-servlet-3.0.15.Final.jar (58/498 kB) | jakarta.servlet-api-4.0.3.jar (52/83 kB) | jboss-metadata-common-11.0.0.Final.jar (44/475 kB) | jboss-metadata-web-11.0.0.Final.jar (11/468 kB)Progress (5): quarkus-http-core-3.0.15.Final.jar (238/932 kB) | quarkus-http-servlet-3.0.15.Final.jar (60/498 kB) | jakarta.servlet-api-4.0.3.jar (52/83 kB) | jboss-metadata-common-11.0.0.Final.jar (44/475 kB) | jboss-metadata-web-11.0.0.Final.jar (11/468 kB)Progress (5): quarkus-http-core-3.0.15.Final.jar (246/932 kB) | quarkus-http-servlet-3.0.15.Final.jar (60/498 kB) | jakarta.servlet-api-4.0.3.jar (52/83 kB) | jboss-metadata-common-11.0.0.Final.jar (44/475 kB) | jboss-metadata-web-11.0.0.Final.jar (11/468 kB)Progress (5): quarkus-http-core-3.0.15.Final.jar (246/932 kB) | quarkus-http-servlet-3.0.15.Final.jar (60/498 kB) | jakarta.servlet-api-4.0.3.jar (55/83 kB) | jboss-metadata-common-11.0.0.Final.jar (44/475 kB) | jboss-metadata-web-11.0.0.Final.jar (11/468 kB)Progress (5): quarkus-http-core-3.0.15.Final.jar (246/932 kB) | quarkus-http-servlet-3.0.15.Final.jar (63/498 kB) | jakarta.servlet-api-4.0.3.jar (55/83 kB) | jboss-metadata-common-11.0.0.Final.jar (44/475 kB) | jboss-metadata-web-11.0.0.Final.jar (11/468 kB)Progress (5): quarkus-http-core-3.0.15.Final.jar (246/932 kB) | quarkus-http-servlet-3.0.15.Final.jar (63/498 kB) | jakarta.servlet-api-4.0.3.jar (58/83 kB) | jboss-metadata-common-11.0.0.Final.jar (44/475 kB) | jboss-metadata-web-11.0.0.Final.jar (11/468 kB)Progress (5): quarkus-http-core-3.0.15.Final.jar (246/932 kB) | quarkus-http-servlet-3.0.15.Final.jar (66/498 kB) | jakarta.servlet-api-4.0.3.jar (58/83 kB) | jboss-metadata-common-11.0.0.Final.jar (44/475 kB) | jboss-metadata-web-11.0.0.Final.jar (11/468 kB)Progress (5): quarkus-http-core-3.0.15.Final.jar (246/932 kB) | quarkus-http-servlet-3.0.15.Final.jar (66/498 kB) | jakarta.servlet-api-4.0.3.jar (60/83 kB) | jboss-metadata-common-11.0.0.Final.jar (44/475 kB) | jboss-metadata-web-11.0.0.Final.jar (11/468 kB)Progress (5): quarkus-http-core-3.0.15.Final.jar (246/932 kB) | quarkus-http-servlet-3.0.15.Final.jar (69/498 kB) | jakarta.servlet-api-4.0.3.jar (60/83 kB) | jboss-metadata-common-11.0.0.Final.jar (44/475 kB) | jboss-metadata-web-11.0.0.Final.jar (11/468 kB)Progress (5): quarkus-http-core-3.0.15.Final.jar (246/932 kB) | quarkus-http-servlet-3.0.15.Final.jar (69/498 kB) | jakarta.servlet-api-4.0.3.jar (63/83 kB) | jboss-metadata-common-11.0.0.Final.jar (44/475 kB) | jboss-metadata-web-11.0.0.Final.jar (11/468 kB)Progress (5): quarkus-http-core-3.0.15.Final.jar (246/932 kB) | quarkus-http-servlet-3.0.15.Final.jar (71/498 kB) | jakarta.servlet-api-4.0.3.jar (63/83 kB) | jboss-metadata-common-11.0.0.Final.jar (44/475 kB) | jboss-metadata-web-11.0.0.Final.jar (11/468 kB)Progress (5): quarkus-http-core-3.0.15.Final.jar (246/932 kB) | quarkus-http-servlet-3.0.15.Final.jar (71/498 kB) | jakarta.servlet-api-4.0.3.jar (66/83 kB) | jboss-metadata-common-11.0.0.Final.jar (44/475 kB) | jboss-metadata-web-11.0.0.Final.jar (11/468 kB)Progress (5): quarkus-http-core-3.0.15.Final.jar (246/932 kB) | quarkus-http-servlet-3.0.15.Final.jar (74/498 kB) | jakarta.servlet-api-4.0.3.jar (66/83 kB) | jboss-metadata-common-11.0.0.Final.jar (44/475 kB) | jboss-metadata-web-11.0.0.Final.jar (11/468 kB)Progress (5): quarkus-http-core-3.0.15.Final.jar (246/932 kB) | quarkus-http-servlet-3.0.15.Final.jar (74/498 kB) | jakarta.servlet-api-4.0.3.jar (69/83 kB) | jboss-metadata-common-11.0.0.Final.jar (44/475 kB) | jboss-metadata-web-11.0.0.Final.jar (11/468 kB)Progress (5): quarkus-http-core-3.0.15.Final.jar (246/932 kB) | quarkus-http-servlet-3.0.15.Final.jar (77/498 kB) | jakarta.servlet-api-4.0.3.jar (69/83 kB) | jboss-metadata-common-11.0.0.Final.jar (44/475 kB) | jboss-metadata-web-11.0.0.Final.jar (11/468 kB)Progress (5): quarkus-http-core-3.0.15.Final.jar (246/932 kB) | quarkus-http-servlet-3.0.15.Final.jar (77/498 kB) | jakarta.servlet-api-4.0.3.jar (71/83 kB) | jboss-metadata-common-11.0.0.Final.jar (44/475 kB) | jboss-metadata-web-11.0.0.Final.jar (11/468 kB)Progress (5): quarkus-http-core-3.0.15.Final.jar (246/932 kB) | quarkus-http-servlet-3.0.15.Final.jar (80/498 kB) | jakarta.servlet-api-4.0.3.jar (71/83 kB) | jboss-metadata-common-11.0.0.Final.jar (44/475 kB) | jboss-metadata-web-11.0.0.Final.jar (11/468 kB)Progress (5): quarkus-http-core-3.0.15.Final.jar (246/932 kB) | quarkus-http-servlet-3.0.15.Final.jar (80/498 kB) | jakarta.servlet-api-4.0.3.jar (74/83 kB) | jboss-metadata-common-11.0.0.Final.jar (44/475 kB) | jboss-metadata-web-11.0.0.Final.jar (11/468 kB)Progress (5): quarkus-http-core-3.0.15.Final.jar (246/932 kB) | quarkus-http-servlet-3.0.15.Final.jar (82/498 kB) | jakarta.servlet-api-4.0.3.jar (74/83 kB) | jboss-metadata-common-11.0.0.Final.jar (44/475 kB) | jboss-metadata-web-11.0.0.Final.jar (11/468 kB)Progress (5): quarkus-http-core-3.0.15.Final.jar (246/932 kB) | quarkus-http-servlet-3.0.15.Final.jar (82/498 kB) | jakarta.servlet-api-4.0.3.jar (77/83 kB) | jboss-metadata-common-11.0.0.Final.jar (44/475 kB) | jboss-metadata-web-11.0.0.Final.jar (11/468 kB)Progress (5): quarkus-http-core-3.0.15.Final.jar (246/932 kB) | quarkus-http-servlet-3.0.15.Final.jar (85/498 kB) | jakarta.servlet-api-4.0.3.jar (77/83 kB) | jboss-metadata-common-11.0.0.Final.jar (44/475 kB) | jboss-metadata-web-11.0.0.Final.jar (11/468 kB)Progress (5): quarkus-http-core-3.0.15.Final.jar (246/932 kB) | quarkus-http-servlet-3.0.15.Final.jar (85/498 kB) | jakarta.servlet-api-4.0.3.jar (80/83 kB) | jboss-metadata-common-11.0.0.Final.jar (44/475 kB) | jboss-metadata-web-11.0.0.Final.jar (11/468 kB)Progress (5): quarkus-http-core-3.0.15.Final.jar (246/932 kB) | quarkus-http-servlet-3.0.15.Final.jar (88/498 kB) | jakarta.servlet-api-4.0.3.jar (80/83 kB) | jboss-metadata-common-11.0.0.Final.jar (44/475 kB) | jboss-metadata-web-11.0.0.Final.jar (11/468 kB)Progress (5): quarkus-http-core-3.0.15.Final.jar (246/932 kB) | quarkus-http-servlet-3.0.15.Final.jar (88/498 kB) | jakarta.servlet-api-4.0.3.jar (82/83 kB) | jboss-metadata-common-11.0.0.Final.jar (44/475 kB) | jboss-metadata-web-11.0.0.Final.jar (11/468 kB)Progress (5): quarkus-http-core-3.0.15.Final.jar (246/932 kB) | quarkus-http-servlet-3.0.15.Final.jar (90/498 kB) | jakarta.servlet-api-4.0.3.jar (82/83 kB) | jboss-metadata-common-11.0.0.Final.jar (44/475 kB) | jboss-metadata-web-11.0.0.Final.jar (11/468 kB)Progress (5): quarkus-http-core-3.0.15.Final.jar (246/932 kB) | quarkus-http-servlet-3.0.15.Final.jar (90/498 kB) | jakarta.servlet-api-4.0.3.jar (83 kB) | jboss-metadata-common-11.0.0.Final.jar (44/475 kB) | jboss-metadata-web-11.0.0.Final.jar (11/468 kB)   Progress (5): quarkus-http-core-3.0.15.Final.jar (246/932 kB) | quarkus-http-servlet-3.0.15.Final.jar (93/498 kB) | jakarta.servlet-api-4.0.3.jar (83 kB) | jboss-metadata-common-11.0.0.Final.jar (44/475 kB) | jboss-metadata-web-11.0.0.Final.jar (11/468 kB)Progress (5): quarkus-http-core-3.0.15.Final.jar (246/932 kB) | quarkus-http-servlet-3.0.15.Final.jar (96/498 kB) | jakarta.servlet-api-4.0.3.jar (83 kB) | jboss-metadata-common-11.0.0.Final.jar (44/475 kB) | jboss-metadata-web-11.0.0.Final.jar (11/468 kB)Progress (5): quarkus-http-core-3.0.15.Final.jar (246/932 kB) | quarkus-http-servlet-3.0.15.Final.jar (96/498 kB) | jakarta.servlet-api-4.0.3.jar (83 kB) | jboss-metadata-common-11.0.0.Final.jar (47/475 kB) | jboss-metadata-web-11.0.0.Final.jar (11/468 kB)Progress (5): quarkus-http-core-3.0.15.Final.jar (246/932 kB) | quarkus-http-servlet-3.0.15.Final.jar (96/498 kB) | jakarta.servlet-api-4.0.3.jar (83 kB) | jboss-metadata-common-11.0.0.Final.jar (49/475 kB) | jboss-metadata-web-11.0.0.Final.jar (11/468 kB)Progress (5): quarkus-http-core-3.0.15.Final.jar (246/932 kB) | quarkus-http-servlet-3.0.15.Final.jar (96/498 kB) | jakarta.servlet-api-4.0.3.jar (83 kB) | jboss-metadata-common-11.0.0.Final.jar (52/475 kB) | jboss-metadata-web-11.0.0.Final.jar (11/468 kB)Progress (5): quarkus-http-core-3.0.15.Final.jar (246/932 kB) | quarkus-http-servlet-3.0.15.Final.jar (96/498 kB) | jakarta.servlet-api-4.0.3.jar (83 kB) | jboss-metadata-common-11.0.0.Final.jar (55/475 kB) | jboss-metadata-web-11.0.0.Final.jar (11/468 kB)Progress (5): quarkus-http-core-3.0.15.Final.jar (246/932 kB) | quarkus-http-servlet-3.0.15.Final.jar (96/498 kB) | jakarta.servlet-api-4.0.3.jar (83 kB) | jboss-metadata-common-11.0.0.Final.jar (58/475 kB) | jboss-metadata-web-11.0.0.Final.jar (11/468 kB)Progress (5): quarkus-http-core-3.0.15.Final.jar (246/932 kB) | quarkus-http-servlet-3.0.15.Final.jar (96/498 kB) | jakarta.servlet-api-4.0.3.jar (83 kB) | jboss-metadata-common-11.0.0.Final.jar (60/475 kB) | jboss-metadata-web-11.0.0.Final.jar (11/468 kB)Progress (5): quarkus-http-core-3.0.15.Final.jar (246/932 kB) | quarkus-http-servlet-3.0.15.Final.jar (96/498 kB) | jakarta.servlet-api-4.0.3.jar (83 kB) | jboss-metadata-common-11.0.0.Final.jar (63/475 kB) | jboss-metadata-web-11.0.0.Final.jar (11/468 kB)Progress (5): quarkus-http-core-3.0.15.Final.jar (246/932 kB) | quarkus-http-servlet-3.0.15.Final.jar (96/498 kB) | jakarta.servlet-api-4.0.3.jar (83 kB) | jboss-metadata-common-11.0.0.Final.jar (66/475 kB) | jboss-metadata-web-11.0.0.Final.jar (11/468 kB)Progress (5): quarkus-http-core-3.0.15.Final.jar (254/932 kB) | quarkus-http-servlet-3.0.15.Final.jar (96/498 kB) | jakarta.servlet-api-4.0.3.jar (83 kB) | jboss-metadata-common-11.0.0.Final.jar (66/475 kB) | jboss-metadata-web-11.0.0.Final.jar (11/468 kB)Progress (5): quarkus-http-core-3.0.15.Final.jar (254/932 kB) | quarkus-http-servlet-3.0.15.Final.jar (96/498 kB) | jakarta.servlet-api-4.0.3.jar (83 kB) | jboss-metadata-common-11.0.0.Final.jar (69/475 kB) | jboss-metadata-web-11.0.0.Final.jar (11/468 kB)Progress (5): quarkus-http-core-3.0.15.Final.jar (262/932 kB) | quarkus-http-servlet-3.0.15.Final.jar (96/498 kB) | jakarta.servlet-api-4.0.3.jar (83 kB) | jboss-metadata-common-11.0.0.Final.jar (69/475 kB) | jboss-metadata-web-11.0.0.Final.jar (11/468 kB)Progress (5): quarkus-http-core-3.0.15.Final.jar (262/932 kB) | quarkus-http-servlet-3.0.15.Final.jar (96/498 kB) | jakarta.servlet-api-4.0.3.jar (83 kB) | jboss-metadata-common-11.0.0.Final.jar (71/475 kB) | jboss-metadata-web-11.0.0.Final.jar (11/468 kB)Progress (5): quarkus-http-core-3.0.15.Final.jar (262/932 kB) | quarkus-http-servlet-3.0.15.Final.jar (96/498 kB) | jakarta.servlet-api-4.0.3.jar (83 kB) | jboss-metadata-common-11.0.0.Final.jar (74/475 kB) | jboss-metadata-web-11.0.0.Final.jar (11/468 kB)Progress (5): quarkus-http-core-3.0.15.Final.jar (262/932 kB) | quarkus-http-servlet-3.0.15.Final.jar (96/498 kB) | jakarta.servlet-api-4.0.3.jar (83 kB) | jboss-metadata-common-11.0.0.Final.jar (77/475 kB) | jboss-metadata-web-11.0.0.Final.jar (11/468 kB)Progress (5): quarkus-http-core-3.0.15.Final.jar (262/932 kB) | quarkus-http-servlet-3.0.15.Final.jar (96/498 kB) | jakarta.servlet-api-4.0.3.jar (83 kB) | jboss-metadata-common-11.0.0.Final.jar (80/475 kB) | jboss-metadata-web-11.0.0.Final.jar (11/468 kB)Progress (5): quarkus-http-core-3.0.15.Final.jar (262/932 kB) | quarkus-http-servlet-3.0.15.Final.jar (96/498 kB) | jakarta.servlet-api-4.0.3.jar (83 kB) | jboss-metadata-common-11.0.0.Final.jar (82/475 kB) | jboss-metadata-web-11.0.0.Final.jar (11/468 kB)Progress (5): quarkus-http-core-3.0.15.Final.jar (270/932 kB) | quarkus-http-servlet-3.0.15.Final.jar (96/498 kB) | jakarta.servlet-api-4.0.3.jar (83 kB) | jboss-metadata-common-11.0.0.Final.jar (82/475 kB) | jboss-metadata-web-11.0.0.Final.jar (11/468 kB)Progress (5): quarkus-http-core-3.0.15.Final.jar (270/932 kB) | quarkus-http-servlet-3.0.15.Final.jar (96/498 kB) | jakarta.servlet-api-4.0.3.jar (83 kB) | jboss-metadata-common-11.0.0.Final.jar (85/475 kB) | jboss-metadata-web-11.0.0.Final.jar (11/468 kB)Progress (5): quarkus-http-core-3.0.15.Final.jar (279/932 kB) | quarkus-http-servlet-3.0.15.Final.jar (96/498 kB) | jakarta.servlet-api-4.0.3.jar (83 kB) | jboss-metadata-common-11.0.0.Final.jar (85/475 kB) | jboss-metadata-web-11.0.0.Final.jar (11/468 kB)Progress (5): quarkus-http-core-3.0.15.Final.jar (279/932 kB) | quarkus-http-servlet-3.0.15.Final.jar (96/498 kB) | jakarta.servlet-api-4.0.3.jar (83 kB) | jboss-metadata-common-11.0.0.Final.jar (88/475 kB) | jboss-metadata-web-11.0.0.Final.jar (11/468 kB)Progress (5): quarkus-http-core-3.0.15.Final.jar (279/932 kB) | quarkus-http-servlet-3.0.15.Final.jar (96/498 kB) | jakarta.servlet-api-4.0.3.jar (83 kB) | jboss-metadata-common-11.0.0.Final.jar (90/475 kB) | jboss-metadata-web-11.0.0.Final.jar (11/468 kB)Progress (5): quarkus-http-core-3.0.15.Final.jar (279/932 kB) | quarkus-http-servlet-3.0.15.Final.jar (96/498 kB) | jakarta.servlet-api-4.0.3.jar (83 kB) | jboss-metadata-common-11.0.0.Final.jar (93/475 kB) | jboss-metadata-web-11.0.0.Final.jar (11/468 kB)Progress (5): quarkus-http-core-3.0.15.Final.jar (279/932 kB) | quarkus-http-servlet-3.0.15.Final.jar (96/498 kB) | jakarta.servlet-api-4.0.3.jar (83 kB) | jboss-metadata-common-11.0.0.Final.jar (96/475 kB) | jboss-metadata-web-11.0.0.Final.jar (11/468 kB)Progress (5): quarkus-http-core-3.0.15.Final.jar (279/932 kB) | quarkus-http-servlet-3.0.15.Final.jar (96/498 kB) | jakarta.servlet-api-4.0.3.jar (83 kB) | jboss-metadata-common-11.0.0.Final.jar (99/475 kB) | jboss-metadata-web-11.0.0.Final.jar (11/468 kB)Progress (5): quarkus-http-core-3.0.15.Final.jar (279/932 kB) | quarkus-http-servlet-3.0.15.Final.jar (96/498 kB) | jakarta.servlet-api-4.0.3.jar (83 kB) | jboss-metadata-common-11.0.0.Final.jar (101/475 kB) | jboss-metadata-web-11.0.0.Final.jar (11/468 kB)Progress (5): quarkus-http-core-3.0.15.Final.jar (279/932 kB) | quarkus-http-servlet-3.0.15.Final.jar (96/498 kB) | jakarta.servlet-api-4.0.3.jar (83 kB) | jboss-metadata-common-11.0.0.Final.jar (104/475 kB) | jboss-metadata-web-11.0.0.Final.jar (11/468 kB)Progress (5): quarkus-http-core-3.0.15.Final.jar (279/932 kB) | quarkus-http-servlet-3.0.15.Final.jar (96/498 kB) | jakarta.servlet-api-4.0.3.jar (83 kB) | jboss-metadata-common-11.0.0.Final.jar (107/475 kB) | jboss-metadata-web-11.0.0.Final.jar (11/468 kB)Progress (5): quarkus-http-core-3.0.15.Final.jar (287/932 kB) | quarkus-http-servlet-3.0.15.Final.jar (96/498 kB) | jakarta.servlet-api-4.0.3.jar (83 kB) | jboss-metadata-common-11.0.0.Final.jar (107/475 kB) | jboss-metadata-web-11.0.0.Final.jar (11/468 kB)Progress (5): quarkus-http-core-3.0.15.Final.jar (287/932 kB) | quarkus-http-servlet-3.0.15.Final.jar (96/498 kB) | jakarta.servlet-api-4.0.3.jar (83 kB) | jboss-metadata-common-11.0.0.Final.jar (107/475 kB) | jboss-metadata-web-11.0.0.Final.jar (14/468 kB)Progress (5): quarkus-http-core-3.0.15.Final.jar (295/932 kB) | quarkus-http-servlet-3.0.15.Final.jar (96/498 kB) | jakarta.servlet-api-4.0.3.jar (83 kB) | jboss-metadata-common-11.0.0.Final.jar (107/475 kB) | jboss-metadata-web-11.0.0.Final.jar (14/468 kB)Progress (5): quarkus-http-core-3.0.15.Final.jar (295/932 kB) | quarkus-http-servlet-3.0.15.Final.jar (99/498 kB) | jakarta.servlet-api-4.0.3.jar (83 kB) | jboss-metadata-common-11.0.0.Final.jar (107/475 kB) | jboss-metadata-web-11.0.0.Final.jar (14/468 kB)Progress (5): quarkus-http-core-3.0.15.Final.jar (295/932 kB) | quarkus-http-servlet-3.0.15.Final.jar (99/498 kB) | jakarta.servlet-api-4.0.3.jar (83 kB) | jboss-metadata-common-11.0.0.Final.jar (107/475 kB) | jboss-metadata-web-11.0.0.Final.jar (16/468 kB)Progress (5): quarkus-http-core-3.0.15.Final.jar (295/932 kB) | quarkus-http-servlet-3.0.15.Final.jar (99/498 kB) | jakarta.servlet-api-4.0.3.jar (83 kB) | jboss-metadata-common-11.0.0.Final.jar (107/475 kB) | jboss-metadata-web-11.0.0.Final.jar (19/468 kB)Progress (5): quarkus-http-core-3.0.15.Final.jar (295/932 kB) | quarkus-http-servlet-3.0.15.Final.jar (101/498 kB) | jakarta.servlet-api-4.0.3.jar (83 kB) | jboss-metadata-common-11.0.0.Final.jar (107/475 kB) | jboss-metadata-web-11.0.0.Final.jar (19/468 kB)Progress (5): quarkus-http-core-3.0.15.Final.jar (295/932 kB) | quarkus-http-servlet-3.0.15.Final.jar (101/498 kB) | jakarta.servlet-api-4.0.3.jar (83 kB) | jboss-metadata-common-11.0.0.Final.jar (107/475 kB) | jboss-metadata-web-11.0.0.Final.jar (22/468 kB)Progress (5): quarkus-http-core-3.0.15.Final.jar (295/932 kB) | quarkus-http-servlet-3.0.15.Final.jar (104/498 kB) | jakarta.servlet-api-4.0.3.jar (83 kB) | jboss-metadata-common-11.0.0.Final.jar (107/475 kB) | jboss-metadata-web-11.0.0.Final.jar (22/468 kB)Progress (5): quarkus-http-core-3.0.15.Final.jar (295/932 kB) | quarkus-http-servlet-3.0.15.Final.jar (104/498 kB) | jakarta.servlet-api-4.0.3.jar (83 kB) | jboss-metadata-common-11.0.0.Final.jar (107/475 kB) | jboss-metadata-web-11.0.0.Final.jar (25/468 kB)Progress (5): quarkus-http-core-3.0.15.Final.jar (295/932 kB) | quarkus-http-servlet-3.0.15.Final.jar (107/498 kB) | jakarta.servlet-api-4.0.3.jar (83 kB) | jboss-metadata-common-11.0.0.Final.jar (107/475 kB) | jboss-metadata-web-11.0.0.Final.jar (25/468 kB)Progress (5): quarkus-http-core-3.0.15.Final.jar (295/932 kB) | quarkus-http-servlet-3.0.15.Final.jar (107/498 kB) | jakarta.servlet-api-4.0.3.jar (83 kB) | jboss-metadata-common-11.0.0.Final.jar (107/475 kB) | jboss-metadata-web-11.0.0.Final.jar (27/468 kB)Progress (5): quarkus-http-core-3.0.15.Final.jar (295/932 kB) | quarkus-http-servlet-3.0.15.Final.jar (110/498 kB) | jakarta.servlet-api-4.0.3.jar (83 kB) | jboss-metadata-common-11.0.0.Final.jar (107/475 kB) | jboss-metadata-web-11.0.0.Final.jar (27/468 kB)Progress (5): quarkus-http-core-3.0.15.Final.jar (295/932 kB) | quarkus-http-servlet-3.0.15.Final.jar (110/498 kB) | jakarta.servlet-api-4.0.3.jar (83 kB) | jboss-metadata-common-11.0.0.Final.jar (107/475 kB) | jboss-metadata-web-11.0.0.Final.jar (30/468 kB)Progress (5): quarkus-http-core-3.0.15.Final.jar (295/932 kB) | quarkus-http-servlet-3.0.15.Final.jar (112/498 kB) | jakarta.servlet-api-4.0.3.jar (83 kB) | jboss-metadata-common-11.0.0.Final.jar (107/475 kB) | jboss-metadata-web-11.0.0.Final.jar (30/468 kB)Progress (5): quarkus-http-core-3.0.15.Final.jar (303/932 kB) | quarkus-http-servlet-3.0.15.Final.jar (112/498 kB) | jakarta.servlet-api-4.0.3.jar (83 kB) | jboss-metadata-common-11.0.0.Final.jar (107/475 kB) | jboss-metadata-web-11.0.0.Final.jar (30/468 kB)Progress (5): quarkus-http-core-3.0.15.Final.jar (303/932 kB) | quarkus-http-servlet-3.0.15.Final.jar (115/498 kB) | jakarta.servlet-api-4.0.3.jar (83 kB) | jboss-metadata-common-11.0.0.Final.jar (107/475 kB) | jboss-metadata-web-11.0.0.Final.jar (30/468 kB)Progress (5): quarkus-http-core-3.0.15.Final.jar (311/932 kB) | quarkus-http-servlet-3.0.15.Final.jar (115/498 kB) | jakarta.servlet-api-4.0.3.jar (83 kB) | jboss-metadata-common-11.0.0.Final.jar (107/475 kB) | jboss-metadata-web-11.0.0.Final.jar (30/468 kB)Progress (5): quarkus-http-core-3.0.15.Final.jar (311/932 kB) | quarkus-http-servlet-3.0.15.Final.jar (115/498 kB) | jakarta.servlet-api-4.0.3.jar (83 kB) | jboss-metadata-common-11.0.0.Final.jar (107/475 kB) | jboss-metadata-web-11.0.0.Final.jar (33/468 kB)Progress (5): quarkus-http-core-3.0.15.Final.jar (311/932 kB) | quarkus-http-servlet-3.0.15.Final.jar (118/498 kB) | jakarta.servlet-api-4.0.3.jar (83 kB) | jboss-metadata-common-11.0.0.Final.jar (107/475 kB) | jboss-metadata-web-11.0.0.Final.jar (33/468 kB)Progress (5): quarkus-http-core-3.0.15.Final.jar (311/932 kB) | quarkus-http-servlet-3.0.15.Final.jar (121/498 kB) | jakarta.servlet-api-4.0.3.jar (83 kB) | jboss-metadata-common-11.0.0.Final.jar (107/475 kB) | jboss-metadata-web-11.0.0.Final.jar (33/468 kB)Progress (5): quarkus-http-core-3.0.15.Final.jar (311/932 kB) | quarkus-http-servlet-3.0.15.Final.jar (121/498 kB) | jakarta.servlet-api-4.0.3.jar (83 kB) | jboss-metadata-common-11.0.0.Final.jar (107/475 kB) | jboss-metadata-web-11.0.0.Final.jar (36/468 kB)Progress (5): quarkus-http-core-3.0.15.Final.jar (311/932 kB) | quarkus-http-servlet-3.0.15.Final.jar (123/498 kB) | jakarta.servlet-api-4.0.3.jar (83 kB) | jboss-metadata-common-11.0.0.Final.jar (107/475 kB) | jboss-metadata-web-11.0.0.Final.jar (36/468 kB)Progress (5): quarkus-http-core-3.0.15.Final.jar (311/932 kB) | quarkus-http-servlet-3.0.15.Final.jar (123/498 kB) | jakarta.servlet-api-4.0.3.jar (83 kB) | jboss-metadata-common-11.0.0.Final.jar (107/475 kB) | jboss-metadata-web-11.0.0.Final.jar (38/468 kB)Progress (5): quarkus-http-core-3.0.15.Final.jar (311/932 kB) | quarkus-http-servlet-3.0.15.Final.jar (126/498 kB) | jakarta.servlet-api-4.0.3.jar (83 kB) | jboss-metadata-common-11.0.0.Final.jar (107/475 kB) | jboss-metadata-web-11.0.0.Final.jar (38/468 kB)Progress (5): quarkus-http-core-3.0.15.Final.jar (311/932 kB) | quarkus-http-servlet-3.0.15.Final.jar (126/498 kB) | jakarta.servlet-api-4.0.3.jar (83 kB) | jboss-metadata-common-11.0.0.Final.jar (107/475 kB) | jboss-metadata-web-11.0.0.Final.jar (41/468 kB)Progress (5): quarkus-http-core-3.0.15.Final.jar (311/932 kB) | quarkus-http-servlet-3.0.15.Final.jar (129/498 kB) | jakarta.servlet-api-4.0.3.jar (83 kB) | jboss-metadata-common-11.0.0.Final.jar (107/475 kB) | jboss-metadata-web-11.0.0.Final.jar (41/468 kB)Progress (5): quarkus-http-core-3.0.15.Final.jar (311/932 kB) | quarkus-http-servlet-3.0.15.Final.jar (132/498 kB) | jakarta.servlet-api-4.0.3.jar (83 kB) | jboss-metadata-common-11.0.0.Final.jar (107/475 kB) | jboss-metadata-web-11.0.0.Final.jar (41/468 kB)Progress (5): quarkus-http-core-3.0.15.Final.jar (311/932 kB) | quarkus-http-servlet-3.0.15.Final.jar (134/498 kB) | jakarta.servlet-api-4.0.3.jar (83 kB) | jboss-metadata-common-11.0.0.Final.jar (107/475 kB) | jboss-metadata-web-11.0.0.Final.jar (41/468 kB)Progress (5): quarkus-http-core-3.0.15.Final.jar (311/932 kB) | quarkus-http-servlet-3.0.15.Final.jar (137/498 kB) | jakarta.servlet-api-4.0.3.jar (83 kB) | jboss-metadata-common-11.0.0.Final.jar (107/475 kB) | jboss-metadata-web-11.0.0.Final.jar (41/468 kB)Progress (5): quarkus-http-core-3.0.15.Final.jar (311/932 kB) | quarkus-http-servlet-3.0.15.Final.jar (140/498 kB) | jakarta.servlet-api-4.0.3.jar (83 kB) | jboss-metadata-common-11.0.0.Final.jar (107/475 kB) | jboss-metadata-web-11.0.0.Final.jar (41/468 kB)Progress (5): quarkus-http-core-3.0.15.Final.jar (311/932 kB) | quarkus-http-servlet-3.0.15.Final.jar (143/498 kB) | jakarta.servlet-api-4.0.3.jar (83 kB) | jboss-metadata-common-11.0.0.Final.jar (107/475 kB) | jboss-metadata-web-11.0.0.Final.jar (41/468 kB)Progress (5): quarkus-http-core-3.0.15.Final.jar (311/932 kB) | quarkus-http-servlet-3.0.15.Final.jar (145/498 kB) | jakarta.servlet-api-4.0.3.jar (83 kB) | jboss-metadata-common-11.0.0.Final.jar (107/475 kB) | jboss-metadata-web-11.0.0.Final.jar (41/468 kB)Progress (5): quarkus-http-core-3.0.15.Final.jar (311/932 kB) | quarkus-http-servlet-3.0.15.Final.jar (148/498 kB) | jakarta.servlet-api-4.0.3.jar (83 kB) | jboss-metadata-common-11.0.0.Final.jar (107/475 kB) | jboss-metadata-web-11.0.0.Final.jar (41/468 kB)Progress (5): quarkus-http-core-3.0.15.Final.jar (311/932 kB) | quarkus-http-servlet-3.0.15.Final.jar (151/498 kB) | jakarta.servlet-api-4.0.3.jar (83 kB) | jboss-metadata-common-11.0.0.Final.jar (107/475 kB) | jboss-metadata-web-11.0.0.Final.jar (41/468 kB)Progress (5): quarkus-http-core-3.0.15.Final.jar (311/932 kB) | quarkus-http-servlet-3.0.15.Final.jar (154/498 kB) | jakarta.servlet-api-4.0.3.jar (83 kB) | jboss-metadata-common-11.0.0.Final.jar (107/475 kB) | jboss-metadata-web-11.0.0.Final.jar (41/468 kB)                                                                                                                                                                                                                                                                  Downloaded from central: https://repo.maven.apache.org/maven2/jakarta/servlet/jakarta.servlet-api/4.0.3/jakarta.servlet-api-4.0.3.jar (83 kB at 179 kB/s)
Downloading from central: https://repo.maven.apache.org/maven2/io/quarkus/quarkus-undertow-spi/1.9.0.Final/quarkus-undertow-spi-1.9.0.Final.jar
Progress (4): quarkus-http-core-3.0.15.Final.jar (311/932 kB) | quarkus-http-servlet-3.0.15.Final.jar (156/498 kB) | jboss-metadata-common-11.0.0.Final.jar (107/475 kB) | jboss-metadata-web-11.0.0.Final.jar (41/468 kB)Progress (4): quarkus-http-core-3.0.15.Final.jar (311/932 kB) | quarkus-http-servlet-3.0.15.Final.jar (159/498 kB) | jboss-metadata-common-11.0.0.Final.jar (107/475 kB) | jboss-metadata-web-11.0.0.Final.jar (41/468 kB)Progress (4): quarkus-http-core-3.0.15.Final.jar (311/932 kB) | quarkus-http-servlet-3.0.15.Final.jar (159/498 kB) | jboss-metadata-common-11.0.0.Final.jar (110/475 kB) | jboss-metadata-web-11.0.0.Final.jar (41/468 kB)Progress (4): quarkus-http-core-3.0.15.Final.jar (311/932 kB) | quarkus-http-servlet-3.0.15.Final.jar (159/498 kB) | jboss-metadata-common-11.0.0.Final.jar (112/475 kB) | jboss-metadata-web-11.0.0.Final.jar (41/468 kB)Progress (4): quarkus-http-core-3.0.15.Final.jar (311/932 kB) | quarkus-http-servlet-3.0.15.Final.jar (159/498 kB) | jboss-metadata-common-11.0.0.Final.jar (115/475 kB) | jboss-metadata-web-11.0.0.Final.jar (41/468 kB)Progress (4): quarkus-http-core-3.0.15.Final.jar (311/932 kB) | quarkus-http-servlet-3.0.15.Final.jar (159/498 kB) | jboss-metadata-common-11.0.0.Final.jar (118/475 kB) | jboss-metadata-web-11.0.0.Final.jar (41/468 kB)Progress (4): quarkus-http-core-3.0.15.Final.jar (311/932 kB) | quarkus-http-servlet-3.0.15.Final.jar (159/498 kB) | jboss-metadata-common-11.0.0.Final.jar (121/475 kB) | jboss-metadata-web-11.0.0.Final.jar (41/468 kB)Progress (4): quarkus-http-core-3.0.15.Final.jar (311/932 kB) | quarkus-http-servlet-3.0.15.Final.jar (159/498 kB) | jboss-metadata-common-11.0.0.Final.jar (123/475 kB) | jboss-metadata-web-11.0.0.Final.jar (41/468 kB)Progress (4): quarkus-http-core-3.0.15.Final.jar (311/932 kB) | quarkus-http-servlet-3.0.15.Final.jar (159/498 kB) | jboss-metadata-common-11.0.0.Final.jar (126/475 kB) | jboss-metadata-web-11.0.0.Final.jar (41/468 kB)Progress (4): quarkus-http-core-3.0.15.Final.jar (311/932 kB) | quarkus-http-servlet-3.0.15.Final.jar (159/498 kB) | jboss-metadata-common-11.0.0.Final.jar (129/475 kB) | jboss-metadata-web-11.0.0.Final.jar (41/468 kB)Progress (4): quarkus-http-core-3.0.15.Final.jar (311/932 kB) | quarkus-http-servlet-3.0.15.Final.jar (159/498 kB) | jboss-metadata-common-11.0.0.Final.jar (132/475 kB) | jboss-metadata-web-11.0.0.Final.jar (41/468 kB)Progress (4): quarkus-http-core-3.0.15.Final.jar (311/932 kB) | quarkus-http-servlet-3.0.15.Final.jar (159/498 kB) | jboss-metadata-common-11.0.0.Final.jar (134/475 kB) | jboss-metadata-web-11.0.0.Final.jar (41/468 kB)Progress (4): quarkus-http-core-3.0.15.Final.jar (319/932 kB) | quarkus-http-servlet-3.0.15.Final.jar (159/498 kB) | jboss-metadata-common-11.0.0.Final.jar (134/475 kB) | jboss-metadata-web-11.0.0.Final.jar (41/468 kB)Progress (4): quarkus-http-core-3.0.15.Final.jar (319/932 kB) | quarkus-http-servlet-3.0.15.Final.jar (159/498 kB) | jboss-metadata-common-11.0.0.Final.jar (137/475 kB) | jboss-metadata-web-11.0.0.Final.jar (41/468 kB)Progress (4): quarkus-http-core-3.0.15.Final.jar (328/932 kB) | quarkus-http-servlet-3.0.15.Final.jar (159/498 kB) | jboss-metadata-common-11.0.0.Final.jar (137/475 kB) | jboss-metadata-web-11.0.0.Final.jar (41/468 kB)Progress (4): quarkus-http-core-3.0.15.Final.jar (328/932 kB) | quarkus-http-servlet-3.0.15.Final.jar (159/498 kB) | jboss-metadata-common-11.0.0.Final.jar (140/475 kB) | jboss-metadata-web-11.0.0.Final.jar (41/468 kB)Progress (4): quarkus-http-core-3.0.15.Final.jar (328/932 kB) | quarkus-http-servlet-3.0.15.Final.jar (159/498 kB) | jboss-metadata-common-11.0.0.Final.jar (143/475 kB) | jboss-metadata-web-11.0.0.Final.jar (41/468 kB)Progress (4): quarkus-http-core-3.0.15.Final.jar (328/932 kB) | quarkus-http-servlet-3.0.15.Final.jar (159/498 kB) | jboss-metadata-common-11.0.0.Final.jar (145/475 kB) | jboss-metadata-web-11.0.0.Final.jar (41/468 kB)Progress (4): quarkus-http-core-3.0.15.Final.jar (328/932 kB) | quarkus-http-servlet-3.0.15.Final.jar (159/498 kB) | jboss-metadata-common-11.0.0.Final.jar (148/475 kB) | jboss-metadata-web-11.0.0.Final.jar (41/468 kB)Progress (4): quarkus-http-core-3.0.15.Final.jar (328/932 kB) | quarkus-http-servlet-3.0.15.Final.jar (159/498 kB) | jboss-metadata-common-11.0.0.Final.jar (151/475 kB) | jboss-metadata-web-11.0.0.Final.jar (41/468 kB)Progress (4): quarkus-http-core-3.0.15.Final.jar (328/932 kB) | quarkus-http-servlet-3.0.15.Final.jar (159/498 kB) | jboss-metadata-common-11.0.0.Final.jar (154/475 kB) | jboss-metadata-web-11.0.0.Final.jar (41/468 kB)Progress (4): quarkus-http-core-3.0.15.Final.jar (328/932 kB) | quarkus-http-servlet-3.0.15.Final.jar (159/498 kB) | jboss-metadata-common-11.0.0.Final.jar (156/475 kB) | jboss-metadata-web-11.0.0.Final.jar (41/468 kB)Progress (4): quarkus-http-core-3.0.15.Final.jar (336/932 kB) | quarkus-http-servlet-3.0.15.Final.jar (159/498 kB) | jboss-metadata-common-11.0.0.Final.jar (156/475 kB) | jboss-metadata-web-11.0.0.Final.jar (41/468 kB)Progress (4): quarkus-http-core-3.0.15.Final.jar (336/932 kB) | quarkus-http-servlet-3.0.15.Final.jar (159/498 kB) | jboss-metadata-common-11.0.0.Final.jar (159/475 kB) | jboss-metadata-web-11.0.0.Final.jar (41/468 kB)Progress (4): quarkus-http-core-3.0.15.Final.jar (344/932 kB) | quarkus-http-servlet-3.0.15.Final.jar (159/498 kB) | jboss-metadata-common-11.0.0.Final.jar (159/475 kB) | jboss-metadata-web-11.0.0.Final.jar (41/468 kB)Progress (4): quarkus-http-core-3.0.15.Final.jar (344/932 kB) | quarkus-http-servlet-3.0.15.Final.jar (159/498 kB) | jboss-metadata-common-11.0.0.Final.jar (162/475 kB) | jboss-metadata-web-11.0.0.Final.jar (41/468 kB)Progress (4): quarkus-http-core-3.0.15.Final.jar (344/932 kB) | quarkus-http-servlet-3.0.15.Final.jar (159/498 kB) | jboss-metadata-common-11.0.0.Final.jar (165/475 kB) | jboss-metadata-web-11.0.0.Final.jar (41/468 kB)Progress (4): quarkus-http-core-3.0.15.Final.jar (344/932 kB) | quarkus-http-servlet-3.0.15.Final.jar (159/498 kB) | jboss-metadata-common-11.0.0.Final.jar (167/475 kB) | jboss-metadata-web-11.0.0.Final.jar (41/468 kB)Progress (4): quarkus-http-core-3.0.15.Final.jar (344/932 kB) | quarkus-http-servlet-3.0.15.Final.jar (159/498 kB) | jboss-metadata-common-11.0.0.Final.jar (167/475 kB) | jboss-metadata-web-11.0.0.Final.jar (44/468 kB)Progress (4): quarkus-http-core-3.0.15.Final.jar (344/932 kB) | quarkus-http-servlet-3.0.15.Final.jar (159/498 kB) | jboss-metadata-common-11.0.0.Final.jar (167/475 kB) | jboss-metadata-web-11.0.0.Final.jar (47/468 kB)Progress (4): quarkus-http-core-3.0.15.Final.jar (352/932 kB) | quarkus-http-servlet-3.0.15.Final.jar (159/498 kB) | jboss-metadata-common-11.0.0.Final.jar (167/475 kB) | jboss-metadata-web-11.0.0.Final.jar (47/468 kB)Progress (4): quarkus-http-core-3.0.15.Final.jar (352/932 kB) | quarkus-http-servlet-3.0.15.Final.jar (159/498 kB) | jboss-metadata-common-11.0.0.Final.jar (167/475 kB) | jboss-metadata-web-11.0.0.Final.jar (49/468 kB)Progress (4): quarkus-http-core-3.0.15.Final.jar (352/932 kB) | quarkus-http-servlet-3.0.15.Final.jar (162/498 kB) | jboss-metadata-common-11.0.0.Final.jar (167/475 kB) | jboss-metadata-web-11.0.0.Final.jar (49/468 kB)Progress (4): quarkus-http-core-3.0.15.Final.jar (360/932 kB) | quarkus-http-servlet-3.0.15.Final.jar (162/498 kB) | jboss-metadata-common-11.0.0.Final.jar (167/475 kB) | jboss-metadata-web-11.0.0.Final.jar (49/468 kB)Progress (4): quarkus-http-core-3.0.15.Final.jar (360/932 kB) | quarkus-http-servlet-3.0.15.Final.jar (162/498 kB) | jboss-metadata-common-11.0.0.Final.jar (167/475 kB) | jboss-metadata-web-11.0.0.Final.jar (52/468 kB)Progress (4): quarkus-http-core-3.0.15.Final.jar (360/932 kB) | quarkus-http-servlet-3.0.15.Final.jar (165/498 kB) | jboss-metadata-common-11.0.0.Final.jar (167/475 kB) | jboss-metadata-web-11.0.0.Final.jar (52/468 kB)Progress (4): quarkus-http-core-3.0.15.Final.jar (360/932 kB) | quarkus-http-servlet-3.0.15.Final.jar (165/498 kB) | jboss-metadata-common-11.0.0.Final.jar (167/475 kB) | jboss-metadata-web-11.0.0.Final.jar (55/468 kB)Progress (4): quarkus-http-core-3.0.15.Final.jar (360/932 kB) | quarkus-http-servlet-3.0.15.Final.jar (167/498 kB) | jboss-metadata-common-11.0.0.Final.jar (167/475 kB) | jboss-metadata-web-11.0.0.Final.jar (55/468 kB)Progress (4): quarkus-http-core-3.0.15.Final.jar (360/932 kB) | quarkus-http-servlet-3.0.15.Final.jar (167/498 kB) | jboss-metadata-common-11.0.0.Final.jar (167/475 kB) | jboss-metadata-web-11.0.0.Final.jar (58/468 kB)Progress (4): quarkus-http-core-3.0.15.Final.jar (360/932 kB) | quarkus-http-servlet-3.0.15.Final.jar (170/498 kB) | jboss-metadata-common-11.0.0.Final.jar (167/475 kB) | jboss-metadata-web-11.0.0.Final.jar (58/468 kB)Progress (4): quarkus-http-core-3.0.15.Final.jar (360/932 kB) | quarkus-http-servlet-3.0.15.Final.jar (170/498 kB) | jboss-metadata-common-11.0.0.Final.jar (167/475 kB) | jboss-metadata-web-11.0.0.Final.jar (60/468 kB)Progress (4): quarkus-http-core-3.0.15.Final.jar (360/932 kB) | quarkus-http-servlet-3.0.15.Final.jar (173/498 kB) | jboss-metadata-common-11.0.0.Final.jar (167/475 kB) | jboss-metadata-web-11.0.0.Final.jar (60/468 kB)Progress (4): quarkus-http-core-3.0.15.Final.jar (369/932 kB) | quarkus-http-servlet-3.0.15.Final.jar (173/498 kB) | jboss-metadata-common-11.0.0.Final.jar (167/475 kB) | jboss-metadata-web-11.0.0.Final.jar (60/468 kB)Progress (4): quarkus-http-core-3.0.15.Final.jar (369/932 kB) | quarkus-http-servlet-3.0.15.Final.jar (173/498 kB) | jboss-metadata-common-11.0.0.Final.jar (167/475 kB) | jboss-metadata-web-11.0.0.Final.jar (63/468 kB)Progress (4): quarkus-http-core-3.0.15.Final.jar (369/932 kB) | quarkus-http-servlet-3.0.15.Final.jar (175/498 kB) | jboss-metadata-common-11.0.0.Final.jar (167/475 kB) | jboss-metadata-web-11.0.0.Final.jar (63/468 kB)Progress (4): quarkus-http-core-3.0.15.Final.jar (377/932 kB) | quarkus-http-servlet-3.0.15.Final.jar (175/498 kB) | jboss-metadata-common-11.0.0.Final.jar (167/475 kB) | jboss-metadata-web-11.0.0.Final.jar (63/468 kB)Progress (4): quarkus-http-core-3.0.15.Final.jar (377/932 kB) | quarkus-http-servlet-3.0.15.Final.jar (175/498 kB) | jboss-metadata-common-11.0.0.Final.jar (167/475 kB) | jboss-metadata-web-11.0.0.Final.jar (66/468 kB)Progress (4): quarkus-http-core-3.0.15.Final.jar (377/932 kB) | quarkus-http-servlet-3.0.15.Final.jar (178/498 kB) | jboss-metadata-common-11.0.0.Final.jar (167/475 kB) | jboss-metadata-web-11.0.0.Final.jar (66/468 kB)Progress (4): quarkus-http-core-3.0.15.Final.jar (377/932 kB) | quarkus-http-servlet-3.0.15.Final.jar (178/498 kB) | jboss-metadata-common-11.0.0.Final.jar (167/475 kB) | jboss-metadata-web-11.0.0.Final.jar (69/468 kB)Progress (4): quarkus-http-core-3.0.15.Final.jar (377/932 kB) | quarkus-http-servlet-3.0.15.Final.jar (181/498 kB) | jboss-metadata-common-11.0.0.Final.jar (167/475 kB) | jboss-metadata-web-11.0.0.Final.jar (69/468 kB)Progress (4): quarkus-http-core-3.0.15.Final.jar (377/932 kB) | quarkus-http-servlet-3.0.15.Final.jar (181/498 kB) | jboss-metadata-common-11.0.0.Final.jar (167/475 kB) | jboss-metadata-web-11.0.0.Final.jar (71/468 kB)Progress (4): quarkus-http-core-3.0.15.Final.jar (377/932 kB) | quarkus-http-servlet-3.0.15.Final.jar (181/498 kB) | jboss-metadata-common-11.0.0.Final.jar (167/475 kB) | jboss-metadata-web-11.0.0.Final.jar (74/468 kB)Progress (4): quarkus-http-core-3.0.15.Final.jar (377/932 kB) | quarkus-http-servlet-3.0.15.Final.jar (181/498 kB) | jboss-metadata-common-11.0.0.Final.jar (167/475 kB) | jboss-metadata-web-11.0.0.Final.jar (77/468 kB)Progress (4): quarkus-http-core-3.0.15.Final.jar (377/932 kB) | quarkus-http-servlet-3.0.15.Final.jar (184/498 kB) | jboss-metadata-common-11.0.0.Final.jar (167/475 kB) | jboss-metadata-web-11.0.0.Final.jar (77/468 kB)Progress (4): quarkus-http-core-3.0.15.Final.jar (377/932 kB) | quarkus-http-servlet-3.0.15.Final.jar (184/498 kB) | jboss-metadata-common-11.0.0.Final.jar (167/475 kB) | jboss-metadata-web-11.0.0.Final.jar (80/468 kB)Progress (4): quarkus-http-core-3.0.15.Final.jar (377/932 kB) | quarkus-http-servlet-3.0.15.Final.jar (186/498 kB) | jboss-metadata-common-11.0.0.Final.jar (167/475 kB) | jboss-metadata-web-11.0.0.Final.jar (80/468 kB)Progress (4): quarkus-http-core-3.0.15.Final.jar (377/932 kB) | quarkus-http-servlet-3.0.15.Final.jar (186/498 kB) | jboss-metadata-common-11.0.0.Final.jar (167/475 kB) | jboss-metadata-web-11.0.0.Final.jar (82/468 kB)Progress (4): quarkus-http-core-3.0.15.Final.jar (377/932 kB) | quarkus-http-servlet-3.0.15.Final.jar (189/498 kB) | jboss-metadata-common-11.0.0.Final.jar (167/475 kB) | jboss-metadata-web-11.0.0.Final.jar (82/468 kB)Progress (4): quarkus-http-core-3.0.15.Final.jar (377/932 kB) | quarkus-http-servlet-3.0.15.Final.jar (189/498 kB) | jboss-metadata-common-11.0.0.Final.jar (167/475 kB) | jboss-metadata-web-11.0.0.Final.jar (85/468 kB)Progress (4): quarkus-http-core-3.0.15.Final.jar (377/932 kB) | quarkus-http-servlet-3.0.15.Final.jar (192/498 kB) | jboss-metadata-common-11.0.0.Final.jar (167/475 kB) | jboss-metadata-web-11.0.0.Final.jar (85/468 kB)Progress (4): quarkus-http-core-3.0.15.Final.jar (377/932 kB) | quarkus-http-servlet-3.0.15.Final.jar (192/498 kB) | jboss-metadata-common-11.0.0.Final.jar (167/475 kB) | jboss-metadata-web-11.0.0.Final.jar (88/468 kB)Progress (4): quarkus-http-core-3.0.15.Final.jar (377/932 kB) | quarkus-http-servlet-3.0.15.Final.jar (195/498 kB) | jboss-metadata-common-11.0.0.Final.jar (167/475 kB) | jboss-metadata-web-11.0.0.Final.jar (88/468 kB)Progress (4): quarkus-http-core-3.0.15.Final.jar (377/932 kB) | quarkus-http-servlet-3.0.15.Final.jar (197/498 kB) | jboss-metadata-common-11.0.0.Final.jar (167/475 kB) | jboss-metadata-web-11.0.0.Final.jar (88/468 kB)Progress (4): quarkus-http-core-3.0.15.Final.jar (377/932 kB) | quarkus-http-servlet-3.0.15.Final.jar (200/498 kB) | jboss-metadata-common-11.0.0.Final.jar (167/475 kB) | jboss-metadata-web-11.0.0.Final.jar (88/468 kB)Progress (4): quarkus-http-core-3.0.15.Final.jar (377/932 kB) | quarkus-http-servlet-3.0.15.Final.jar (200/498 kB) | jboss-metadata-common-11.0.0.Final.jar (167/475 kB) | jboss-metadata-web-11.0.0.Final.jar (90/468 kB)Progress (5): quarkus-http-core-3.0.15.Final.jar (377/932 kB) | quarkus-http-servlet-3.0.15.Final.jar (200/498 kB) | jboss-metadata-common-11.0.0.Final.jar (167/475 kB) | jboss-metadata-web-11.0.0.Final.jar (90/468 kB) | quarkus-undertow-spi-1.9.0.Final.jar (2.7/24 kB)Progress (5): quarkus-http-core-3.0.15.Final.jar (377/932 kB) | quarkus-http-servlet-3.0.15.Final.jar (200/498 kB) | jboss-metadata-common-11.0.0.Final.jar (170/475 kB) | jboss-metadata-web-11.0.0.Final.jar (90/468 kB) | quarkus-undertow-spi-1.9.0.Final.jar (2.7/24 kB)Progress (5): quarkus-http-core-3.0.15.Final.jar (377/932 kB) | quarkus-http-servlet-3.0.15.Final.jar (203/498 kB) | jboss-metadata-common-11.0.0.Final.jar (170/475 kB) | jboss-metadata-web-11.0.0.Final.jar (90/468 kB) | quarkus-undertow-spi-1.9.0.Final.jar (2.7/24 kB)Progress (5): quarkus-http-core-3.0.15.Final.jar (377/932 kB) | quarkus-http-servlet-3.0.15.Final.jar (203/498 kB) | jboss-metadata-common-11.0.0.Final.jar (170/475 kB) | jboss-metadata-web-11.0.0.Final.jar (93/468 kB) | quarkus-undertow-spi-1.9.0.Final.jar (2.7/24 kB)Progress (5): quarkus-http-core-3.0.15.Final.jar (377/932 kB) | quarkus-http-servlet-3.0.15.Final.jar (203/498 kB) | jboss-metadata-common-11.0.0.Final.jar (173/475 kB) | jboss-metadata-web-11.0.0.Final.jar (93/468 kB) | quarkus-undertow-spi-1.9.0.Final.jar (2.7/24 kB)Progress (5): quarkus-http-core-3.0.15.Final.jar (377/932 kB) | quarkus-http-servlet-3.0.15.Final.jar (203/498 kB) | jboss-metadata-common-11.0.0.Final.jar (173/475 kB) | jboss-metadata-web-11.0.0.Final.jar (93/468 kB) | quarkus-undertow-spi-1.9.0.Final.jar (5.5/24 kB)Progress (5): quarkus-http-core-3.0.15.Final.jar (377/932 kB) | quarkus-http-servlet-3.0.15.Final.jar (206/498 kB) | jboss-metadata-common-11.0.0.Final.jar (173/475 kB) | jboss-metadata-web-11.0.0.Final.jar (93/468 kB) | quarkus-undertow-spi-1.9.0.Final.jar (5.5/24 kB)Progress (5): quarkus-http-core-3.0.15.Final.jar (377/932 kB) | quarkus-http-servlet-3.0.15.Final.jar (206/498 kB) | jboss-metadata-common-11.0.0.Final.jar (175/475 kB) | jboss-metadata-web-11.0.0.Final.jar (93/468 kB) | quarkus-undertow-spi-1.9.0.Final.jar (5.5/24 kB)Progress (5): quarkus-http-core-3.0.15.Final.jar (377/932 kB) | quarkus-http-servlet-3.0.15.Final.jar (206/498 kB) | jboss-metadata-common-11.0.0.Final.jar (175/475 kB) | jboss-metadata-web-11.0.0.Final.jar (96/468 kB) | quarkus-undertow-spi-1.9.0.Final.jar (5.5/24 kB)Progress (5): quarkus-http-core-3.0.15.Final.jar (377/932 kB) | quarkus-http-servlet-3.0.15.Final.jar (206/498 kB) | jboss-metadata-common-11.0.0.Final.jar (178/475 kB) | jboss-metadata-web-11.0.0.Final.jar (96/468 kB) | quarkus-undertow-spi-1.9.0.Final.jar (5.5/24 kB)Progress (5): quarkus-http-core-3.0.15.Final.jar (377/932 kB) | quarkus-http-servlet-3.0.15.Final.jar (206/498 kB) | jboss-metadata-common-11.0.0.Final.jar (178/475 kB) | jboss-metadata-web-11.0.0.Final.jar (96/468 kB) | quarkus-undertow-spi-1.9.0.Final.jar (8.2/24 kB)Progress (5): quarkus-http-core-3.0.15.Final.jar (377/932 kB) | quarkus-http-servlet-3.0.15.Final.jar (208/498 kB) | jboss-metadata-common-11.0.0.Final.jar (178/475 kB) | jboss-metadata-web-11.0.0.Final.jar (96/468 kB) | quarkus-undertow-spi-1.9.0.Final.jar (8.2/24 kB)Progress (5): quarkus-http-core-3.0.15.Final.jar (377/932 kB) | quarkus-http-servlet-3.0.15.Final.jar (208/498 kB) | jboss-metadata-common-11.0.0.Final.jar (178/475 kB) | jboss-metadata-web-11.0.0.Final.jar (99/468 kB) | quarkus-undertow-spi-1.9.0.Final.jar (8.2/24 kB)Progress (5): quarkus-http-core-3.0.15.Final.jar (377/932 kB) | quarkus-http-servlet-3.0.15.Final.jar (208/498 kB) | jboss-metadata-common-11.0.0.Final.jar (181/475 kB) | jboss-metadata-web-11.0.0.Final.jar (99/468 kB) | quarkus-undertow-spi-1.9.0.Final.jar (8.2/24 kB)Progress (5): quarkus-http-core-3.0.15.Final.jar (377/932 kB) | quarkus-http-servlet-3.0.15.Final.jar (208/498 kB) | jboss-metadata-common-11.0.0.Final.jar (181/475 kB) | jboss-metadata-web-11.0.0.Final.jar (99/468 kB) | quarkus-undertow-spi-1.9.0.Final.jar (11/24 kB) Progress (5): quarkus-http-core-3.0.15.Final.jar (377/932 kB) | quarkus-http-servlet-3.0.15.Final.jar (211/498 kB) | jboss-metadata-common-11.0.0.Final.jar (181/475 kB) | jboss-metadata-web-11.0.0.Final.jar (99/468 kB) | quarkus-undertow-spi-1.9.0.Final.jar (11/24 kB)Progress (5): quarkus-http-core-3.0.15.Final.jar (377/932 kB) | quarkus-http-servlet-3.0.15.Final.jar (211/498 kB) | jboss-metadata-common-11.0.0.Final.jar (184/475 kB) | jboss-metadata-web-11.0.0.Final.jar (99/468 kB) | quarkus-undertow-spi-1.9.0.Final.jar (11/24 kB)Progress (5): quarkus-http-core-3.0.15.Final.jar (377/932 kB) | quarkus-http-servlet-3.0.15.Final.jar (211/498 kB) | jboss-metadata-common-11.0.0.Final.jar (184/475 kB) | jboss-metadata-web-11.0.0.Final.jar (99/468 kB) | quarkus-undertow-spi-1.9.0.Final.jar (14/24 kB)Progress (5): quarkus-http-core-3.0.15.Final.jar (377/932 kB) | quarkus-http-servlet-3.0.15.Final.jar (214/498 kB) | jboss-metadata-common-11.0.0.Final.jar (184/475 kB) | jboss-metadata-web-11.0.0.Final.jar (99/468 kB) | quarkus-undertow-spi-1.9.0.Final.jar (14/24 kB)Progress (5): quarkus-http-core-3.0.15.Final.jar (377/932 kB) | quarkus-http-servlet-3.0.15.Final.jar (214/498 kB) | jboss-metadata-common-11.0.0.Final.jar (186/475 kB) | jboss-metadata-web-11.0.0.Final.jar (99/468 kB) | quarkus-undertow-spi-1.9.0.Final.jar (14/24 kB)Progress (5): quarkus-http-core-3.0.15.Final.jar (377/932 kB) | quarkus-http-servlet-3.0.15.Final.jar (214/498 kB) | jboss-metadata-common-11.0.0.Final.jar (186/475 kB) | jboss-metadata-web-11.0.0.Final.jar (99/468 kB) | quarkus-undertow-spi-1.9.0.Final.jar (16/24 kB)Progress (5): quarkus-http-core-3.0.15.Final.jar (377/932 kB) | quarkus-http-servlet-3.0.15.Final.jar (217/498 kB) | jboss-metadata-common-11.0.0.Final.jar (186/475 kB) | jboss-metadata-web-11.0.0.Final.jar (99/468 kB) | quarkus-undertow-spi-1.9.0.Final.jar (16/24 kB)Progress (5): quarkus-http-core-3.0.15.Final.jar (377/932 kB) | quarkus-http-servlet-3.0.15.Final.jar (217/498 kB) | jboss-metadata-common-11.0.0.Final.jar (189/475 kB) | jboss-metadata-web-11.0.0.Final.jar (99/468 kB) | quarkus-undertow-spi-1.9.0.Final.jar (16/24 kB)Progress (5): quarkus-http-core-3.0.15.Final.jar (377/932 kB) | quarkus-http-servlet-3.0.15.Final.jar (219/498 kB) | jboss-metadata-common-11.0.0.Final.jar (189/475 kB) | jboss-metadata-web-11.0.0.Final.jar (99/468 kB) | quarkus-undertow-spi-1.9.0.Final.jar (16/24 kB)Progress (5): quarkus-http-core-3.0.15.Final.jar (377/932 kB) | quarkus-http-servlet-3.0.15.Final.jar (219/498 kB) | jboss-metadata-common-11.0.0.Final.jar (189/475 kB) | jboss-metadata-web-11.0.0.Final.jar (99/468 kB) | quarkus-undertow-spi-1.9.0.Final.jar (19/24 kB)Progress (5): quarkus-http-core-3.0.15.Final.jar (377/932 kB) | quarkus-http-servlet-3.0.15.Final.jar (219/498 kB) | jboss-metadata-common-11.0.0.Final.jar (192/475 kB) | jboss-metadata-web-11.0.0.Final.jar (99/468 kB) | quarkus-undertow-spi-1.9.0.Final.jar (19/24 kB)Progress (5): quarkus-http-core-3.0.15.Final.jar (377/932 kB) | quarkus-http-servlet-3.0.15.Final.jar (219/498 kB) | jboss-metadata-common-11.0.0.Final.jar (192/475 kB) | jboss-metadata-web-11.0.0.Final.jar (99/468 kB) | quarkus-undertow-spi-1.9.0.Final.jar (22/24 kB)Progress (5): quarkus-http-core-3.0.15.Final.jar (377/932 kB) | quarkus-http-servlet-3.0.15.Final.jar (219/498 kB) | jboss-metadata-common-11.0.0.Final.jar (192/475 kB) | jboss-metadata-web-11.0.0.Final.jar (99/468 kB) | quarkus-undertow-spi-1.9.0.Final.jar (24 kB)   Progress (5): quarkus-http-core-3.0.15.Final.jar (377/932 kB) | quarkus-http-servlet-3.0.15.Final.jar (219/498 kB) | jboss-metadata-common-11.0.0.Final.jar (195/475 kB) | jboss-metadata-web-11.0.0.Final.jar (99/468 kB) | quarkus-undertow-spi-1.9.0.Final.jar (24 kB)Progress (5): quarkus-http-core-3.0.15.Final.jar (385/932 kB) | quarkus-http-servlet-3.0.15.Final.jar (219/498 kB) | jboss-metadata-common-11.0.0.Final.jar (195/475 kB) | jboss-metadata-web-11.0.0.Final.jar (99/468 kB) | quarkus-undertow-spi-1.9.0.Final.jar (24 kB)Progress (5): quarkus-http-core-3.0.15.Final.jar (385/932 kB) | quarkus-http-servlet-3.0.15.Final.jar (219/498 kB) | jboss-metadata-common-11.0.0.Final.jar (197/475 kB) | jboss-metadata-web-11.0.0.Final.jar (99/468 kB) | quarkus-undertow-spi-1.9.0.Final.jar (24 kB)Progress (5): quarkus-http-core-3.0.15.Final.jar (393/932 kB) | quarkus-http-servlet-3.0.15.Final.jar (219/498 kB) | jboss-metadata-common-11.0.0.Final.jar (197/475 kB) | jboss-metadata-web-11.0.0.Final.jar (99/468 kB) | quarkus-undertow-spi-1.9.0.Final.jar (24 kB)Progress (5): quarkus-http-core-3.0.15.Final.jar (393/932 kB) | quarkus-http-servlet-3.0.15.Final.jar (219/498 kB) | jboss-metadata-common-11.0.0.Final.jar (200/475 kB) | jboss-metadata-web-11.0.0.Final.jar (99/468 kB) | quarkus-undertow-spi-1.9.0.Final.jar (24 kB)Progress (5): quarkus-http-core-3.0.15.Final.jar (393/932 kB) | quarkus-http-servlet-3.0.15.Final.jar (219/498 kB) | jboss-metadata-common-11.0.0.Final.jar (203/475 kB) | jboss-metadata-web-11.0.0.Final.jar (99/468 kB) | quarkus-undertow-spi-1.9.0.Final.jar (24 kB)Progress (5): quarkus-http-core-3.0.15.Final.jar (393/932 kB) | quarkus-http-servlet-3.0.15.Final.jar (219/498 kB) | jboss-metadata-common-11.0.0.Final.jar (206/475 kB) | jboss-metadata-web-11.0.0.Final.jar (99/468 kB) | quarkus-undertow-spi-1.9.0.Final.jar (24 kB)Progress (5): quarkus-http-core-3.0.15.Final.jar (393/932 kB) | quarkus-http-servlet-3.0.15.Final.jar (219/498 kB) | jboss-metadata-common-11.0.0.Final.jar (208/475 kB) | jboss-metadata-web-11.0.0.Final.jar (99/468 kB) | quarkus-undertow-spi-1.9.0.Final.jar (24 kB)Progress (5): quarkus-http-core-3.0.15.Final.jar (401/932 kB) | quarkus-http-servlet-3.0.15.Final.jar (219/498 kB) | jboss-metadata-common-11.0.0.Final.jar (208/475 kB) | jboss-metadata-web-11.0.0.Final.jar (99/468 kB) | quarkus-undertow-spi-1.9.0.Final.jar (24 kB)Progress (5): quarkus-http-core-3.0.15.Final.jar (401/932 kB) | quarkus-http-servlet-3.0.15.Final.jar (219/498 kB) | jboss-metadata-common-11.0.0.Final.jar (211/475 kB) | jboss-metadata-web-11.0.0.Final.jar (99/468 kB) | quarkus-undertow-spi-1.9.0.Final.jar (24 kB)Progress (5): quarkus-http-core-3.0.15.Final.jar (401/932 kB) | quarkus-http-servlet-3.0.15.Final.jar (219/498 kB) | jboss-metadata-common-11.0.0.Final.jar (214/475 kB) | jboss-metadata-web-11.0.0.Final.jar (99/468 kB) | quarkus-undertow-spi-1.9.0.Final.jar (24 kB)Progress (5): quarkus-http-core-3.0.15.Final.jar (410/932 kB) | quarkus-http-servlet-3.0.15.Final.jar (219/498 kB) | jboss-metadata-common-11.0.0.Final.jar (214/475 kB) | jboss-metadata-web-11.0.0.Final.jar (99/468 kB) | quarkus-undertow-spi-1.9.0.Final.jar (24 kB)Progress (5): quarkus-http-core-3.0.15.Final.jar (410/932 kB) | quarkus-http-servlet-3.0.15.Final.jar (219/498 kB) | jboss-metadata-common-11.0.0.Final.jar (217/475 kB) | jboss-metadata-web-11.0.0.Final.jar (99/468 kB) | quarkus-undertow-spi-1.9.0.Final.jar (24 kB)Progress (5): quarkus-http-core-3.0.15.Final.jar (410/932 kB) | quarkus-http-servlet-3.0.15.Final.jar (219/498 kB) | jboss-metadata-common-11.0.0.Final.jar (219/475 kB) | jboss-metadata-web-11.0.0.Final.jar (99/468 kB) | quarkus-undertow-spi-1.9.0.Final.jar (24 kB)Progress (5): quarkus-http-core-3.0.15.Final.jar (410/932 kB) | quarkus-http-servlet-3.0.15.Final.jar (219/498 kB) | jboss-metadata-common-11.0.0.Final.jar (219/475 kB) | jboss-metadata-web-11.0.0.Final.jar (101/468 kB) | quarkus-undertow-spi-1.9.0.Final.jar (24 kB)Progress (5): quarkus-http-core-3.0.15.Final.jar (410/932 kB) | quarkus-http-servlet-3.0.15.Final.jar (219/498 kB) | jboss-metadata-common-11.0.0.Final.jar (219/475 kB) | jboss-metadata-web-11.0.0.Final.jar (104/468 kB) | quarkus-undertow-spi-1.9.0.Final.jar (24 kB)Progress (5): quarkus-http-core-3.0.15.Final.jar (410/932 kB) | quarkus-http-servlet-3.0.15.Final.jar (219/498 kB) | jboss-metadata-common-11.0.0.Final.jar (219/475 kB) | jboss-metadata-web-11.0.0.Final.jar (107/468 kB) | quarkus-undertow-spi-1.9.0.Final.jar (24 kB)Progress (5): quarkus-http-core-3.0.15.Final.jar (410/932 kB) | quarkus-http-servlet-3.0.15.Final.jar (219/498 kB) | jboss-metadata-common-11.0.0.Final.jar (219/475 kB) | jboss-metadata-web-11.0.0.Final.jar (110/468 kB) | quarkus-undertow-spi-1.9.0.Final.jar (24 kB)Progress (5): quarkus-http-core-3.0.15.Final.jar (418/932 kB) | quarkus-http-servlet-3.0.15.Final.jar (219/498 kB) | jboss-metadata-common-11.0.0.Final.jar (219/475 kB) | jboss-metadata-web-11.0.0.Final.jar (110/468 kB) | quarkus-undertow-spi-1.9.0.Final.jar (24 kB)Progress (5): quarkus-http-core-3.0.15.Final.jar (426/932 kB) | quarkus-http-servlet-3.0.15.Final.jar (219/498 kB) | jboss-metadata-common-11.0.0.Final.jar (219/475 kB) | jboss-metadata-web-11.0.0.Final.jar (110/468 kB) | quarkus-undertow-spi-1.9.0.Final.jar (24 kB)Progress (5): quarkus-http-core-3.0.15.Final.jar (426/932 kB) | quarkus-http-servlet-3.0.15.Final.jar (219/498 kB) | jboss-metadata-common-11.0.0.Final.jar (219/475 kB) | jboss-metadata-web-11.0.0.Final.jar (112/468 kB) | quarkus-undertow-spi-1.9.0.Final.jar (24 kB)Progress (5): quarkus-http-core-3.0.15.Final.jar (426/932 kB) | quarkus-http-servlet-3.0.15.Final.jar (219/498 kB) | jboss-metadata-common-11.0.0.Final.jar (219/475 kB) | jboss-metadata-web-11.0.0.Final.jar (115/468 kB) | quarkus-undertow-spi-1.9.0.Final.jar (24 kB)Progress (5): quarkus-http-core-3.0.15.Final.jar (426/932 kB) | quarkus-http-servlet-3.0.15.Final.jar (219/498 kB) | jboss-metadata-common-11.0.0.Final.jar (219/475 kB) | jboss-metadata-web-11.0.0.Final.jar (118/468 kB) | quarkus-undertow-spi-1.9.0.Final.jar (24 kB)Progress (5): quarkus-http-core-3.0.15.Final.jar (426/932 kB) | quarkus-http-servlet-3.0.15.Final.jar (219/498 kB) | jboss-metadata-common-11.0.0.Final.jar (219/475 kB) | jboss-metadata-web-11.0.0.Final.jar (121/468 kB) | quarkus-undertow-spi-1.9.0.Final.jar (24 kB)Progress (5): quarkus-http-core-3.0.15.Final.jar (426/932 kB) | quarkus-http-servlet-3.0.15.Final.jar (219/498 kB) | jboss-metadata-common-11.0.0.Final.jar (219/475 kB) | jboss-metadata-web-11.0.0.Final.jar (123/468 kB) | quarkus-undertow-spi-1.9.0.Final.jar (24 kB)Progress (5): quarkus-http-core-3.0.15.Final.jar (426/932 kB) | quarkus-http-servlet-3.0.15.Final.jar (219/498 kB) | jboss-metadata-common-11.0.0.Final.jar (219/475 kB) | jboss-metadata-web-11.0.0.Final.jar (126/468 kB) | quarkus-undertow-spi-1.9.0.Final.jar (24 kB)Progress (5): quarkus-http-core-3.0.15.Final.jar (434/932 kB) | quarkus-http-servlet-3.0.15.Final.jar (219/498 kB) | jboss-metadata-common-11.0.0.Final.jar (219/475 kB) | jboss-metadata-web-11.0.0.Final.jar (126/468 kB) | quarkus-undertow-spi-1.9.0.Final.jar (24 kB)Progress (5): quarkus-http-core-3.0.15.Final.jar (442/932 kB) | quarkus-http-servlet-3.0.15.Final.jar (219/498 kB) | jboss-metadata-common-11.0.0.Final.jar (219/475 kB) | jboss-metadata-web-11.0.0.Final.jar (126/468 kB) | quarkus-undertow-spi-1.9.0.Final.jar (24 kB)Progress (5): quarkus-http-core-3.0.15.Final.jar (442/932 kB) | quarkus-http-servlet-3.0.15.Final.jar (219/498 kB) | jboss-metadata-common-11.0.0.Final.jar (219/475 kB) | jboss-metadata-web-11.0.0.Final.jar (129/468 kB) | quarkus-undertow-spi-1.9.0.Final.jar (24 kB)Progress (5): quarkus-http-core-3.0.15.Final.jar (442/932 kB) | quarkus-http-servlet-3.0.15.Final.jar (223/498 kB) | jboss-metadata-common-11.0.0.Final.jar (219/475 kB) | jboss-metadata-web-11.0.0.Final.jar (129/468 kB) | quarkus-undertow-spi-1.9.0.Final.jar (24 kB)Progress (5): quarkus-http-core-3.0.15.Final.jar (442/932 kB) | quarkus-http-servlet-3.0.15.Final.jar (227/498 kB) | jboss-metadata-common-11.0.0.Final.jar (219/475 kB) | jboss-metadata-web-11.0.0.Final.jar (129/468 kB) | quarkus-undertow-spi-1.9.0.Final.jar (24 kB)Progress (5): quarkus-http-core-3.0.15.Final.jar (442/932 kB) | quarkus-http-servlet-3.0.15.Final.jar (227/498 kB) | jboss-metadata-common-11.0.0.Final.jar (219/475 kB) | jboss-metadata-web-11.0.0.Final.jar (132/468 kB) | quarkus-undertow-spi-1.9.0.Final.jar (24 kB)Progress (5): quarkus-http-core-3.0.15.Final.jar (442/932 kB) | quarkus-http-servlet-3.0.15.Final.jar (231/498 kB) | jboss-metadata-common-11.0.0.Final.jar (219/475 kB) | jboss-metadata-web-11.0.0.Final.jar (132/468 kB) | quarkus-undertow-spi-1.9.0.Final.jar (24 kB)Progress (5): quarkus-http-core-3.0.15.Final.jar (442/932 kB) | quarkus-http-servlet-3.0.15.Final.jar (235/498 kB) | jboss-metadata-common-11.0.0.Final.jar (219/475 kB) | jboss-metadata-web-11.0.0.Final.jar (132/468 kB) | quarkus-undertow-spi-1.9.0.Final.jar (24 kB)Progress (5): quarkus-http-core-3.0.15.Final.jar (442/932 kB) | quarkus-http-servlet-3.0.15.Final.jar (235/498 kB) | jboss-metadata-common-11.0.0.Final.jar (219/475 kB) | jboss-metadata-web-11.0.0.Final.jar (134/468 kB) | quarkus-undertow-spi-1.9.0.Final.jar (24 kB)Progress (5): quarkus-http-core-3.0.15.Final.jar (442/932 kB) | quarkus-http-servlet-3.0.15.Final.jar (235/498 kB) | jboss-metadata-common-11.0.0.Final.jar (219/475 kB) | jboss-metadata-web-11.0.0.Final.jar (137/468 kB) | quarkus-undertow-spi-1.9.0.Final.jar (24 kB)Progress (5): quarkus-http-core-3.0.15.Final.jar (442/932 kB) | quarkus-http-servlet-3.0.15.Final.jar (235/498 kB) | jboss-metadata-common-11.0.0.Final.jar (219/475 kB) | jboss-metadata-web-11.0.0.Final.jar (140/468 kB) | quarkus-undertow-spi-1.9.0.Final.jar (24 kB)Progress (5): quarkus-http-core-3.0.15.Final.jar (442/932 kB) | quarkus-http-servlet-3.0.15.Final.jar (235/498 kB) | jboss-metadata-common-11.0.0.Final.jar (219/475 kB) | jboss-metadata-web-11.0.0.Final.jar (143/468 kB) | quarkus-undertow-spi-1.9.0.Final.jar (24 kB)Progress (5): quarkus-http-core-3.0.15.Final.jar (442/932 kB) | quarkus-http-servlet-3.0.15.Final.jar (235/498 kB) | jboss-metadata-common-11.0.0.Final.jar (219/475 kB) | jboss-metadata-web-11.0.0.Final.jar (145/468 kB) | quarkus-undertow-spi-1.9.0.Final.jar (24 kB)Progress (5): quarkus-http-core-3.0.15.Final.jar (442/932 kB) | quarkus-http-servlet-3.0.15.Final.jar (235/498 kB) | jboss-metadata-common-11.0.0.Final.jar (219/475 kB) | jboss-metadata-web-11.0.0.Final.jar (148/468 kB) | quarkus-undertow-spi-1.9.0.Final.jar (24 kB)Progress (5): quarkus-http-core-3.0.15.Final.jar (442/932 kB) | quarkus-http-servlet-3.0.15.Final.jar (235/498 kB) | jboss-metadata-common-11.0.0.Final.jar (219/475 kB) | jboss-metadata-web-11.0.0.Final.jar (151/468 kB) | quarkus-undertow-spi-1.9.0.Final.jar (24 kB)Progress (5): quarkus-http-core-3.0.15.Final.jar (442/932 kB) | quarkus-http-servlet-3.0.15.Final.jar (239/498 kB) | jboss-metadata-common-11.0.0.Final.jar (219/475 kB) | jboss-metadata-web-11.0.0.Final.jar (151/468 kB) | quarkus-undertow-spi-1.9.0.Final.jar (24 kB)Progress (5): quarkus-http-core-3.0.15.Final.jar (442/932 kB) | quarkus-http-servlet-3.0.15.Final.jar (243/498 kB) | jboss-metadata-common-11.0.0.Final.jar (219/475 kB) | jboss-metadata-web-11.0.0.Final.jar (151/468 kB) | quarkus-undertow-spi-1.9.0.Final.jar (24 kB)Progress (5): quarkus-http-core-3.0.15.Final.jar (442/932 kB) | quarkus-http-servlet-3.0.15.Final.jar (247/498 kB) | jboss-metadata-common-11.0.0.Final.jar (219/475 kB) | jboss-metadata-web-11.0.0.Final.jar (151/468 kB) | quarkus-undertow-spi-1.9.0.Final.jar (24 kB)Progress (5): quarkus-http-core-3.0.15.Final.jar (442/932 kB) | quarkus-http-servlet-3.0.15.Final.jar (251/498 kB) | jboss-metadata-common-11.0.0.Final.jar (219/475 kB) | jboss-metadata-web-11.0.0.Final.jar (151/468 kB) | quarkus-undertow-spi-1.9.0.Final.jar (24 kB)Progress (5): quarkus-http-core-3.0.15.Final.jar (442/932 kB) | quarkus-http-servlet-3.0.15.Final.jar (251/498 kB) | jboss-metadata-common-11.0.0.Final.jar (219/475 kB) | jboss-metadata-web-11.0.0.Final.jar (154/468 kB) | quarkus-undertow-spi-1.9.0.Final.jar (24 kB)Progress (5): quarkus-http-core-3.0.15.Final.jar (442/932 kB) | quarkus-http-servlet-3.0.15.Final.jar (251/498 kB) | jboss-metadata-common-11.0.0.Final.jar (219/475 kB) | jboss-metadata-web-11.0.0.Final.jar (156/468 kB) | quarkus-undertow-spi-1.9.0.Final.jar (24 kB)Progress (5): quarkus-http-core-3.0.15.Final.jar (442/932 kB) | quarkus-http-servlet-3.0.15.Final.jar (251/498 kB) | jboss-metadata-common-11.0.0.Final.jar (223/475 kB) | jboss-metadata-web-11.0.0.Final.jar (156/468 kB) | quarkus-undertow-spi-1.9.0.Final.jar (24 kB)Progress (5): quarkus-http-core-3.0.15.Final.jar (442/932 kB) | quarkus-http-servlet-3.0.15.Final.jar (251/498 kB) | jboss-metadata-common-11.0.0.Final.jar (223/475 kB) | jboss-metadata-web-11.0.0.Final.jar (159/468 kB) | quarkus-undertow-spi-1.9.0.Final.jar (24 kB)Progress (5): quarkus-http-core-3.0.15.Final.jar (442/932 kB) | quarkus-http-servlet-3.0.15.Final.jar (251/498 kB) | jboss-metadata-common-11.0.0.Final.jar (227/475 kB) | jboss-metadata-web-11.0.0.Final.jar (159/468 kB) | quarkus-undertow-spi-1.9.0.Final.jar (24 kB)Progress (5): quarkus-http-core-3.0.15.Final.jar (442/932 kB) | quarkus-http-servlet-3.0.15.Final.jar (251/498 kB) | jboss-metadata-common-11.0.0.Final.jar (231/475 kB) | jboss-metadata-web-11.0.0.Final.jar (159/468 kB) | quarkus-undertow-spi-1.9.0.Final.jar (24 kB)Progress (5): quarkus-http-core-3.0.15.Final.jar (442/932 kB) | quarkus-http-servlet-3.0.15.Final.jar (251/498 kB) | jboss-metadata-common-11.0.0.Final.jar (235/475 kB) | jboss-metadata-web-11.0.0.Final.jar (159/468 kB) | quarkus-undertow-spi-1.9.0.Final.jar (24 kB)Progress (5): quarkus-http-core-3.0.15.Final.jar (442/932 kB) | quarkus-http-servlet-3.0.15.Final.jar (256/498 kB) | jboss-metadata-common-11.0.0.Final.jar (235/475 kB) | jboss-metadata-web-11.0.0.Final.jar (159/468 kB) | quarkus-undertow-spi-1.9.0.Final.jar (24 kB)Progress (5): quarkus-http-core-3.0.15.Final.jar (442/932 kB) | quarkus-http-servlet-3.0.15.Final.jar (260/498 kB) | jboss-metadata-common-11.0.0.Final.jar (235/475 kB) | jboss-metadata-web-11.0.0.Final.jar (159/468 kB) | quarkus-undertow-spi-1.9.0.Final.jar (24 kB)Progress (5): quarkus-http-core-3.0.15.Final.jar (442/932 kB) | quarkus-http-servlet-3.0.15.Final.jar (260/498 kB) | jboss-metadata-common-11.0.0.Final.jar (239/475 kB) | jboss-metadata-web-11.0.0.Final.jar (159/468 kB) | quarkus-undertow-spi-1.9.0.Final.jar (24 kB)Progress (5): quarkus-http-core-3.0.15.Final.jar (442/932 kB) | quarkus-http-servlet-3.0.15.Final.jar (264/498 kB) | jboss-metadata-common-11.0.0.Final.jar (239/475 kB) | jboss-metadata-web-11.0.0.Final.jar (159/468 kB) | quarkus-undertow-spi-1.9.0.Final.jar (24 kB)Progress (5): quarkus-http-core-3.0.15.Final.jar (442/932 kB) | quarkus-http-servlet-3.0.15.Final.jar (264/498 kB) | jboss-metadata-common-11.0.0.Final.jar (243/475 kB) | jboss-metadata-web-11.0.0.Final.jar (159/468 kB) | quarkus-undertow-spi-1.9.0.Final.jar (24 kB)Progress (5): quarkus-http-core-3.0.15.Final.jar (442/932 kB) | quarkus-http-servlet-3.0.15.Final.jar (268/498 kB) | jboss-metadata-common-11.0.0.Final.jar (243/475 kB) | jboss-metadata-web-11.0.0.Final.jar (159/468 kB) | quarkus-undertow-spi-1.9.0.Final.jar (24 kB)Progress (5): quarkus-http-core-3.0.15.Final.jar (442/932 kB) | quarkus-http-servlet-3.0.15.Final.jar (268/498 kB) | jboss-metadata-common-11.0.0.Final.jar (247/475 kB) | jboss-metadata-web-11.0.0.Final.jar (159/468 kB) | quarkus-undertow-spi-1.9.0.Final.jar (24 kB)Progress (5): quarkus-http-core-3.0.15.Final.jar (442/932 kB) | quarkus-http-servlet-3.0.15.Final.jar (268/498 kB) | jboss-metadata-common-11.0.0.Final.jar (251/475 kB) | jboss-metadata-web-11.0.0.Final.jar (159/468 kB) | quarkus-undertow-spi-1.9.0.Final.jar (24 kB)Progress (5): quarkus-http-core-3.0.15.Final.jar (442/932 kB) | quarkus-http-servlet-3.0.15.Final.jar (272/498 kB) | jboss-metadata-common-11.0.0.Final.jar (251/475 kB) | jboss-metadata-web-11.0.0.Final.jar (159/468 kB) | quarkus-undertow-spi-1.9.0.Final.jar (24 kB)Progress (5): quarkus-http-core-3.0.15.Final.jar (442/932 kB) | quarkus-http-servlet-3.0.15.Final.jar (276/498 kB) | jboss-metadata-common-11.0.0.Final.jar (251/475 kB) | jboss-metadata-web-11.0.0.Final.jar (159/468 kB) | quarkus-undertow-spi-1.9.0.Final.jar (24 kB)Progress (5): quarkus-http-core-3.0.15.Final.jar (442/932 kB) | quarkus-http-servlet-3.0.15.Final.jar (280/498 kB) | jboss-metadata-common-11.0.0.Final.jar (251/475 kB) | jboss-metadata-web-11.0.0.Final.jar (159/468 kB) | quarkus-undertow-spi-1.9.0.Final.jar (24 kB)Progress (5): quarkus-http-core-3.0.15.Final.jar (442/932 kB) | quarkus-http-servlet-3.0.15.Final.jar (284/498 kB) | jboss-metadata-common-11.0.0.Final.jar (251/475 kB) | jboss-metadata-web-11.0.0.Final.jar (159/468 kB) | quarkus-undertow-spi-1.9.0.Final.jar (24 kB)Progress (5): quarkus-http-core-3.0.15.Final.jar (442/932 kB) | quarkus-http-servlet-3.0.15.Final.jar (284/498 kB) | jboss-metadata-common-11.0.0.Final.jar (256/475 kB) | jboss-metadata-web-11.0.0.Final.jar (159/468 kB) | quarkus-undertow-spi-1.9.0.Final.jar (24 kB)Progress (5): quarkus-http-core-3.0.15.Final.jar (442/932 kB) | quarkus-http-servlet-3.0.15.Final.jar (284/498 kB) | jboss-metadata-common-11.0.0.Final.jar (260/475 kB) | jboss-metadata-web-11.0.0.Final.jar (159/468 kB) | quarkus-undertow-spi-1.9.0.Final.jar (24 kB)Progress (5): quarkus-http-core-3.0.15.Final.jar (451/932 kB) | quarkus-http-servlet-3.0.15.Final.jar (284/498 kB) | jboss-metadata-common-11.0.0.Final.jar (260/475 kB) | jboss-metadata-web-11.0.0.Final.jar (159/468 kB) | quarkus-undertow-spi-1.9.0.Final.jar (24 kB)Progress (5): quarkus-http-core-3.0.15.Final.jar (451/932 kB) | quarkus-http-servlet-3.0.15.Final.jar (284/498 kB) | jboss-metadata-common-11.0.0.Final.jar (264/475 kB) | jboss-metadata-web-11.0.0.Final.jar (159/468 kB) | quarkus-undertow-spi-1.9.0.Final.jar (24 kB)Progress (5): quarkus-http-core-3.0.15.Final.jar (451/932 kB) | quarkus-http-servlet-3.0.15.Final.jar (284/498 kB) | jboss-metadata-common-11.0.0.Final.jar (268/475 kB) | jboss-metadata-web-11.0.0.Final.jar (159/468 kB) | quarkus-undertow-spi-1.9.0.Final.jar (24 kB)Progress (5): quarkus-http-core-3.0.15.Final.jar (459/932 kB) | quarkus-http-servlet-3.0.15.Final.jar (284/498 kB) | jboss-metadata-common-11.0.0.Final.jar (268/475 kB) | jboss-metadata-web-11.0.0.Final.jar (159/468 kB) | quarkus-undertow-spi-1.9.0.Final.jar (24 kB)                                                                                                                                                                                                                                                                          Downloaded from central: https://repo.maven.apache.org/maven2/io/quarkus/quarkus-undertow-spi/1.9.0.Final/quarkus-undertow-spi-1.9.0.Final.jar (24 kB at 41 kB/s)
Downloading from central: https://repo.maven.apache.org/maven2/io/quarkus/quarkus-netty-deployment/1.9.0.Final/quarkus-netty-deployment-1.9.0.Final.jar
Progress (4): quarkus-http-core-3.0.15.Final.jar (459/932 kB) | quarkus-http-servlet-3.0.15.Final.jar (284/498 kB) | jboss-metadata-common-11.0.0.Final.jar (272/475 kB) | jboss-metadata-web-11.0.0.Final.jar (159/468 kB)Progress (4): quarkus-http-core-3.0.15.Final.jar (459/932 kB) | quarkus-http-servlet-3.0.15.Final.jar (284/498 kB) | jboss-metadata-common-11.0.0.Final.jar (276/475 kB) | jboss-metadata-web-11.0.0.Final.jar (159/468 kB)Progress (4): quarkus-http-core-3.0.15.Final.jar (459/932 kB) | quarkus-http-servlet-3.0.15.Final.jar (284/498 kB) | jboss-metadata-common-11.0.0.Final.jar (280/475 kB) | jboss-metadata-web-11.0.0.Final.jar (159/468 kB)Progress (4): quarkus-http-core-3.0.15.Final.jar (459/932 kB) | quarkus-http-servlet-3.0.15.Final.jar (284/498 kB) | jboss-metadata-common-11.0.0.Final.jar (280/475 kB) | jboss-metadata-web-11.0.0.Final.jar (162/468 kB)Progress (4): quarkus-http-core-3.0.15.Final.jar (459/932 kB) | quarkus-http-servlet-3.0.15.Final.jar (284/498 kB) | jboss-metadata-common-11.0.0.Final.jar (284/475 kB) | jboss-metadata-web-11.0.0.Final.jar (162/468 kB)Progress (4): quarkus-http-core-3.0.15.Final.jar (467/932 kB) | quarkus-http-servlet-3.0.15.Final.jar (284/498 kB) | jboss-metadata-common-11.0.0.Final.jar (284/475 kB) | jboss-metadata-web-11.0.0.Final.jar (162/468 kB)Progress (4): quarkus-http-core-3.0.15.Final.jar (467/932 kB) | quarkus-http-servlet-3.0.15.Final.jar (284/498 kB) | jboss-metadata-common-11.0.0.Final.jar (284/475 kB) | jboss-metadata-web-11.0.0.Final.jar (165/468 kB)Progress (4): quarkus-http-core-3.0.15.Final.jar (467/932 kB) | quarkus-http-servlet-3.0.15.Final.jar (284/498 kB) | jboss-metadata-common-11.0.0.Final.jar (284/475 kB) | jboss-metadata-web-11.0.0.Final.jar (167/468 kB)Progress (4): quarkus-http-core-3.0.15.Final.jar (475/932 kB) | quarkus-http-servlet-3.0.15.Final.jar (284/498 kB) | jboss-metadata-common-11.0.0.Final.jar (284/475 kB) | jboss-metadata-web-11.0.0.Final.jar (167/468 kB)Progress (4): quarkus-http-core-3.0.15.Final.jar (475/932 kB) | quarkus-http-servlet-3.0.15.Final.jar (284/498 kB) | jboss-metadata-common-11.0.0.Final.jar (284/475 kB) | jboss-metadata-web-11.0.0.Final.jar (170/468 kB)Progress (4): quarkus-http-core-3.0.15.Final.jar (475/932 kB) | quarkus-http-servlet-3.0.15.Final.jar (284/498 kB) | jboss-metadata-common-11.0.0.Final.jar (284/475 kB) | jboss-metadata-web-11.0.0.Final.jar (173/468 kB)Progress (4): quarkus-http-core-3.0.15.Final.jar (475/932 kB) | quarkus-http-servlet-3.0.15.Final.jar (284/498 kB) | jboss-metadata-common-11.0.0.Final.jar (284/475 kB) | jboss-metadata-web-11.0.0.Final.jar (175/468 kB)Progress (4): quarkus-http-core-3.0.15.Final.jar (483/932 kB) | quarkus-http-servlet-3.0.15.Final.jar (284/498 kB) | jboss-metadata-common-11.0.0.Final.jar (284/475 kB) | jboss-metadata-web-11.0.0.Final.jar (175/468 kB)Progress (4): quarkus-http-core-3.0.15.Final.jar (483/932 kB) | quarkus-http-servlet-3.0.15.Final.jar (284/498 kB) | jboss-metadata-common-11.0.0.Final.jar (284/475 kB) | jboss-metadata-web-11.0.0.Final.jar (178/468 kB)Progress (4): quarkus-http-core-3.0.15.Final.jar (483/932 kB) | quarkus-http-servlet-3.0.15.Final.jar (284/498 kB) | jboss-metadata-common-11.0.0.Final.jar (284/475 kB) | jboss-metadata-web-11.0.0.Final.jar (181/468 kB)Progress (4): quarkus-http-core-3.0.15.Final.jar (492/932 kB) | quarkus-http-servlet-3.0.15.Final.jar (284/498 kB) | jboss-metadata-common-11.0.0.Final.jar (284/475 kB) | jboss-metadata-web-11.0.0.Final.jar (181/468 kB)Progress (4): quarkus-http-core-3.0.15.Final.jar (492/932 kB) | quarkus-http-servlet-3.0.15.Final.jar (284/498 kB) | jboss-metadata-common-11.0.0.Final.jar (284/475 kB) | jboss-metadata-web-11.0.0.Final.jar (184/468 kB)Progress (4): quarkus-http-core-3.0.15.Final.jar (492/932 kB) | quarkus-http-servlet-3.0.15.Final.jar (284/498 kB) | jboss-metadata-common-11.0.0.Final.jar (284/475 kB) | jboss-metadata-web-11.0.0.Final.jar (186/468 kB)Progress (4): quarkus-http-core-3.0.15.Final.jar (492/932 kB) | quarkus-http-servlet-3.0.15.Final.jar (284/498 kB) | jboss-metadata-common-11.0.0.Final.jar (284/475 kB) | jboss-metadata-web-11.0.0.Final.jar (189/468 kB)Progress (4): quarkus-http-core-3.0.15.Final.jar (500/932 kB) | quarkus-http-servlet-3.0.15.Final.jar (284/498 kB) | jboss-metadata-common-11.0.0.Final.jar (284/475 kB) | jboss-metadata-web-11.0.0.Final.jar (189/468 kB)Progress (4): quarkus-http-core-3.0.15.Final.jar (500/932 kB) | quarkus-http-servlet-3.0.15.Final.jar (284/498 kB) | jboss-metadata-common-11.0.0.Final.jar (284/475 kB) | jboss-metadata-web-11.0.0.Final.jar (192/468 kB)Progress (4): quarkus-http-core-3.0.15.Final.jar (500/932 kB) | quarkus-http-servlet-3.0.15.Final.jar (284/498 kB) | jboss-metadata-common-11.0.0.Final.jar (284/475 kB) | jboss-metadata-web-11.0.0.Final.jar (195/468 kB)Progress (4): quarkus-http-core-3.0.15.Final.jar (508/932 kB) | quarkus-http-servlet-3.0.15.Final.jar (284/498 kB) | jboss-metadata-common-11.0.0.Final.jar (284/475 kB) | jboss-metadata-web-11.0.0.Final.jar (195/468 kB)Progress (4): quarkus-http-core-3.0.15.Final.jar (508/932 kB) | quarkus-http-servlet-3.0.15.Final.jar (284/498 kB) | jboss-metadata-common-11.0.0.Final.jar (284/475 kB) | jboss-metadata-web-11.0.0.Final.jar (197/468 kB)Progress (4): quarkus-http-core-3.0.15.Final.jar (508/932 kB) | quarkus-http-servlet-3.0.15.Final.jar (288/498 kB) | jboss-metadata-common-11.0.0.Final.jar (284/475 kB) | jboss-metadata-web-11.0.0.Final.jar (197/468 kB)Progress (4): quarkus-http-core-3.0.15.Final.jar (508/932 kB) | quarkus-http-servlet-3.0.15.Final.jar (288/498 kB) | jboss-metadata-common-11.0.0.Final.jar (284/475 kB) | jboss-metadata-web-11.0.0.Final.jar (200/468 kB)Progress (4): quarkus-http-core-3.0.15.Final.jar (508/932 kB) | quarkus-http-servlet-3.0.15.Final.jar (292/498 kB) | jboss-metadata-common-11.0.0.Final.jar (284/475 kB) | jboss-metadata-web-11.0.0.Final.jar (200/468 kB)Progress (4): quarkus-http-core-3.0.15.Final.jar (508/932 kB) | quarkus-http-servlet-3.0.15.Final.jar (297/498 kB) | jboss-metadata-common-11.0.0.Final.jar (284/475 kB) | jboss-metadata-web-11.0.0.Final.jar (200/468 kB)Progress (4): quarkus-http-core-3.0.15.Final.jar (508/932 kB) | quarkus-http-servlet-3.0.15.Final.jar (297/498 kB) | jboss-metadata-common-11.0.0.Final.jar (284/475 kB) | jboss-metadata-web-11.0.0.Final.jar (203/468 kB)Progress (4): quarkus-http-core-3.0.15.Final.jar (508/932 kB) | quarkus-http-servlet-3.0.15.Final.jar (301/498 kB) | jboss-metadata-common-11.0.0.Final.jar (284/475 kB) | jboss-metadata-web-11.0.0.Final.jar (203/468 kB)Progress (4): quarkus-http-core-3.0.15.Final.jar (508/932 kB) | quarkus-http-servlet-3.0.15.Final.jar (301/498 kB) | jboss-metadata-common-11.0.0.Final.jar (284/475 kB) | jboss-metadata-web-11.0.0.Final.jar (206/468 kB)Progress (4): quarkus-http-core-3.0.15.Final.jar (508/932 kB) | quarkus-http-servlet-3.0.15.Final.jar (301/498 kB) | jboss-metadata-common-11.0.0.Final.jar (284/475 kB) | jboss-metadata-web-11.0.0.Final.jar (208/468 kB)Progress (4): quarkus-http-core-3.0.15.Final.jar (508/932 kB) | quarkus-http-servlet-3.0.15.Final.jar (301/498 kB) | jboss-metadata-common-11.0.0.Final.jar (284/475 kB) | jboss-metadata-web-11.0.0.Final.jar (211/468 kB)Progress (4): quarkus-http-core-3.0.15.Final.jar (508/932 kB) | quarkus-http-servlet-3.0.15.Final.jar (301/498 kB) | jboss-metadata-common-11.0.0.Final.jar (284/475 kB) | jboss-metadata-web-11.0.0.Final.jar (214/468 kB)Progress (4): quarkus-http-core-3.0.15.Final.jar (508/932 kB) | quarkus-http-servlet-3.0.15.Final.jar (301/498 kB) | jboss-metadata-common-11.0.0.Final.jar (284/475 kB) | jboss-metadata-web-11.0.0.Final.jar (217/468 kB)Progress (4): quarkus-http-core-3.0.15.Final.jar (508/932 kB) | quarkus-http-servlet-3.0.15.Final.jar (301/498 kB) | jboss-metadata-common-11.0.0.Final.jar (284/475 kB) | jboss-metadata-web-11.0.0.Final.jar (219/468 kB)Progress (4): quarkus-http-core-3.0.15.Final.jar (508/932 kB) | quarkus-http-servlet-3.0.15.Final.jar (301/498 kB) | jboss-metadata-common-11.0.0.Final.jar (284/475 kB) | jboss-metadata-web-11.0.0.Final.jar (222/468 kB)Progress (4): quarkus-http-core-3.0.15.Final.jar (508/932 kB) | quarkus-http-servlet-3.0.15.Final.jar (301/498 kB) | jboss-metadata-common-11.0.0.Final.jar (288/475 kB) | jboss-metadata-web-11.0.0.Final.jar (222/468 kB)Progress (4): quarkus-http-core-3.0.15.Final.jar (508/932 kB) | quarkus-http-servlet-3.0.15.Final.jar (301/498 kB) | jboss-metadata-common-11.0.0.Final.jar (292/475 kB) | jboss-metadata-web-11.0.0.Final.jar (222/468 kB)Progress (4): quarkus-http-core-3.0.15.Final.jar (508/932 kB) | quarkus-http-servlet-3.0.15.Final.jar (301/498 kB) | jboss-metadata-common-11.0.0.Final.jar (297/475 kB) | jboss-metadata-web-11.0.0.Final.jar (222/468 kB)Progress (4): quarkus-http-core-3.0.15.Final.jar (508/932 kB) | quarkus-http-servlet-3.0.15.Final.jar (305/498 kB) | jboss-metadata-common-11.0.0.Final.jar (297/475 kB) | jboss-metadata-web-11.0.0.Final.jar (222/468 kB)Progress (4): quarkus-http-core-3.0.15.Final.jar (508/932 kB) | quarkus-http-servlet-3.0.15.Final.jar (305/498 kB) | jboss-metadata-common-11.0.0.Final.jar (301/475 kB) | jboss-metadata-web-11.0.0.Final.jar (222/468 kB)Progress (4): quarkus-http-core-3.0.15.Final.jar (508/932 kB) | quarkus-http-servlet-3.0.15.Final.jar (309/498 kB) | jboss-metadata-common-11.0.0.Final.jar (301/475 kB) | jboss-metadata-web-11.0.0.Final.jar (222/468 kB)Progress (4): quarkus-http-core-3.0.15.Final.jar (508/932 kB) | quarkus-http-servlet-3.0.15.Final.jar (313/498 kB) | jboss-metadata-common-11.0.0.Final.jar (301/475 kB) | jboss-metadata-web-11.0.0.Final.jar (222/468 kB)Progress (4): quarkus-http-core-3.0.15.Final.jar (508/932 kB) | quarkus-http-servlet-3.0.15.Final.jar (317/498 kB) | jboss-metadata-common-11.0.0.Final.jar (301/475 kB) | jboss-metadata-web-11.0.0.Final.jar (222/468 kB)Progress (4): quarkus-http-core-3.0.15.Final.jar (508/932 kB) | quarkus-http-servlet-3.0.15.Final.jar (317/498 kB) | jboss-metadata-common-11.0.0.Final.jar (305/475 kB) | jboss-metadata-web-11.0.0.Final.jar (222/468 kB)Progress (4): quarkus-http-core-3.0.15.Final.jar (508/932 kB) | quarkus-http-servlet-3.0.15.Final.jar (317/498 kB) | jboss-metadata-common-11.0.0.Final.jar (309/475 kB) | jboss-metadata-web-11.0.0.Final.jar (222/468 kB)Progress (4): quarkus-http-core-3.0.15.Final.jar (508/932 kB) | quarkus-http-servlet-3.0.15.Final.jar (317/498 kB) | jboss-metadata-common-11.0.0.Final.jar (313/475 kB) | jboss-metadata-web-11.0.0.Final.jar (222/468 kB)Progress (4): quarkus-http-core-3.0.15.Final.jar (508/932 kB) | quarkus-http-servlet-3.0.15.Final.jar (317/498 kB) | jboss-metadata-common-11.0.0.Final.jar (317/475 kB) | jboss-metadata-web-11.0.0.Final.jar (222/468 kB)Progress (4): quarkus-http-core-3.0.15.Final.jar (508/932 kB) | quarkus-http-servlet-3.0.15.Final.jar (321/498 kB) | jboss-metadata-common-11.0.0.Final.jar (317/475 kB) | jboss-metadata-web-11.0.0.Final.jar (222/468 kB)Progress (4): quarkus-http-core-3.0.15.Final.jar (508/932 kB) | quarkus-http-servlet-3.0.15.Final.jar (325/498 kB) | jboss-metadata-common-11.0.0.Final.jar (317/475 kB) | jboss-metadata-web-11.0.0.Final.jar (222/468 kB)Progress (4): quarkus-http-core-3.0.15.Final.jar (508/932 kB) | quarkus-http-servlet-3.0.15.Final.jar (329/498 kB) | jboss-metadata-common-11.0.0.Final.jar (317/475 kB) | jboss-metadata-web-11.0.0.Final.jar (222/468 kB)Progress (4): quarkus-http-core-3.0.15.Final.jar (508/932 kB) | quarkus-http-servlet-3.0.15.Final.jar (333/498 kB) | jboss-metadata-common-11.0.0.Final.jar (317/475 kB) | jboss-metadata-web-11.0.0.Final.jar (222/468 kB)Progress (4): quarkus-http-core-3.0.15.Final.jar (508/932 kB) | quarkus-http-servlet-3.0.15.Final.jar (338/498 kB) | jboss-metadata-common-11.0.0.Final.jar (317/475 kB) | jboss-metadata-web-11.0.0.Final.jar (222/468 kB)Progress (4): quarkus-http-core-3.0.15.Final.jar (508/932 kB) | quarkus-http-servlet-3.0.15.Final.jar (338/498 kB) | jboss-metadata-common-11.0.0.Final.jar (321/475 kB) | jboss-metadata-web-11.0.0.Final.jar (222/468 kB)Progress (4): quarkus-http-core-3.0.15.Final.jar (508/932 kB) | quarkus-http-servlet-3.0.15.Final.jar (342/498 kB) | jboss-metadata-common-11.0.0.Final.jar (321/475 kB) | jboss-metadata-web-11.0.0.Final.jar (222/468 kB)Progress (4): quarkus-http-core-3.0.15.Final.jar (508/932 kB) | quarkus-http-servlet-3.0.15.Final.jar (342/498 kB) | jboss-metadata-common-11.0.0.Final.jar (325/475 kB) | jboss-metadata-web-11.0.0.Final.jar (222/468 kB)Progress (4): quarkus-http-core-3.0.15.Final.jar (508/932 kB) | quarkus-http-servlet-3.0.15.Final.jar (346/498 kB) | jboss-metadata-common-11.0.0.Final.jar (325/475 kB) | jboss-metadata-web-11.0.0.Final.jar (222/468 kB)Progress (4): quarkus-http-core-3.0.15.Final.jar (508/932 kB) | quarkus-http-servlet-3.0.15.Final.jar (346/498 kB) | jboss-metadata-common-11.0.0.Final.jar (329/475 kB) | jboss-metadata-web-11.0.0.Final.jar (222/468 kB)Progress (4): quarkus-http-core-3.0.15.Final.jar (508/932 kB) | quarkus-http-servlet-3.0.15.Final.jar (350/498 kB) | jboss-metadata-common-11.0.0.Final.jar (329/475 kB) | jboss-metadata-web-11.0.0.Final.jar (222/468 kB)Progress (4): quarkus-http-core-3.0.15.Final.jar (508/932 kB) | quarkus-http-servlet-3.0.15.Final.jar (350/498 kB) | jboss-metadata-common-11.0.0.Final.jar (333/475 kB) | jboss-metadata-web-11.0.0.Final.jar (222/468 kB)Progress (4): quarkus-http-core-3.0.15.Final.jar (516/932 kB) | quarkus-http-servlet-3.0.15.Final.jar (350/498 kB) | jboss-metadata-common-11.0.0.Final.jar (333/475 kB) | jboss-metadata-web-11.0.0.Final.jar (222/468 kB)Progress (4): quarkus-http-core-3.0.15.Final.jar (524/932 kB) | quarkus-http-servlet-3.0.15.Final.jar (350/498 kB) | jboss-metadata-common-11.0.0.Final.jar (333/475 kB) | jboss-metadata-web-11.0.0.Final.jar (222/468 kB)Progress (4): quarkus-http-core-3.0.15.Final.jar (524/932 kB) | quarkus-http-servlet-3.0.15.Final.jar (350/498 kB) | jboss-metadata-common-11.0.0.Final.jar (338/475 kB) | jboss-metadata-web-11.0.0.Final.jar (222/468 kB)Progress (4): quarkus-http-core-3.0.15.Final.jar (524/932 kB) | quarkus-http-servlet-3.0.15.Final.jar (350/498 kB) | jboss-metadata-common-11.0.0.Final.jar (342/475 kB) | jboss-metadata-web-11.0.0.Final.jar (222/468 kB)Progress (4): quarkus-http-core-3.0.15.Final.jar (524/932 kB) | quarkus-http-servlet-3.0.15.Final.jar (350/498 kB) | jboss-metadata-common-11.0.0.Final.jar (346/475 kB) | jboss-metadata-web-11.0.0.Final.jar (222/468 kB)Progress (4): quarkus-http-core-3.0.15.Final.jar (524/932 kB) | quarkus-http-servlet-3.0.15.Final.jar (350/498 kB) | jboss-metadata-common-11.0.0.Final.jar (350/475 kB) | jboss-metadata-web-11.0.0.Final.jar (222/468 kB)Progress (4): quarkus-http-core-3.0.15.Final.jar (524/932 kB) | quarkus-http-servlet-3.0.15.Final.jar (350/498 kB) | jboss-metadata-common-11.0.0.Final.jar (350/475 kB) | jboss-metadata-web-11.0.0.Final.jar (225/468 kB)Progress (4): quarkus-http-core-3.0.15.Final.jar (524/932 kB) | quarkus-http-servlet-3.0.15.Final.jar (350/498 kB) | jboss-metadata-common-11.0.0.Final.jar (350/475 kB) | jboss-metadata-web-11.0.0.Final.jar (228/468 kB)Progress (4): quarkus-http-core-3.0.15.Final.jar (532/932 kB) | quarkus-http-servlet-3.0.15.Final.jar (350/498 kB) | jboss-metadata-common-11.0.0.Final.jar (350/475 kB) | jboss-metadata-web-11.0.0.Final.jar (228/468 kB)Progress (4): quarkus-http-core-3.0.15.Final.jar (541/932 kB) | quarkus-http-servlet-3.0.15.Final.jar (350/498 kB) | jboss-metadata-common-11.0.0.Final.jar (350/475 kB) | jboss-metadata-web-11.0.0.Final.jar (228/468 kB)Progress (4): quarkus-http-core-3.0.15.Final.jar (541/932 kB) | quarkus-http-servlet-3.0.15.Final.jar (350/498 kB) | jboss-metadata-common-11.0.0.Final.jar (350/475 kB) | jboss-metadata-web-11.0.0.Final.jar (230/468 kB)Progress (4): quarkus-http-core-3.0.15.Final.jar (541/932 kB) | quarkus-http-servlet-3.0.15.Final.jar (350/498 kB) | jboss-metadata-common-11.0.0.Final.jar (350/475 kB) | jboss-metadata-web-11.0.0.Final.jar (233/468 kB)Progress (4): quarkus-http-core-3.0.15.Final.jar (541/932 kB) | quarkus-http-servlet-3.0.15.Final.jar (350/498 kB) | jboss-metadata-common-11.0.0.Final.jar (350/475 kB) | jboss-metadata-web-11.0.0.Final.jar (236/468 kB)Progress (4): quarkus-http-core-3.0.15.Final.jar (541/932 kB) | quarkus-http-servlet-3.0.15.Final.jar (350/498 kB) | jboss-metadata-common-11.0.0.Final.jar (350/475 kB) | jboss-metadata-web-11.0.0.Final.jar (239/468 kB)Progress (4): quarkus-http-core-3.0.15.Final.jar (549/932 kB) | quarkus-http-servlet-3.0.15.Final.jar (350/498 kB) | jboss-metadata-common-11.0.0.Final.jar (350/475 kB) | jboss-metadata-web-11.0.0.Final.jar (239/468 kB)Progress (4): quarkus-http-core-3.0.15.Final.jar (557/932 kB) | quarkus-http-servlet-3.0.15.Final.jar (350/498 kB) | jboss-metadata-common-11.0.0.Final.jar (350/475 kB) | jboss-metadata-web-11.0.0.Final.jar (239/468 kB)Progress (4): quarkus-http-core-3.0.15.Final.jar (557/932 kB) | quarkus-http-servlet-3.0.15.Final.jar (350/498 kB) | jboss-metadata-common-11.0.0.Final.jar (350/475 kB) | jboss-metadata-web-11.0.0.Final.jar (241/468 kB)Progress (5): quarkus-http-core-3.0.15.Final.jar (557/932 kB) | quarkus-http-servlet-3.0.15.Final.jar (350/498 kB) | jboss-metadata-common-11.0.0.Final.jar (350/475 kB) | jboss-metadata-web-11.0.0.Final.jar (241/468 kB) | quarkus-netty-deployment-1.9.0.Final.jar (2.7/11 kB)Progress (5): quarkus-http-core-3.0.15.Final.jar (557/932 kB) | quarkus-http-servlet-3.0.15.Final.jar (350/498 kB) | jboss-metadata-common-11.0.0.Final.jar (350/475 kB) | jboss-metadata-web-11.0.0.Final.jar (244/468 kB) | quarkus-netty-deployment-1.9.0.Final.jar (2.7/11 kB)Progress (5): quarkus-http-core-3.0.15.Final.jar (557/932 kB) | quarkus-http-servlet-3.0.15.Final.jar (350/498 kB) | jboss-metadata-common-11.0.0.Final.jar (350/475 kB) | jboss-metadata-web-11.0.0.Final.jar (244/468 kB) | quarkus-netty-deployment-1.9.0.Final.jar (5.5/11 kB)Progress (5): quarkus-http-core-3.0.15.Final.jar (557/932 kB) | quarkus-http-servlet-3.0.15.Final.jar (350/498 kB) | jboss-metadata-common-11.0.0.Final.jar (350/475 kB) | jboss-metadata-web-11.0.0.Final.jar (244/468 kB) | quarkus-netty-deployment-1.9.0.Final.jar (8.2/11 kB)Progress (5): quarkus-http-core-3.0.15.Final.jar (557/932 kB) | quarkus-http-servlet-3.0.15.Final.jar (350/498 kB) | jboss-metadata-common-11.0.0.Final.jar (350/475 kB) | jboss-metadata-web-11.0.0.Final.jar (247/468 kB) | quarkus-netty-deployment-1.9.0.Final.jar (8.2/11 kB)Progress (5): quarkus-http-core-3.0.15.Final.jar (557/932 kB) | quarkus-http-servlet-3.0.15.Final.jar (350/498 kB) | jboss-metadata-common-11.0.0.Final.jar (350/475 kB) | jboss-metadata-web-11.0.0.Final.jar (247/468 kB) | quarkus-netty-deployment-1.9.0.Final.jar (11/11 kB) Progress (5): quarkus-http-core-3.0.15.Final.jar (557/932 kB) | quarkus-http-servlet-3.0.15.Final.jar (350/498 kB) | jboss-metadata-common-11.0.0.Final.jar (350/475 kB) | jboss-metadata-web-11.0.0.Final.jar (247/468 kB) | quarkus-netty-deployment-1.9.0.Final.jar (11 kB)   Progress (5): quarkus-http-core-3.0.15.Final.jar (557/932 kB) | quarkus-http-servlet-3.0.15.Final.jar (350/498 kB) | jboss-metadata-common-11.0.0.Final.jar (350/475 kB) | jboss-metadata-web-11.0.0.Final.jar (250/468 kB) | quarkus-netty-deployment-1.9.0.Final.jar (11 kB)Progress (5): quarkus-http-core-3.0.15.Final.jar (557/932 kB) | quarkus-http-servlet-3.0.15.Final.jar (350/498 kB) | jboss-metadata-common-11.0.0.Final.jar (350/475 kB) | jboss-metadata-web-11.0.0.Final.jar (252/468 kB) | quarkus-netty-deployment-1.9.0.Final.jar (11 kB)Progress (5): quarkus-http-core-3.0.15.Final.jar (557/932 kB) | quarkus-http-servlet-3.0.15.Final.jar (350/498 kB) | jboss-metadata-common-11.0.0.Final.jar (350/475 kB) | jboss-metadata-web-11.0.0.Final.jar (255/468 kB) | quarkus-netty-deployment-1.9.0.Final.jar (11 kB)Progress (5): quarkus-http-core-3.0.15.Final.jar (557/932 kB) | quarkus-http-servlet-3.0.15.Final.jar (350/498 kB) | jboss-metadata-common-11.0.0.Final.jar (350/475 kB) | jboss-metadata-web-11.0.0.Final.jar (258/468 kB) | quarkus-netty-deployment-1.9.0.Final.jar (11 kB)Progress (5): quarkus-http-core-3.0.15.Final.jar (565/932 kB) | quarkus-http-servlet-3.0.15.Final.jar (350/498 kB) | jboss-metadata-common-11.0.0.Final.jar (350/475 kB) | jboss-metadata-web-11.0.0.Final.jar (258/468 kB) | quarkus-netty-deployment-1.9.0.Final.jar (11 kB)Progress (5): quarkus-http-core-3.0.15.Final.jar (573/932 kB) | quarkus-http-servlet-3.0.15.Final.jar (350/498 kB) | jboss-metadata-common-11.0.0.Final.jar (350/475 kB) | jboss-metadata-web-11.0.0.Final.jar (258/468 kB) | quarkus-netty-deployment-1.9.0.Final.jar (11 kB)Progress (5): quarkus-http-core-3.0.15.Final.jar (573/932 kB) | quarkus-http-servlet-3.0.15.Final.jar (350/498 kB) | jboss-metadata-common-11.0.0.Final.jar (350/475 kB) | jboss-metadata-web-11.0.0.Final.jar (260/468 kB) | quarkus-netty-deployment-1.9.0.Final.jar (11 kB)Progress (5): quarkus-http-core-3.0.15.Final.jar (573/932 kB) | quarkus-http-servlet-3.0.15.Final.jar (350/498 kB) | jboss-metadata-common-11.0.0.Final.jar (350/475 kB) | jboss-metadata-web-11.0.0.Final.jar (263/468 kB) | quarkus-netty-deployment-1.9.0.Final.jar (11 kB)Progress (5): quarkus-http-core-3.0.15.Final.jar (573/932 kB) | quarkus-http-servlet-3.0.15.Final.jar (350/498 kB) | jboss-metadata-common-11.0.0.Final.jar (350/475 kB) | jboss-metadata-web-11.0.0.Final.jar (266/468 kB) | quarkus-netty-deployment-1.9.0.Final.jar (11 kB)Progress (5): quarkus-http-core-3.0.15.Final.jar (573/932 kB) | quarkus-http-servlet-3.0.15.Final.jar (350/498 kB) | jboss-metadata-common-11.0.0.Final.jar (350/475 kB) | jboss-metadata-web-11.0.0.Final.jar (269/468 kB) | quarkus-netty-deployment-1.9.0.Final.jar (11 kB)Progress (5): quarkus-http-core-3.0.15.Final.jar (573/932 kB) | quarkus-http-servlet-3.0.15.Final.jar (354/498 kB) | jboss-metadata-common-11.0.0.Final.jar (350/475 kB) | jboss-metadata-web-11.0.0.Final.jar (269/468 kB) | quarkus-netty-deployment-1.9.0.Final.jar (11 kB)Progress (5): quarkus-http-core-3.0.15.Final.jar (573/932 kB) | quarkus-http-servlet-3.0.15.Final.jar (354/498 kB) | jboss-metadata-common-11.0.0.Final.jar (350/475 kB) | jboss-metadata-web-11.0.0.Final.jar (271/468 kB) | quarkus-netty-deployment-1.9.0.Final.jar (11 kB)Progress (5): quarkus-http-core-3.0.15.Final.jar (573/932 kB) | quarkus-http-servlet-3.0.15.Final.jar (358/498 kB) | jboss-metadata-common-11.0.0.Final.jar (350/475 kB) | jboss-metadata-web-11.0.0.Final.jar (271/468 kB) | quarkus-netty-deployment-1.9.0.Final.jar (11 kB)Progress (5): quarkus-http-core-3.0.15.Final.jar (573/932 kB) | quarkus-http-servlet-3.0.15.Final.jar (362/498 kB) | jboss-metadata-common-11.0.0.Final.jar (350/475 kB) | jboss-metadata-web-11.0.0.Final.jar (271/468 kB) | quarkus-netty-deployment-1.9.0.Final.jar (11 kB)Progress (5): quarkus-http-core-3.0.15.Final.jar (573/932 kB) | quarkus-http-servlet-3.0.15.Final.jar (366/498 kB) | jboss-metadata-common-11.0.0.Final.jar (350/475 kB) | jboss-metadata-web-11.0.0.Final.jar (271/468 kB) | quarkus-netty-deployment-1.9.0.Final.jar (11 kB)Progress (5): quarkus-http-core-3.0.15.Final.jar (573/932 kB) | quarkus-http-servlet-3.0.15.Final.jar (366/498 kB) | jboss-metadata-common-11.0.0.Final.jar (350/475 kB) | jboss-metadata-web-11.0.0.Final.jar (274/468 kB) | quarkus-netty-deployment-1.9.0.Final.jar (11 kB)Progress (5): quarkus-http-core-3.0.15.Final.jar (573/932 kB) | quarkus-http-servlet-3.0.15.Final.jar (366/498 kB) | jboss-metadata-common-11.0.0.Final.jar (350/475 kB) | jboss-metadata-web-11.0.0.Final.jar (277/468 kB) | quarkus-netty-deployment-1.9.0.Final.jar (11 kB)Progress (5): quarkus-http-core-3.0.15.Final.jar (573/932 kB) | quarkus-http-servlet-3.0.15.Final.jar (366/498 kB) | jboss-metadata-common-11.0.0.Final.jar (350/475 kB) | jboss-metadata-web-11.0.0.Final.jar (280/468 kB) | quarkus-netty-deployment-1.9.0.Final.jar (11 kB)Progress (5): quarkus-http-core-3.0.15.Final.jar (573/932 kB) | quarkus-http-servlet-3.0.15.Final.jar (366/498 kB) | jboss-metadata-common-11.0.0.Final.jar (350/475 kB) | jboss-metadata-web-11.0.0.Final.jar (282/468 kB) | quarkus-netty-deployment-1.9.0.Final.jar (11 kB)Progress (5): quarkus-http-core-3.0.15.Final.jar (573/932 kB) | quarkus-http-servlet-3.0.15.Final.jar (366/498 kB) | jboss-metadata-common-11.0.0.Final.jar (350/475 kB) | jboss-metadata-web-11.0.0.Final.jar (285/468 kB) | quarkus-netty-deployment-1.9.0.Final.jar (11 kB)Progress (5): quarkus-http-core-3.0.15.Final.jar (573/932 kB) | quarkus-http-servlet-3.0.15.Final.jar (366/498 kB) | jboss-metadata-common-11.0.0.Final.jar (354/475 kB) | jboss-metadata-web-11.0.0.Final.jar (285/468 kB) | quarkus-netty-deployment-1.9.0.Final.jar (11 kB)Progress (5): quarkus-http-core-3.0.15.Final.jar (573/932 kB) | quarkus-http-servlet-3.0.15.Final.jar (366/498 kB) | jboss-metadata-common-11.0.0.Final.jar (358/475 kB) | jboss-metadata-web-11.0.0.Final.jar (285/468 kB) | quarkus-netty-deployment-1.9.0.Final.jar (11 kB)Progress (5): quarkus-http-core-3.0.15.Final.jar (573/932 kB) | quarkus-http-servlet-3.0.15.Final.jar (366/498 kB) | jboss-metadata-common-11.0.0.Final.jar (362/475 kB) | jboss-metadata-web-11.0.0.Final.jar (285/468 kB) | quarkus-netty-deployment-1.9.0.Final.jar (11 kB)Progress (5): quarkus-http-core-3.0.15.Final.jar (573/932 kB) | quarkus-http-servlet-3.0.15.Final.jar (366/498 kB) | jboss-metadata-common-11.0.0.Final.jar (366/475 kB) | jboss-metadata-web-11.0.0.Final.jar (285/468 kB) | quarkus-netty-deployment-1.9.0.Final.jar (11 kB)Progress (5): quarkus-http-core-3.0.15.Final.jar (573/932 kB) | quarkus-http-servlet-3.0.15.Final.jar (366/498 kB) | jboss-metadata-common-11.0.0.Final.jar (370/475 kB) | jboss-metadata-web-11.0.0.Final.jar (285/468 kB) | quarkus-netty-deployment-1.9.0.Final.jar (11 kB)Progress (5): quarkus-http-core-3.0.15.Final.jar (573/932 kB) | quarkus-http-servlet-3.0.15.Final.jar (366/498 kB) | jboss-metadata-common-11.0.0.Final.jar (374/475 kB) | jboss-metadata-web-11.0.0.Final.jar (285/468 kB) | quarkus-netty-deployment-1.9.0.Final.jar (11 kB)Progress (5): quarkus-http-core-3.0.15.Final.jar (573/932 kB) | quarkus-http-servlet-3.0.15.Final.jar (370/498 kB) | jboss-metadata-common-11.0.0.Final.jar (374/475 kB) | jboss-metadata-web-11.0.0.Final.jar (285/468 kB) | quarkus-netty-deployment-1.9.0.Final.jar (11 kB)Progress (5): quarkus-http-core-3.0.15.Final.jar (573/932 kB) | quarkus-http-servlet-3.0.15.Final.jar (370/498 kB) | jboss-metadata-common-11.0.0.Final.jar (378/475 kB) | jboss-metadata-web-11.0.0.Final.jar (285/468 kB) | quarkus-netty-deployment-1.9.0.Final.jar (11 kB)Progress (5): quarkus-http-core-3.0.15.Final.jar (573/932 kB) | quarkus-http-servlet-3.0.15.Final.jar (374/498 kB) | jboss-metadata-common-11.0.0.Final.jar (378/475 kB) | jboss-metadata-web-11.0.0.Final.jar (285/468 kB) | quarkus-netty-deployment-1.9.0.Final.jar (11 kB)Progress (5): quarkus-http-core-3.0.15.Final.jar (573/932 kB) | quarkus-http-servlet-3.0.15.Final.jar (374/498 kB) | jboss-metadata-common-11.0.0.Final.jar (383/475 kB) | jboss-metadata-web-11.0.0.Final.jar (285/468 kB) | quarkus-netty-deployment-1.9.0.Final.jar (11 kB)Progress (5): quarkus-http-core-3.0.15.Final.jar (573/932 kB) | quarkus-http-servlet-3.0.15.Final.jar (378/498 kB) | jboss-metadata-common-11.0.0.Final.jar (383/475 kB) | jboss-metadata-web-11.0.0.Final.jar (285/468 kB) | quarkus-netty-deployment-1.9.0.Final.jar (11 kB)Progress (5): quarkus-http-core-3.0.15.Final.jar (573/932 kB) | quarkus-http-servlet-3.0.15.Final.jar (383/498 kB) | jboss-metadata-common-11.0.0.Final.jar (383/475 kB) | jboss-metadata-web-11.0.0.Final.jar (285/468 kB) | quarkus-netty-deployment-1.9.0.Final.jar (11 kB)Progress (5): quarkus-http-core-3.0.15.Final.jar (573/932 kB) | quarkus-http-servlet-3.0.15.Final.jar (387/498 kB) | jboss-metadata-common-11.0.0.Final.jar (383/475 kB) | jboss-metadata-web-11.0.0.Final.jar (285/468 kB) | quarkus-netty-deployment-1.9.0.Final.jar (11 kB)Progress (5): quarkus-http-core-3.0.15.Final.jar (573/932 kB) | quarkus-http-servlet-3.0.15.Final.jar (391/498 kB) | jboss-metadata-common-11.0.0.Final.jar (383/475 kB) | jboss-metadata-web-11.0.0.Final.jar (285/468 kB) | quarkus-netty-deployment-1.9.0.Final.jar (11 kB)Progress (5): quarkus-http-core-3.0.15.Final.jar (573/932 kB) | quarkus-http-servlet-3.0.15.Final.jar (395/498 kB) | jboss-metadata-common-11.0.0.Final.jar (383/475 kB) | jboss-metadata-web-11.0.0.Final.jar (285/468 kB) | quarkus-netty-deployment-1.9.0.Final.jar (11 kB)Progress (5): quarkus-http-core-3.0.15.Final.jar (573/932 kB) | quarkus-http-servlet-3.0.15.Final.jar (399/498 kB) | jboss-metadata-common-11.0.0.Final.jar (383/475 kB) | jboss-metadata-web-11.0.0.Final.jar (285/468 kB) | quarkus-netty-deployment-1.9.0.Final.jar (11 kB)Progress (5): quarkus-http-core-3.0.15.Final.jar (573/932 kB) | quarkus-http-servlet-3.0.15.Final.jar (399/498 kB) | jboss-metadata-common-11.0.0.Final.jar (387/475 kB) | jboss-metadata-web-11.0.0.Final.jar (285/468 kB) | quarkus-netty-deployment-1.9.0.Final.jar (11 kB)Progress (5): quarkus-http-core-3.0.15.Final.jar (573/932 kB) | quarkus-http-servlet-3.0.15.Final.jar (399/498 kB) | jboss-metadata-common-11.0.0.Final.jar (391/475 kB) | jboss-metadata-web-11.0.0.Final.jar (285/468 kB) | quarkus-netty-deployment-1.9.0.Final.jar (11 kB)Progress (5): quarkus-http-core-3.0.15.Final.jar (573/932 kB) | quarkus-http-servlet-3.0.15.Final.jar (399/498 kB) | jboss-metadata-common-11.0.0.Final.jar (395/475 kB) | jboss-metadata-web-11.0.0.Final.jar (285/468 kB) | quarkus-netty-deployment-1.9.0.Final.jar (11 kB)Progress (5): quarkus-http-core-3.0.15.Final.jar (573/932 kB) | quarkus-http-servlet-3.0.15.Final.jar (399/498 kB) | jboss-metadata-common-11.0.0.Final.jar (399/475 kB) | jboss-metadata-web-11.0.0.Final.jar (285/468 kB) | quarkus-netty-deployment-1.9.0.Final.jar (11 kB)Progress (5): quarkus-http-core-3.0.15.Final.jar (582/932 kB) | quarkus-http-servlet-3.0.15.Final.jar (399/498 kB) | jboss-metadata-common-11.0.0.Final.jar (399/475 kB) | jboss-metadata-web-11.0.0.Final.jar (285/468 kB) | quarkus-netty-deployment-1.9.0.Final.jar (11 kB)Progress (5): quarkus-http-core-3.0.15.Final.jar (582/932 kB) | quarkus-http-servlet-3.0.15.Final.jar (399/498 kB) | jboss-metadata-common-11.0.0.Final.jar (403/475 kB) | jboss-metadata-web-11.0.0.Final.jar (285/468 kB) | quarkus-netty-deployment-1.9.0.Final.jar (11 kB)Progress (5): quarkus-http-core-3.0.15.Final.jar (590/932 kB) | quarkus-http-servlet-3.0.15.Final.jar (399/498 kB) | jboss-metadata-common-11.0.0.Final.jar (403/475 kB) | jboss-metadata-web-11.0.0.Final.jar (285/468 kB) | quarkus-netty-deployment-1.9.0.Final.jar (11 kB)Progress (5): quarkus-http-core-3.0.15.Final.jar (590/932 kB) | quarkus-http-servlet-3.0.15.Final.jar (399/498 kB) | jboss-metadata-common-11.0.0.Final.jar (407/475 kB) | jboss-metadata-web-11.0.0.Final.jar (285/468 kB) | quarkus-netty-deployment-1.9.0.Final.jar (11 kB)Progress (5): quarkus-http-core-3.0.15.Final.jar (590/932 kB) | quarkus-http-servlet-3.0.15.Final.jar (399/498 kB) | jboss-metadata-common-11.0.0.Final.jar (411/475 kB) | jboss-metadata-web-11.0.0.Final.jar (285/468 kB) | quarkus-netty-deployment-1.9.0.Final.jar (11 kB)Progress (5): quarkus-http-core-3.0.15.Final.jar (590/932 kB) | quarkus-http-servlet-3.0.15.Final.jar (399/498 kB) | jboss-metadata-common-11.0.0.Final.jar (415/475 kB) | jboss-metadata-web-11.0.0.Final.jar (285/468 kB) | quarkus-netty-deployment-1.9.0.Final.jar (11 kB)Progress (5): quarkus-http-core-3.0.15.Final.jar (590/932 kB) | quarkus-http-servlet-3.0.15.Final.jar (399/498 kB) | jboss-metadata-common-11.0.0.Final.jar (415/475 kB) | jboss-metadata-web-11.0.0.Final.jar (288/468 kB) | quarkus-netty-deployment-1.9.0.Final.jar (11 kB)Progress (5): quarkus-http-core-3.0.15.Final.jar (590/932 kB) | quarkus-http-servlet-3.0.15.Final.jar (399/498 kB) | jboss-metadata-common-11.0.0.Final.jar (415/475 kB) | jboss-metadata-web-11.0.0.Final.jar (291/468 kB) | quarkus-netty-deployment-1.9.0.Final.jar (11 kB)Progress (5): quarkus-http-core-3.0.15.Final.jar (590/932 kB) | quarkus-http-servlet-3.0.15.Final.jar (399/498 kB) | jboss-metadata-common-11.0.0.Final.jar (415/475 kB) | jboss-metadata-web-11.0.0.Final.jar (293/468 kB) | quarkus-netty-deployment-1.9.0.Final.jar (11 kB)Progress (5): quarkus-http-core-3.0.15.Final.jar (598/932 kB) | quarkus-http-servlet-3.0.15.Final.jar (399/498 kB) | jboss-metadata-common-11.0.0.Final.jar (415/475 kB) | jboss-metadata-web-11.0.0.Final.jar (293/468 kB) | quarkus-netty-deployment-1.9.0.Final.jar (11 kB)Progress (5): quarkus-http-core-3.0.15.Final.jar (598/932 kB) | quarkus-http-servlet-3.0.15.Final.jar (399/498 kB) | jboss-metadata-common-11.0.0.Final.jar (415/475 kB) | jboss-metadata-web-11.0.0.Final.jar (296/468 kB) | quarkus-netty-deployment-1.9.0.Final.jar (11 kB)Progress (5): quarkus-http-core-3.0.15.Final.jar (606/932 kB) | quarkus-http-servlet-3.0.15.Final.jar (399/498 kB) | jboss-metadata-common-11.0.0.Final.jar (415/475 kB) | jboss-metadata-web-11.0.0.Final.jar (296/468 kB) | quarkus-netty-deployment-1.9.0.Final.jar (11 kB)Progress (5): quarkus-http-core-3.0.15.Final.jar (606/932 kB) | quarkus-http-servlet-3.0.15.Final.jar (399/498 kB) | jboss-metadata-common-11.0.0.Final.jar (415/475 kB) | jboss-metadata-web-11.0.0.Final.jar (299/468 kB) | quarkus-netty-deployment-1.9.0.Final.jar (11 kB)Progress (5): quarkus-http-core-3.0.15.Final.jar (606/932 kB) | quarkus-http-servlet-3.0.15.Final.jar (399/498 kB) | jboss-metadata-common-11.0.0.Final.jar (415/475 kB) | jboss-metadata-web-11.0.0.Final.jar (302/468 kB) | quarkus-netty-deployment-1.9.0.Final.jar (11 kB)Progress (5): quarkus-http-core-3.0.15.Final.jar (606/932 kB) | quarkus-http-servlet-3.0.15.Final.jar (399/498 kB) | jboss-metadata-common-11.0.0.Final.jar (415/475 kB) | jboss-metadata-web-11.0.0.Final.jar (304/468 kB) | quarkus-netty-deployment-1.9.0.Final.jar (11 kB)Progress (5): quarkus-http-core-3.0.15.Final.jar (606/932 kB) | quarkus-http-servlet-3.0.15.Final.jar (399/498 kB) | jboss-metadata-common-11.0.0.Final.jar (415/475 kB) | jboss-metadata-web-11.0.0.Final.jar (307/468 kB) | quarkus-netty-deployment-1.9.0.Final.jar (11 kB)Progress (5): quarkus-http-core-3.0.15.Final.jar (606/932 kB) | quarkus-http-servlet-3.0.15.Final.jar (399/498 kB) | jboss-metadata-common-11.0.0.Final.jar (415/475 kB) | jboss-metadata-web-11.0.0.Final.jar (310/468 kB) | quarkus-netty-deployment-1.9.0.Final.jar (11 kB)Progress (5): quarkus-http-core-3.0.15.Final.jar (614/932 kB) | quarkus-http-servlet-3.0.15.Final.jar (399/498 kB) | jboss-metadata-common-11.0.0.Final.jar (415/475 kB) | jboss-metadata-web-11.0.0.Final.jar (310/468 kB) | quarkus-netty-deployment-1.9.0.Final.jar (11 kB)Progress (5): quarkus-http-core-3.0.15.Final.jar (623/932 kB) | quarkus-http-servlet-3.0.15.Final.jar (399/498 kB) | jboss-metadata-common-11.0.0.Final.jar (415/475 kB) | jboss-metadata-web-11.0.0.Final.jar (310/468 kB) | quarkus-netty-deployment-1.9.0.Final.jar (11 kB)Progress (5): quarkus-http-core-3.0.15.Final.jar (623/932 kB) | quarkus-http-servlet-3.0.15.Final.jar (399/498 kB) | jboss-metadata-common-11.0.0.Final.jar (415/475 kB) | jboss-metadata-web-11.0.0.Final.jar (313/468 kB) | quarkus-netty-deployment-1.9.0.Final.jar (11 kB)Progress (5): quarkus-http-core-3.0.15.Final.jar (623/932 kB) | quarkus-http-servlet-3.0.15.Final.jar (399/498 kB) | jboss-metadata-common-11.0.0.Final.jar (415/475 kB) | jboss-metadata-web-11.0.0.Final.jar (315/468 kB) | quarkus-netty-deployment-1.9.0.Final.jar (11 kB)Progress (5): quarkus-http-core-3.0.15.Final.jar (623/932 kB) | quarkus-http-servlet-3.0.15.Final.jar (399/498 kB) | jboss-metadata-common-11.0.0.Final.jar (415/475 kB) | jboss-metadata-web-11.0.0.Final.jar (318/468 kB) | quarkus-netty-deployment-1.9.0.Final.jar (11 kB)                                                                                                                                                                                                                                                                              Downloaded from central: https://repo.maven.apache.org/maven2/io/quarkus/quarkus-netty-deployment/1.9.0.Final/quarkus-netty-deployment-1.9.0.Final.jar (11 kB at 16 kB/s)
Downloading from central: https://repo.maven.apache.org/maven2/io/quarkus/quarkus-vertx-core-deployment/1.9.0.Final/quarkus-vertx-core-deployment-1.9.0.Final.jar
Progress (4): quarkus-http-core-3.0.15.Final.jar (623/932 kB) | quarkus-http-servlet-3.0.15.Final.jar (399/498 kB) | jboss-metadata-common-11.0.0.Final.jar (415/475 kB) | jboss-metadata-web-11.0.0.Final.jar (321/468 kB)Progress (4): quarkus-http-core-3.0.15.Final.jar (623/932 kB) | quarkus-http-servlet-3.0.15.Final.jar (399/498 kB) | jboss-metadata-common-11.0.0.Final.jar (415/475 kB) | jboss-metadata-web-11.0.0.Final.jar (324/468 kB)Progress (4): quarkus-http-core-3.0.15.Final.jar (623/932 kB) | quarkus-http-servlet-3.0.15.Final.jar (399/498 kB) | jboss-metadata-common-11.0.0.Final.jar (415/475 kB) | jboss-metadata-web-11.0.0.Final.jar (326/468 kB)Progress (4): quarkus-http-core-3.0.15.Final.jar (623/932 kB) | quarkus-http-servlet-3.0.15.Final.jar (399/498 kB) | jboss-metadata-common-11.0.0.Final.jar (415/475 kB) | jboss-metadata-web-11.0.0.Final.jar (329/468 kB)Progress (4): quarkus-http-core-3.0.15.Final.jar (623/932 kB) | quarkus-http-servlet-3.0.15.Final.jar (399/498 kB) | jboss-metadata-common-11.0.0.Final.jar (415/475 kB) | jboss-metadata-web-11.0.0.Final.jar (332/468 kB)Progress (4): quarkus-http-core-3.0.15.Final.jar (623/932 kB) | quarkus-http-servlet-3.0.15.Final.jar (403/498 kB) | jboss-metadata-common-11.0.0.Final.jar (415/475 kB) | jboss-metadata-web-11.0.0.Final.jar (332/468 kB)Progress (4): quarkus-http-core-3.0.15.Final.jar (623/932 kB) | quarkus-http-servlet-3.0.15.Final.jar (407/498 kB) | jboss-metadata-common-11.0.0.Final.jar (415/475 kB) | jboss-metadata-web-11.0.0.Final.jar (332/468 kB)Progress (4): quarkus-http-core-3.0.15.Final.jar (623/932 kB) | quarkus-http-servlet-3.0.15.Final.jar (407/498 kB) | jboss-metadata-common-11.0.0.Final.jar (415/475 kB) | jboss-metadata-web-11.0.0.Final.jar (335/468 kB)Progress (4): quarkus-http-core-3.0.15.Final.jar (623/932 kB) | quarkus-http-servlet-3.0.15.Final.jar (411/498 kB) | jboss-metadata-common-11.0.0.Final.jar (415/475 kB) | jboss-metadata-web-11.0.0.Final.jar (335/468 kB)Progress (4): quarkus-http-core-3.0.15.Final.jar (623/932 kB) | quarkus-http-servlet-3.0.15.Final.jar (415/498 kB) | jboss-metadata-common-11.0.0.Final.jar (415/475 kB) | jboss-metadata-web-11.0.0.Final.jar (335/468 kB)Progress (4): quarkus-http-core-3.0.15.Final.jar (623/932 kB) | quarkus-http-servlet-3.0.15.Final.jar (415/498 kB) | jboss-metadata-common-11.0.0.Final.jar (415/475 kB) | jboss-metadata-web-11.0.0.Final.jar (337/468 kB)Progress (4): quarkus-http-core-3.0.15.Final.jar (623/932 kB) | quarkus-http-servlet-3.0.15.Final.jar (415/498 kB) | jboss-metadata-common-11.0.0.Final.jar (415/475 kB) | jboss-metadata-web-11.0.0.Final.jar (340/468 kB)Progress (4): quarkus-http-core-3.0.15.Final.jar (623/932 kB) | quarkus-http-servlet-3.0.15.Final.jar (419/498 kB) | jboss-metadata-common-11.0.0.Final.jar (415/475 kB) | jboss-metadata-web-11.0.0.Final.jar (340/468 kB)Progress (4): quarkus-http-core-3.0.15.Final.jar (623/932 kB) | quarkus-http-servlet-3.0.15.Final.jar (419/498 kB) | jboss-metadata-common-11.0.0.Final.jar (415/475 kB) | jboss-metadata-web-11.0.0.Final.jar (343/468 kB)Progress (4): quarkus-http-core-3.0.15.Final.jar (623/932 kB) | quarkus-http-servlet-3.0.15.Final.jar (424/498 kB) | jboss-metadata-common-11.0.0.Final.jar (415/475 kB) | jboss-metadata-web-11.0.0.Final.jar (343/468 kB)Progress (4): quarkus-http-core-3.0.15.Final.jar (623/932 kB) | quarkus-http-servlet-3.0.15.Final.jar (428/498 kB) | jboss-metadata-common-11.0.0.Final.jar (415/475 kB) | jboss-metadata-web-11.0.0.Final.jar (343/468 kB)Progress (4): quarkus-http-core-3.0.15.Final.jar (623/932 kB) | quarkus-http-servlet-3.0.15.Final.jar (432/498 kB) | jboss-metadata-common-11.0.0.Final.jar (415/475 kB) | jboss-metadata-web-11.0.0.Final.jar (343/468 kB)Progress (4): quarkus-http-core-3.0.15.Final.jar (623/932 kB) | quarkus-http-servlet-3.0.15.Final.jar (432/498 kB) | jboss-metadata-common-11.0.0.Final.jar (415/475 kB) | jboss-metadata-web-11.0.0.Final.jar (345/468 kB)Progress (4): quarkus-http-core-3.0.15.Final.jar (623/932 kB) | quarkus-http-servlet-3.0.15.Final.jar (432/498 kB) | jboss-metadata-common-11.0.0.Final.jar (415/475 kB) | jboss-metadata-web-11.0.0.Final.jar (348/468 kB)Progress (4): quarkus-http-core-3.0.15.Final.jar (623/932 kB) | quarkus-http-servlet-3.0.15.Final.jar (432/498 kB) | jboss-metadata-common-11.0.0.Final.jar (419/475 kB) | jboss-metadata-web-11.0.0.Final.jar (348/468 kB)Progress (4): quarkus-http-core-3.0.15.Final.jar (623/932 kB) | quarkus-http-servlet-3.0.15.Final.jar (432/498 kB) | jboss-metadata-common-11.0.0.Final.jar (424/475 kB) | jboss-metadata-web-11.0.0.Final.jar (348/468 kB)Progress (4): quarkus-http-core-3.0.15.Final.jar (623/932 kB) | quarkus-http-servlet-3.0.15.Final.jar (432/498 kB) | jboss-metadata-common-11.0.0.Final.jar (428/475 kB) | jboss-metadata-web-11.0.0.Final.jar (348/468 kB)Progress (4): quarkus-http-core-3.0.15.Final.jar (623/932 kB) | quarkus-http-servlet-3.0.15.Final.jar (432/498 kB) | jboss-metadata-common-11.0.0.Final.jar (432/475 kB) | jboss-metadata-web-11.0.0.Final.jar (348/468 kB)Progress (4): quarkus-http-core-3.0.15.Final.jar (623/932 kB) | quarkus-http-servlet-3.0.15.Final.jar (432/498 kB) | jboss-metadata-common-11.0.0.Final.jar (436/475 kB) | jboss-metadata-web-11.0.0.Final.jar (348/468 kB)Progress (4): quarkus-http-core-3.0.15.Final.jar (623/932 kB) | quarkus-http-servlet-3.0.15.Final.jar (432/498 kB) | jboss-metadata-common-11.0.0.Final.jar (438/475 kB) | jboss-metadata-web-11.0.0.Final.jar (348/468 kB)Progress (4): quarkus-http-core-3.0.15.Final.jar (623/932 kB) | quarkus-http-servlet-3.0.15.Final.jar (432/498 kB) | jboss-metadata-common-11.0.0.Final.jar (442/475 kB) | jboss-metadata-web-11.0.0.Final.jar (348/468 kB)Progress (4): quarkus-http-core-3.0.15.Final.jar (623/932 kB) | quarkus-http-servlet-3.0.15.Final.jar (432/498 kB) | jboss-metadata-common-11.0.0.Final.jar (446/475 kB) | jboss-metadata-web-11.0.0.Final.jar (348/468 kB)Progress (4): quarkus-http-core-3.0.15.Final.jar (623/932 kB) | quarkus-http-servlet-3.0.15.Final.jar (432/498 kB) | jboss-metadata-common-11.0.0.Final.jar (450/475 kB) | jboss-metadata-web-11.0.0.Final.jar (348/468 kB)Progress (4): quarkus-http-core-3.0.15.Final.jar (623/932 kB) | quarkus-http-servlet-3.0.15.Final.jar (432/498 kB) | jboss-metadata-common-11.0.0.Final.jar (454/475 kB) | jboss-metadata-web-11.0.0.Final.jar (348/468 kB)Progress (4): quarkus-http-core-3.0.15.Final.jar (623/932 kB) | quarkus-http-servlet-3.0.15.Final.jar (436/498 kB) | jboss-metadata-common-11.0.0.Final.jar (454/475 kB) | jboss-metadata-web-11.0.0.Final.jar (348/468 kB)Progress (4): quarkus-http-core-3.0.15.Final.jar (631/932 kB) | quarkus-http-servlet-3.0.15.Final.jar (436/498 kB) | jboss-metadata-common-11.0.0.Final.jar (454/475 kB) | jboss-metadata-web-11.0.0.Final.jar (348/468 kB)Progress (4): quarkus-http-core-3.0.15.Final.jar (631/932 kB) | quarkus-http-servlet-3.0.15.Final.jar (440/498 kB) | jboss-metadata-common-11.0.0.Final.jar (454/475 kB) | jboss-metadata-web-11.0.0.Final.jar (348/468 kB)Progress (4): quarkus-http-core-3.0.15.Final.jar (639/932 kB) | quarkus-http-servlet-3.0.15.Final.jar (440/498 kB) | jboss-metadata-common-11.0.0.Final.jar (454/475 kB) | jboss-metadata-web-11.0.0.Final.jar (348/468 kB)Progress (4): quarkus-http-core-3.0.15.Final.jar (639/932 kB) | quarkus-http-servlet-3.0.15.Final.jar (444/498 kB) | jboss-metadata-common-11.0.0.Final.jar (454/475 kB) | jboss-metadata-web-11.0.0.Final.jar (348/468 kB)Progress (4): quarkus-http-core-3.0.15.Final.jar (639/932 kB) | quarkus-http-servlet-3.0.15.Final.jar (444/498 kB) | jboss-metadata-common-11.0.0.Final.jar (458/475 kB) | jboss-metadata-web-11.0.0.Final.jar (348/468 kB)Progress (4): quarkus-http-core-3.0.15.Final.jar (639/932 kB) | quarkus-http-servlet-3.0.15.Final.jar (448/498 kB) | jboss-metadata-common-11.0.0.Final.jar (458/475 kB) | jboss-metadata-web-11.0.0.Final.jar (348/468 kB)Progress (4): quarkus-http-core-3.0.15.Final.jar (639/932 kB) | quarkus-http-servlet-3.0.15.Final.jar (448/498 kB) | jboss-metadata-common-11.0.0.Final.jar (463/475 kB) | jboss-metadata-web-11.0.0.Final.jar (348/468 kB)Progress (4): quarkus-http-core-3.0.15.Final.jar (639/932 kB) | quarkus-http-servlet-3.0.15.Final.jar (448/498 kB) | jboss-metadata-common-11.0.0.Final.jar (467/475 kB) | jboss-metadata-web-11.0.0.Final.jar (348/468 kB)Progress (4): quarkus-http-core-3.0.15.Final.jar (639/932 kB) | quarkus-http-servlet-3.0.15.Final.jar (448/498 kB) | jboss-metadata-common-11.0.0.Final.jar (471/475 kB) | jboss-metadata-web-11.0.0.Final.jar (348/468 kB)Progress (4): quarkus-http-core-3.0.15.Final.jar (639/932 kB) | quarkus-http-servlet-3.0.15.Final.jar (448/498 kB) | jboss-metadata-common-11.0.0.Final.jar (475 kB) | jboss-metadata-web-11.0.0.Final.jar (348/468 kB)    Progress (4): quarkus-http-core-3.0.15.Final.jar (639/932 kB) | quarkus-http-servlet-3.0.15.Final.jar (452/498 kB) | jboss-metadata-common-11.0.0.Final.jar (475 kB) | jboss-metadata-web-11.0.0.Final.jar (348/468 kB)Progress (4): quarkus-http-core-3.0.15.Final.jar (639/932 kB) | quarkus-http-servlet-3.0.15.Final.jar (456/498 kB) | jboss-metadata-common-11.0.0.Final.jar (475 kB) | jboss-metadata-web-11.0.0.Final.jar (348/468 kB)Progress (4): quarkus-http-core-3.0.15.Final.jar (639/932 kB) | quarkus-http-servlet-3.0.15.Final.jar (460/498 kB) | jboss-metadata-common-11.0.0.Final.jar (475 kB) | jboss-metadata-web-11.0.0.Final.jar (348/468 kB)Progress (4): quarkus-http-core-3.0.15.Final.jar (639/932 kB) | quarkus-http-servlet-3.0.15.Final.jar (464/498 kB) | jboss-metadata-common-11.0.0.Final.jar (475 kB) | jboss-metadata-web-11.0.0.Final.jar (348/468 kB)Progress (4): quarkus-http-core-3.0.15.Final.jar (647/932 kB) | quarkus-http-servlet-3.0.15.Final.jar (464/498 kB) | jboss-metadata-common-11.0.0.Final.jar (475 kB) | jboss-metadata-web-11.0.0.Final.jar (348/468 kB)Progress (4): quarkus-http-core-3.0.15.Final.jar (655/932 kB) | quarkus-http-servlet-3.0.15.Final.jar (464/498 kB) | jboss-metadata-common-11.0.0.Final.jar (475 kB) | jboss-metadata-web-11.0.0.Final.jar (348/468 kB)Progress (4): quarkus-http-core-3.0.15.Final.jar (655/932 kB) | quarkus-http-servlet-3.0.15.Final.jar (464/498 kB) | jboss-metadata-common-11.0.0.Final.jar (475 kB) | jboss-metadata-web-11.0.0.Final.jar (351/468 kB)Progress (4): quarkus-http-core-3.0.15.Final.jar (655/932 kB) | quarkus-http-servlet-3.0.15.Final.jar (464/498 kB) | jboss-metadata-common-11.0.0.Final.jar (475 kB) | jboss-metadata-web-11.0.0.Final.jar (354/468 kB)Progress (4): quarkus-http-core-3.0.15.Final.jar (655/932 kB) | quarkus-http-servlet-3.0.15.Final.jar (464/498 kB) | jboss-metadata-common-11.0.0.Final.jar (475 kB) | jboss-metadata-web-11.0.0.Final.jar (356/468 kB)Progress (4): quarkus-http-core-3.0.15.Final.jar (655/932 kB) | quarkus-http-servlet-3.0.15.Final.jar (464/498 kB) | jboss-metadata-common-11.0.0.Final.jar (475 kB) | jboss-metadata-web-11.0.0.Final.jar (359/468 kB)Progress (4): quarkus-http-core-3.0.15.Final.jar (655/932 kB) | quarkus-http-servlet-3.0.15.Final.jar (464/498 kB) | jboss-metadata-common-11.0.0.Final.jar (475 kB) | jboss-metadata-web-11.0.0.Final.jar (362/468 kB)Progress (4): quarkus-http-core-3.0.15.Final.jar (664/932 kB) | quarkus-http-servlet-3.0.15.Final.jar (464/498 kB) | jboss-metadata-common-11.0.0.Final.jar (475 kB) | jboss-metadata-web-11.0.0.Final.jar (362/468 kB)Progress (4): quarkus-http-core-3.0.15.Final.jar (664/932 kB) | quarkus-http-servlet-3.0.15.Final.jar (464/498 kB) | jboss-metadata-common-11.0.0.Final.jar (475 kB) | jboss-metadata-web-11.0.0.Final.jar (365/468 kB)Progress (4): quarkus-http-core-3.0.15.Final.jar (672/932 kB) | quarkus-http-servlet-3.0.15.Final.jar (464/498 kB) | jboss-metadata-common-11.0.0.Final.jar (475 kB) | jboss-metadata-web-11.0.0.Final.jar (365/468 kB)Progress (4): quarkus-http-core-3.0.15.Final.jar (672/932 kB) | quarkus-http-servlet-3.0.15.Final.jar (464/498 kB) | jboss-metadata-common-11.0.0.Final.jar (475 kB) | jboss-metadata-web-11.0.0.Final.jar (367/468 kB)Progress (4): quarkus-http-core-3.0.15.Final.jar (672/932 kB) | quarkus-http-servlet-3.0.15.Final.jar (464/498 kB) | jboss-metadata-common-11.0.0.Final.jar (475 kB) | jboss-metadata-web-11.0.0.Final.jar (370/468 kB)Progress (4): quarkus-http-core-3.0.15.Final.jar (672/932 kB) | quarkus-http-servlet-3.0.15.Final.jar (464/498 kB) | jboss-metadata-common-11.0.0.Final.jar (475 kB) | jboss-metadata-web-11.0.0.Final.jar (373/468 kB)Progress (4): quarkus-http-core-3.0.15.Final.jar (672/932 kB) | quarkus-http-servlet-3.0.15.Final.jar (464/498 kB) | jboss-metadata-common-11.0.0.Final.jar (475 kB) | jboss-metadata-web-11.0.0.Final.jar (376/468 kB)Progress (4): quarkus-http-core-3.0.15.Final.jar (672/932 kB) | quarkus-http-servlet-3.0.15.Final.jar (464/498 kB) | jboss-metadata-common-11.0.0.Final.jar (475 kB) | jboss-metadata-web-11.0.0.Final.jar (378/468 kB)Progress (4): quarkus-http-core-3.0.15.Final.jar (680/932 kB) | quarkus-http-servlet-3.0.15.Final.jar (464/498 kB) | jboss-metadata-common-11.0.0.Final.jar (475 kB) | jboss-metadata-web-11.0.0.Final.jar (378/468 kB)Progress (4): quarkus-http-core-3.0.15.Final.jar (688/932 kB) | quarkus-http-servlet-3.0.15.Final.jar (464/498 kB) | jboss-metadata-common-11.0.0.Final.jar (475 kB) | jboss-metadata-web-11.0.0.Final.jar (378/468 kB)Progress (4): quarkus-http-core-3.0.15.Final.jar (688/932 kB) | quarkus-http-servlet-3.0.15.Final.jar (464/498 kB) | jboss-metadata-common-11.0.0.Final.jar (475 kB) | jboss-metadata-web-11.0.0.Final.jar (381/468 kB)Progress (4): quarkus-http-core-3.0.15.Final.jar (688/932 kB) | quarkus-http-servlet-3.0.15.Final.jar (464/498 kB) | jboss-metadata-common-11.0.0.Final.jar (475 kB) | jboss-metadata-web-11.0.0.Final.jar (384/468 kB)Progress (4): quarkus-http-core-3.0.15.Final.jar (688/932 kB) | quarkus-http-servlet-3.0.15.Final.jar (464/498 kB) | jboss-metadata-common-11.0.0.Final.jar (475 kB) | jboss-metadata-web-11.0.0.Final.jar (387/468 kB)Progress (5): quarkus-http-core-3.0.15.Final.jar (688/932 kB) | quarkus-http-servlet-3.0.15.Final.jar (464/498 kB) | jboss-metadata-common-11.0.0.Final.jar (475 kB) | jboss-metadata-web-11.0.0.Final.jar (387/468 kB) | quarkus-vertx-core-deployment-1.9.0.Final.jar (2.7/9.2 kB)Progress (5): quarkus-http-core-3.0.15.Final.jar (688/932 kB) | quarkus-http-servlet-3.0.15.Final.jar (464/498 kB) | jboss-metadata-common-11.0.0.Final.jar (475 kB) | jboss-metadata-web-11.0.0.Final.jar (389/468 kB) | quarkus-vertx-core-deployment-1.9.0.Final.jar (2.7/9.2 kB)Progress (5): quarkus-http-core-3.0.15.Final.jar (688/932 kB) | quarkus-http-servlet-3.0.15.Final.jar (464/498 kB) | jboss-metadata-common-11.0.0.Final.jar (475 kB) | jboss-metadata-web-11.0.0.Final.jar (389/468 kB) | quarkus-vertx-core-deployment-1.9.0.Final.jar (5.5/9.2 kB)Progress (5): quarkus-http-core-3.0.15.Final.jar (688/932 kB) | quarkus-http-servlet-3.0.15.Final.jar (464/498 kB) | jboss-metadata-common-11.0.0.Final.jar (475 kB) | jboss-metadata-web-11.0.0.Final.jar (389/468 kB) | quarkus-vertx-core-deployment-1.9.0.Final.jar (8.2/9.2 kB)Progress (5): quarkus-http-core-3.0.15.Final.jar (688/932 kB) | quarkus-http-servlet-3.0.15.Final.jar (464/498 kB) | jboss-metadata-common-11.0.0.Final.jar (475 kB) | jboss-metadata-web-11.0.0.Final.jar (392/468 kB) | quarkus-vertx-core-deployment-1.9.0.Final.jar (8.2/9.2 kB)Progress (5): quarkus-http-core-3.0.15.Final.jar (688/932 kB) | quarkus-http-servlet-3.0.15.Final.jar (464/498 kB) | jboss-metadata-common-11.0.0.Final.jar (475 kB) | jboss-metadata-web-11.0.0.Final.jar (392/468 kB) | quarkus-vertx-core-deployment-1.9.0.Final.jar (9.2 kB)    Progress (5): quarkus-http-core-3.0.15.Final.jar (688/932 kB) | quarkus-http-servlet-3.0.15.Final.jar (464/498 kB) | jboss-metadata-common-11.0.0.Final.jar (475 kB) | jboss-metadata-web-11.0.0.Final.jar (395/468 kB) | quarkus-vertx-core-deployment-1.9.0.Final.jar (9.2 kB)Progress (5): quarkus-http-core-3.0.15.Final.jar (688/932 kB) | quarkus-http-servlet-3.0.15.Final.jar (464/498 kB) | jboss-metadata-common-11.0.0.Final.jar (475 kB) | jboss-metadata-web-11.0.0.Final.jar (398/468 kB) | quarkus-vertx-core-deployment-1.9.0.Final.jar (9.2 kB)Progress (5): quarkus-http-core-3.0.15.Final.jar (688/932 kB) | quarkus-http-servlet-3.0.15.Final.jar (464/498 kB) | jboss-metadata-common-11.0.0.Final.jar (475 kB) | jboss-metadata-web-11.0.0.Final.jar (400/468 kB) | quarkus-vertx-core-deployment-1.9.0.Final.jar (9.2 kB)Progress (5): quarkus-http-core-3.0.15.Final.jar (688/932 kB) | quarkus-http-servlet-3.0.15.Final.jar (464/498 kB) | jboss-metadata-common-11.0.0.Final.jar (475 kB) | jboss-metadata-web-11.0.0.Final.jar (403/468 kB) | quarkus-vertx-core-deployment-1.9.0.Final.jar (9.2 kB)Progress (5): quarkus-http-core-3.0.15.Final.jar (688/932 kB) | quarkus-http-servlet-3.0.15.Final.jar (469/498 kB) | jboss-metadata-common-11.0.0.Final.jar (475 kB) | jboss-metadata-web-11.0.0.Final.jar (403/468 kB) | quarkus-vertx-core-deployment-1.9.0.Final.jar (9.2 kB)Progress (5): quarkus-http-core-3.0.15.Final.jar (688/932 kB) | quarkus-http-servlet-3.0.15.Final.jar (473/498 kB) | jboss-metadata-common-11.0.0.Final.jar (475 kB) | jboss-metadata-web-11.0.0.Final.jar (403/468 kB) | quarkus-vertx-core-deployment-1.9.0.Final.jar (9.2 kB)Progress (5): quarkus-http-core-3.0.15.Final.jar (688/932 kB) | quarkus-http-servlet-3.0.15.Final.jar (477/498 kB) | jboss-metadata-common-11.0.0.Final.jar (475 kB) | jboss-metadata-web-11.0.0.Final.jar (403/468 kB) | quarkus-vertx-core-deployment-1.9.0.Final.jar (9.2 kB)Progress (5): quarkus-http-core-3.0.15.Final.jar (688/932 kB) | quarkus-http-servlet-3.0.15.Final.jar (481/498 kB) | jboss-metadata-common-11.0.0.Final.jar (475 kB) | jboss-metadata-web-11.0.0.Final.jar (403/468 kB) | quarkus-vertx-core-deployment-1.9.0.Final.jar (9.2 kB)Progress (5): quarkus-http-core-3.0.15.Final.jar (688/932 kB) | quarkus-http-servlet-3.0.15.Final.jar (481/498 kB) | jboss-metadata-common-11.0.0.Final.jar (475 kB) | jboss-metadata-web-11.0.0.Final.jar (406/468 kB) | quarkus-vertx-core-deployment-1.9.0.Final.jar (9.2 kB)Progress (5): quarkus-http-core-3.0.15.Final.jar (688/932 kB) | quarkus-http-servlet-3.0.15.Final.jar (481/498 kB) | jboss-metadata-common-11.0.0.Final.jar (475 kB) | jboss-metadata-web-11.0.0.Final.jar (409/468 kB) | quarkus-vertx-core-deployment-1.9.0.Final.jar (9.2 kB)Progress (5): quarkus-http-core-3.0.15.Final.jar (688/932 kB) | quarkus-http-servlet-3.0.15.Final.jar (481/498 kB) | jboss-metadata-common-11.0.0.Final.jar (475 kB) | jboss-metadata-web-11.0.0.Final.jar (411/468 kB) | quarkus-vertx-core-deployment-1.9.0.Final.jar (9.2 kB)Progress (5): quarkus-http-core-3.0.15.Final.jar (688/932 kB) | quarkus-http-servlet-3.0.15.Final.jar (485/498 kB) | jboss-metadata-common-11.0.0.Final.jar (475 kB) | jboss-metadata-web-11.0.0.Final.jar (411/468 kB) | quarkus-vertx-core-deployment-1.9.0.Final.jar (9.2 kB)Progress (5): quarkus-http-core-3.0.15.Final.jar (688/932 kB) | quarkus-http-servlet-3.0.15.Final.jar (489/498 kB) | jboss-metadata-common-11.0.0.Final.jar (475 kB) | jboss-metadata-web-11.0.0.Final.jar (411/468 kB) | quarkus-vertx-core-deployment-1.9.0.Final.jar (9.2 kB)Progress (5): quarkus-http-core-3.0.15.Final.jar (688/932 kB) | quarkus-http-servlet-3.0.15.Final.jar (493/498 kB) | jboss-metadata-common-11.0.0.Final.jar (475 kB) | jboss-metadata-web-11.0.0.Final.jar (411/468 kB) | quarkus-vertx-core-deployment-1.9.0.Final.jar (9.2 kB)Progress (5): quarkus-http-core-3.0.15.Final.jar (688/932 kB) | quarkus-http-servlet-3.0.15.Final.jar (497/498 kB) | jboss-metadata-common-11.0.0.Final.jar (475 kB) | jboss-metadata-web-11.0.0.Final.jar (411/468 kB) | quarkus-vertx-core-deployment-1.9.0.Final.jar (9.2 kB)Progress (5): quarkus-http-core-3.0.15.Final.jar (688/932 kB) | quarkus-http-servlet-3.0.15.Final.jar (498 kB) | jboss-metadata-common-11.0.0.Final.jar (475 kB) | jboss-metadata-web-11.0.0.Final.jar (411/468 kB) | quarkus-vertx-core-deployment-1.9.0.Final.jar (9.2 kB)    Progress (5): quarkus-http-core-3.0.15.Final.jar (696/932 kB) | quarkus-http-servlet-3.0.15.Final.jar (498 kB) | jboss-metadata-common-11.0.0.Final.jar (475 kB) | jboss-metadata-web-11.0.0.Final.jar (411/468 kB) | quarkus-vertx-core-deployment-1.9.0.Final.jar (9.2 kB)Progress (5): quarkus-http-core-3.0.15.Final.jar (705/932 kB) | quarkus-http-servlet-3.0.15.Final.jar (498 kB) | jboss-metadata-common-11.0.0.Final.jar (475 kB) | jboss-metadata-web-11.0.0.Final.jar (411/468 kB) | quarkus-vertx-core-deployment-1.9.0.Final.jar (9.2 kB)Progress (5): quarkus-http-core-3.0.15.Final.jar (705/932 kB) | quarkus-http-servlet-3.0.15.Final.jar (498 kB) | jboss-metadata-common-11.0.0.Final.jar (475 kB) | jboss-metadata-web-11.0.0.Final.jar (414/468 kB) | quarkus-vertx-core-deployment-1.9.0.Final.jar (9.2 kB)Progress (5): quarkus-http-core-3.0.15.Final.jar (705/932 kB) | quarkus-http-servlet-3.0.15.Final.jar (498 kB) | jboss-metadata-common-11.0.0.Final.jar (475 kB) | jboss-metadata-web-11.0.0.Final.jar (417/468 kB) | quarkus-vertx-core-deployment-1.9.0.Final.jar (9.2 kB)Progress (5): quarkus-http-core-3.0.15.Final.jar (713/932 kB) | quarkus-http-servlet-3.0.15.Final.jar (498 kB) | jboss-metadata-common-11.0.0.Final.jar (475 kB) | jboss-metadata-web-11.0.0.Final.jar (417/468 kB) | quarkus-vertx-core-deployment-1.9.0.Final.jar (9.2 kB)Progress (5): quarkus-http-core-3.0.15.Final.jar (721/932 kB) | quarkus-http-servlet-3.0.15.Final.jar (498 kB) | jboss-metadata-common-11.0.0.Final.jar (475 kB) | jboss-metadata-web-11.0.0.Final.jar (417/468 kB) | quarkus-vertx-core-deployment-1.9.0.Final.jar (9.2 kB)Progress (5): quarkus-http-core-3.0.15.Final.jar (721/932 kB) | quarkus-http-servlet-3.0.15.Final.jar (498 kB) | jboss-metadata-common-11.0.0.Final.jar (475 kB) | jboss-metadata-web-11.0.0.Final.jar (420/468 kB) | quarkus-vertx-core-deployment-1.9.0.Final.jar (9.2 kB)                                                                                                                                                                                                                                                                            Downloaded from central: https://repo.maven.apache.org/maven2/org/jboss/metadata/jboss-metadata-common/11.0.0.Final/jboss-metadata-common-11.0.0.Final.jar (475 kB at 596 kB/s)
Downloading from central: https://repo.maven.apache.org/maven2/io/quarkus/quarkus-kubernetes-spi/1.9.0.Final/quarkus-kubernetes-spi-1.9.0.Final.jar
Progress (4): quarkus-http-core-3.0.15.Final.jar (721/932 kB) | quarkus-http-servlet-3.0.15.Final.jar (498 kB) | jboss-metadata-web-11.0.0.Final.jar (422/468 kB) | quarkus-vertx-core-deployment-1.9.0.Final.jar (9.2 kB)Progress (4): quarkus-http-core-3.0.15.Final.jar (721/932 kB) | quarkus-http-servlet-3.0.15.Final.jar (498 kB) | jboss-metadata-web-11.0.0.Final.jar (425/468 kB) | quarkus-vertx-core-deployment-1.9.0.Final.jar (9.2 kB)Progress (4): quarkus-http-core-3.0.15.Final.jar (721/932 kB) | quarkus-http-servlet-3.0.15.Final.jar (498 kB) | jboss-metadata-web-11.0.0.Final.jar (428/468 kB) | quarkus-vertx-core-deployment-1.9.0.Final.jar (9.2 kB)Progress (4): quarkus-http-core-3.0.15.Final.jar (721/932 kB) | quarkus-http-servlet-3.0.15.Final.jar (498 kB) | jboss-metadata-web-11.0.0.Final.jar (430/468 kB) | quarkus-vertx-core-deployment-1.9.0.Final.jar (9.2 kB)Progress (4): quarkus-http-core-3.0.15.Final.jar (729/932 kB) | quarkus-http-servlet-3.0.15.Final.jar (498 kB) | jboss-metadata-web-11.0.0.Final.jar (430/468 kB) | quarkus-vertx-core-deployment-1.9.0.Final.jar (9.2 kB)Progress (4): quarkus-http-core-3.0.15.Final.jar (729/932 kB) | quarkus-http-servlet-3.0.15.Final.jar (498 kB) | jboss-metadata-web-11.0.0.Final.jar (433/468 kB) | quarkus-vertx-core-deployment-1.9.0.Final.jar (9.2 kB)Progress (4): quarkus-http-core-3.0.15.Final.jar (737/932 kB) | quarkus-http-servlet-3.0.15.Final.jar (498 kB) | jboss-metadata-web-11.0.0.Final.jar (433/468 kB) | quarkus-vertx-core-deployment-1.9.0.Final.jar (9.2 kB)Progress (4): quarkus-http-core-3.0.15.Final.jar (737/932 kB) | quarkus-http-servlet-3.0.15.Final.jar (498 kB) | jboss-metadata-web-11.0.0.Final.jar (436/468 kB) | quarkus-vertx-core-deployment-1.9.0.Final.jar (9.2 kB)Progress (4): quarkus-http-core-3.0.15.Final.jar (737/932 kB) | quarkus-http-servlet-3.0.15.Final.jar (498 kB) | jboss-metadata-web-11.0.0.Final.jar (439/468 kB) | quarkus-vertx-core-deployment-1.9.0.Final.jar (9.2 kB)Progress (4): quarkus-http-core-3.0.15.Final.jar (737/932 kB) | quarkus-http-servlet-3.0.15.Final.jar (498 kB) | jboss-metadata-web-11.0.0.Final.jar (441/468 kB) | quarkus-vertx-core-deployment-1.9.0.Final.jar (9.2 kB)Progress (4): quarkus-http-core-3.0.15.Final.jar (737/932 kB) | quarkus-http-servlet-3.0.15.Final.jar (498 kB) | jboss-metadata-web-11.0.0.Final.jar (444/468 kB) | quarkus-vertx-core-deployment-1.9.0.Final.jar (9.2 kB)Progress (4): quarkus-http-core-3.0.15.Final.jar (745/932 kB) | quarkus-http-servlet-3.0.15.Final.jar (498 kB) | jboss-metadata-web-11.0.0.Final.jar (444/468 kB) | quarkus-vertx-core-deployment-1.9.0.Final.jar (9.2 kB)Progress (4): quarkus-http-core-3.0.15.Final.jar (754/932 kB) | quarkus-http-servlet-3.0.15.Final.jar (498 kB) | jboss-metadata-web-11.0.0.Final.jar (444/468 kB) | quarkus-vertx-core-deployment-1.9.0.Final.jar (9.2 kB)Progress (4): quarkus-http-core-3.0.15.Final.jar (754/932 kB) | quarkus-http-servlet-3.0.15.Final.jar (498 kB) | jboss-metadata-web-11.0.0.Final.jar (447/468 kB) | quarkus-vertx-core-deployment-1.9.0.Final.jar (9.2 kB)Progress (4): quarkus-http-core-3.0.15.Final.jar (754/932 kB) | quarkus-http-servlet-3.0.15.Final.jar (498 kB) | jboss-metadata-web-11.0.0.Final.jar (450/468 kB) | quarkus-vertx-core-deployment-1.9.0.Final.jar (9.2 kB)Progress (4): quarkus-http-core-3.0.15.Final.jar (754/932 kB) | quarkus-http-servlet-3.0.15.Final.jar (498 kB) | jboss-metadata-web-11.0.0.Final.jar (452/468 kB) | quarkus-vertx-core-deployment-1.9.0.Final.jar (9.2 kB)Progress (4): quarkus-http-core-3.0.15.Final.jar (754/932 kB) | quarkus-http-servlet-3.0.15.Final.jar (498 kB) | jboss-metadata-web-11.0.0.Final.jar (455/468 kB) | quarkus-vertx-core-deployment-1.9.0.Final.jar (9.2 kB)Progress (4): quarkus-http-core-3.0.15.Final.jar (754/932 kB) | quarkus-http-servlet-3.0.15.Final.jar (498 kB) | jboss-metadata-web-11.0.0.Final.jar (458/468 kB) | quarkus-vertx-core-deployment-1.9.0.Final.jar (9.2 kB)Progress (4): quarkus-http-core-3.0.15.Final.jar (754/932 kB) | quarkus-http-servlet-3.0.15.Final.jar (498 kB) | jboss-metadata-web-11.0.0.Final.jar (461/468 kB) | quarkus-vertx-core-deployment-1.9.0.Final.jar (9.2 kB)Progress (4): quarkus-http-core-3.0.15.Final.jar (754/932 kB) | quarkus-http-servlet-3.0.15.Final.jar (498 kB) | jboss-metadata-web-11.0.0.Final.jar (463/468 kB) | quarkus-vertx-core-deployment-1.9.0.Final.jar (9.2 kB)Progress (4): quarkus-http-core-3.0.15.Final.jar (754/932 kB) | quarkus-http-servlet-3.0.15.Final.jar (498 kB) | jboss-metadata-web-11.0.0.Final.jar (466/468 kB) | quarkus-vertx-core-deployment-1.9.0.Final.jar (9.2 kB)Progress (4): quarkus-http-core-3.0.15.Final.jar (754/932 kB) | quarkus-http-servlet-3.0.15.Final.jar (498 kB) | jboss-metadata-web-11.0.0.Final.jar (468 kB) | quarkus-vertx-core-deployment-1.9.0.Final.jar (9.2 kB)                                                                                                                                                                                                                          Downloaded from central: https://repo.maven.apache.org/maven2/io/quarkus/quarkus-vertx-core-deployment/1.9.0.Final/quarkus-vertx-core-deployment-1.9.0.Final.jar (9.2 kB at 11 kB/s)
Downloading from central: https://repo.maven.apache.org/maven2/io/quarkus/quarkus-vertx-http-deployment/1.9.0.Final/quarkus-vertx-http-deployment-1.9.0.Final.jar
Progress (3): quarkus-http-core-3.0.15.Final.jar (762/932 kB) | quarkus-http-servlet-3.0.15.Final.jar (498 kB) | jboss-metadata-web-11.0.0.Final.jar (468 kB)Progress (3): quarkus-http-core-3.0.15.Final.jar (770/932 kB) | quarkus-http-servlet-3.0.15.Final.jar (498 kB) | jboss-metadata-web-11.0.0.Final.jar (468 kB)Progress (3): quarkus-http-core-3.0.15.Final.jar (778/932 kB) | quarkus-http-servlet-3.0.15.Final.jar (498 kB) | jboss-metadata-web-11.0.0.Final.jar (468 kB)Progress (3): quarkus-http-core-3.0.15.Final.jar (786/932 kB) | quarkus-http-servlet-3.0.15.Final.jar (498 kB) | jboss-metadata-web-11.0.0.Final.jar (468 kB)                                                                                                                                                             Downloaded from central: https://repo.maven.apache.org/maven2/io/quarkus/http/quarkus-http-servlet/3.0.15.Final/quarkus-http-servlet-3.0.15.Final.jar (498 kB at 583 kB/s)
Downloading from central: https://repo.maven.apache.org/maven2/io/quarkus/arc/arc-processor/1.9.0.Final/arc-processor-1.9.0.Final.jar
Progress (3): quarkus-http-core-3.0.15.Final.jar (786/932 kB) | jboss-metadata-web-11.0.0.Final.jar (468 kB) | quarkus-kubernetes-spi-1.9.0.Final.jar (4.1/18 kB)Progress (3): quarkus-http-core-3.0.15.Final.jar (786/932 kB) | jboss-metadata-web-11.0.0.Final.jar (468 kB) | quarkus-kubernetes-spi-1.9.0.Final.jar (8.2/18 kB)Progress (3): quarkus-http-core-3.0.15.Final.jar (786/932 kB) | jboss-metadata-web-11.0.0.Final.jar (468 kB) | quarkus-kubernetes-spi-1.9.0.Final.jar (12/18 kB) Progress (3): quarkus-http-core-3.0.15.Final.jar (786/932 kB) | jboss-metadata-web-11.0.0.Final.jar (468 kB) | quarkus-kubernetes-spi-1.9.0.Final.jar (16/18 kB)Progress (3): quarkus-http-core-3.0.15.Final.jar (795/932 kB) | jboss-metadata-web-11.0.0.Final.jar (468 kB) | quarkus-kubernetes-spi-1.9.0.Final.jar (16/18 kB)Progress (3): quarkus-http-core-3.0.15.Final.jar (795/932 kB) | jboss-metadata-web-11.0.0.Final.jar (468 kB) | quarkus-kubernetes-spi-1.9.0.Final.jar (18 kB)   Progress (3): quarkus-http-core-3.0.15.Final.jar (803/932 kB) | jboss-metadata-web-11.0.0.Final.jar (468 kB) | quarkus-kubernetes-spi-1.9.0.Final.jar (18 kB)Progress (3): quarkus-http-core-3.0.15.Final.jar (811/932 kB) | jboss-metadata-web-11.0.0.Final.jar (468 kB) | quarkus-kubernetes-spi-1.9.0.Final.jar (18 kB)Progress (3): quarkus-http-core-3.0.15.Final.jar (819/932 kB) | jboss-metadata-web-11.0.0.Final.jar (468 kB) | quarkus-kubernetes-spi-1.9.0.Final.jar (18 kB)                                                                                                                                                             Downloaded from central: https://repo.maven.apache.org/maven2/org/jboss/metadata/jboss-metadata-web/11.0.0.Final/jboss-metadata-web-11.0.0.Final.jar (468 kB at 532 kB/s)
Downloading from central: https://repo.maven.apache.org/maven2/io/quarkus/quarkus-arc-deployment/1.9.0.Final/quarkus-arc-deployment-1.9.0.Final.jar
Progress (3): quarkus-http-core-3.0.15.Final.jar (819/932 kB) | quarkus-kubernetes-spi-1.9.0.Final.jar (18 kB) | quarkus-vertx-http-deployment-1.9.0.Final.jar (4.1/39 kB)Progress (3): quarkus-http-core-3.0.15.Final.jar (819/932 kB) | quarkus-kubernetes-spi-1.9.0.Final.jar (18 kB) | quarkus-vertx-http-deployment-1.9.0.Final.jar (8.2/39 kB)Progress (3): quarkus-http-core-3.0.15.Final.jar (819/932 kB) | quarkus-kubernetes-spi-1.9.0.Final.jar (18 kB) | quarkus-vertx-http-deployment-1.9.0.Final.jar (12/39 kB) Progress (3): quarkus-http-core-3.0.15.Final.jar (819/932 kB) | quarkus-kubernetes-spi-1.9.0.Final.jar (18 kB) | quarkus-vertx-http-deployment-1.9.0.Final.jar (16/39 kB)Progress (3): quarkus-http-core-3.0.15.Final.jar (819/932 kB) | quarkus-kubernetes-spi-1.9.0.Final.jar (18 kB) | quarkus-vertx-http-deployment-1.9.0.Final.jar (20/39 kB)Progress (3): quarkus-http-core-3.0.15.Final.jar (819/932 kB) | quarkus-kubernetes-spi-1.9.0.Final.jar (18 kB) | quarkus-vertx-http-deployment-1.9.0.Final.jar (25/39 kB)Progress (3): quarkus-http-core-3.0.15.Final.jar (819/932 kB) | quarkus-kubernetes-spi-1.9.0.Final.jar (18 kB) | quarkus-vertx-http-deployment-1.9.0.Final.jar (29/39 kB)Progress (3): quarkus-http-core-3.0.15.Final.jar (819/932 kB) | quarkus-kubernetes-spi-1.9.0.Final.jar (18 kB) | quarkus-vertx-http-deployment-1.9.0.Final.jar (33/39 kB)Progress (3): quarkus-http-core-3.0.15.Final.jar (819/932 kB) | quarkus-kubernetes-spi-1.9.0.Final.jar (18 kB) | quarkus-vertx-http-deployment-1.9.0.Final.jar (37/39 kB)Progress (3): quarkus-http-core-3.0.15.Final.jar (819/932 kB) | quarkus-kubernetes-spi-1.9.0.Final.jar (18 kB) | quarkus-vertx-http-deployment-1.9.0.Final.jar (39 kB)   Progress (3): quarkus-http-core-3.0.15.Final.jar (827/932 kB) | quarkus-kubernetes-spi-1.9.0.Final.jar (18 kB) | quarkus-vertx-http-deployment-1.9.0.Final.jar (39 kB)Progress (3): quarkus-http-core-3.0.15.Final.jar (836/932 kB) | quarkus-kubernetes-spi-1.9.0.Final.jar (18 kB) | quarkus-vertx-http-deployment-1.9.0.Final.jar (39 kB)Progress (3): quarkus-http-core-3.0.15.Final.jar (844/932 kB) | quarkus-kubernetes-spi-1.9.0.Final.jar (18 kB) | quarkus-vertx-http-deployment-1.9.0.Final.jar (39 kB)Progress (3): quarkus-http-core-3.0.15.Final.jar (852/932 kB) | quarkus-kubernetes-spi-1.9.0.Final.jar (18 kB) | quarkus-vertx-http-deployment-1.9.0.Final.jar (39 kB)Progress (3): quarkus-http-core-3.0.15.Final.jar (860/932 kB) | quarkus-kubernetes-spi-1.9.0.Final.jar (18 kB) | quarkus-vertx-http-deployment-1.9.0.Final.jar (39 kB)Progress (3): quarkus-http-core-3.0.15.Final.jar (868/932 kB) | quarkus-kubernetes-spi-1.9.0.Final.jar (18 kB) | quarkus-vertx-http-deployment-1.9.0.Final.jar (39 kB)                                                                                                                                                                      Downloaded from central: https://repo.maven.apache.org/maven2/io/quarkus/quarkus-kubernetes-spi/1.9.0.Final/quarkus-kubernetes-spi-1.9.0.Final.jar (18 kB at 20 kB/s)
Downloading from central: https://repo.maven.apache.org/maven2/io/quarkus/quarkus-security-spi/1.9.0.Final/quarkus-security-spi-1.9.0.Final.jar
Progress (3): quarkus-http-core-3.0.15.Final.jar (868/932 kB) | quarkus-vertx-http-deployment-1.9.0.Final.jar (39 kB) | arc-processor-1.9.0.Final.jar (4.1/331 kB)Progress (3): quarkus-http-core-3.0.15.Final.jar (877/932 kB) | quarkus-vertx-http-deployment-1.9.0.Final.jar (39 kB) | arc-processor-1.9.0.Final.jar (4.1/331 kB)Progress (3): quarkus-http-core-3.0.15.Final.jar (885/932 kB) | quarkus-vertx-http-deployment-1.9.0.Final.jar (39 kB) | arc-processor-1.9.0.Final.jar (4.1/331 kB)Progress (3): quarkus-http-core-3.0.15.Final.jar (885/932 kB) | quarkus-vertx-http-deployment-1.9.0.Final.jar (39 kB) | arc-processor-1.9.0.Final.jar (8.2/331 kB)Progress (3): quarkus-http-core-3.0.15.Final.jar (885/932 kB) | quarkus-vertx-http-deployment-1.9.0.Final.jar (39 kB) | arc-processor-1.9.0.Final.jar (12/331 kB) Progress (3): quarkus-http-core-3.0.15.Final.jar (885/932 kB) | quarkus-vertx-http-deployment-1.9.0.Final.jar (39 kB) | arc-processor-1.9.0.Final.jar (16/331 kB)Progress (3): quarkus-http-core-3.0.15.Final.jar (885/932 kB) | quarkus-vertx-http-deployment-1.9.0.Final.jar (39 kB) | arc-processor-1.9.0.Final.jar (20/331 kB)Progress (3): quarkus-http-core-3.0.15.Final.jar (885/932 kB) | quarkus-vertx-http-deployment-1.9.0.Final.jar (39 kB) | arc-processor-1.9.0.Final.jar (25/331 kB)Progress (3): quarkus-http-core-3.0.15.Final.jar (885/932 kB) | quarkus-vertx-http-deployment-1.9.0.Final.jar (39 kB) | arc-processor-1.9.0.Final.jar (29/331 kB)Progress (3): quarkus-http-core-3.0.15.Final.jar (885/932 kB) | quarkus-vertx-http-deployment-1.9.0.Final.jar (39 kB) | arc-processor-1.9.0.Final.jar (33/331 kB)Progress (3): quarkus-http-core-3.0.15.Final.jar (885/932 kB) | quarkus-vertx-http-deployment-1.9.0.Final.jar (39 kB) | arc-processor-1.9.0.Final.jar (37/331 kB)Progress (3): quarkus-http-core-3.0.15.Final.jar (885/932 kB) | quarkus-vertx-http-deployment-1.9.0.Final.jar (39 kB) | arc-processor-1.9.0.Final.jar (41/331 kB)Progress (3): quarkus-http-core-3.0.15.Final.jar (885/932 kB) | quarkus-vertx-http-deployment-1.9.0.Final.jar (39 kB) | arc-processor-1.9.0.Final.jar (45/331 kB)Progress (3): quarkus-http-core-3.0.15.Final.jar (885/932 kB) | quarkus-vertx-http-deployment-1.9.0.Final.jar (39 kB) | arc-processor-1.9.0.Final.jar (49/331 kB)Progress (4): quarkus-http-core-3.0.15.Final.jar (885/932 kB) | quarkus-vertx-http-deployment-1.9.0.Final.jar (39 kB) | arc-processor-1.9.0.Final.jar (49/331 kB) | quarkus-arc-deployment-1.9.0.Final.jar (2.7/179 kB)Progress (4): quarkus-http-core-3.0.15.Final.jar (885/932 kB) | quarkus-vertx-http-deployment-1.9.0.Final.jar (39 kB) | arc-processor-1.9.0.Final.jar (49/331 kB) | quarkus-arc-deployment-1.9.0.Final.jar (5.5/179 kB)Progress (4): quarkus-http-core-3.0.15.Final.jar (885/932 kB) | quarkus-vertx-http-deployment-1.9.0.Final.jar (39 kB) | arc-processor-1.9.0.Final.jar (49/331 kB) | quarkus-arc-deployment-1.9.0.Final.jar (8.2/179 kB)Progress (4): quarkus-http-core-3.0.15.Final.jar (885/932 kB) | quarkus-vertx-http-deployment-1.9.0.Final.jar (39 kB) | arc-processor-1.9.0.Final.jar (49/331 kB) | quarkus-arc-deployment-1.9.0.Final.jar (11/179 kB) Progress (4): quarkus-http-core-3.0.15.Final.jar (885/932 kB) | quarkus-vertx-http-deployment-1.9.0.Final.jar (39 kB) | arc-processor-1.9.0.Final.jar (49/331 kB) | quarkus-arc-deployment-1.9.0.Final.jar (14/179 kB)Progress (4): quarkus-http-core-3.0.15.Final.jar (885/932 kB) | quarkus-vertx-http-deployment-1.9.0.Final.jar (39 kB) | arc-processor-1.9.0.Final.jar (49/331 kB) | quarkus-arc-deployment-1.9.0.Final.jar (16/179 kB)Progress (4): quarkus-http-core-3.0.15.Final.jar (885/932 kB) | quarkus-vertx-http-deployment-1.9.0.Final.jar (39 kB) | arc-processor-1.9.0.Final.jar (49/331 kB) | quarkus-arc-deployment-1.9.0.Final.jar (19/179 kB)Progress (4): quarkus-http-core-3.0.15.Final.jar (885/932 kB) | quarkus-vertx-http-deployment-1.9.0.Final.jar (39 kB) | arc-processor-1.9.0.Final.jar (49/331 kB) | quarkus-arc-deployment-1.9.0.Final.jar (22/179 kB)Progress (4): quarkus-http-core-3.0.15.Final.jar (885/932 kB) | quarkus-vertx-http-deployment-1.9.0.Final.jar (39 kB) | arc-processor-1.9.0.Final.jar (49/331 kB) | quarkus-arc-deployment-1.9.0.Final.jar (25/179 kB)Progress (4): quarkus-http-core-3.0.15.Final.jar (885/932 kB) | quarkus-vertx-http-deployment-1.9.0.Final.jar (39 kB) | arc-processor-1.9.0.Final.jar (49/331 kB) | quarkus-arc-deployment-1.9.0.Final.jar (27/179 kB)Progress (4): quarkus-http-core-3.0.15.Final.jar (885/932 kB) | quarkus-vertx-http-deployment-1.9.0.Final.jar (39 kB) | arc-processor-1.9.0.Final.jar (49/331 kB) | quarkus-arc-deployment-1.9.0.Final.jar (30/179 kB)Progress (4): quarkus-http-core-3.0.15.Final.jar (885/932 kB) | quarkus-vertx-http-deployment-1.9.0.Final.jar (39 kB) | arc-processor-1.9.0.Final.jar (49/331 kB) | quarkus-arc-deployment-1.9.0.Final.jar (33/179 kB)Progress (4): quarkus-http-core-3.0.15.Final.jar (885/932 kB) | quarkus-vertx-http-deployment-1.9.0.Final.jar (39 kB) | arc-processor-1.9.0.Final.jar (49/331 kB) | quarkus-arc-deployment-1.9.0.Final.jar (36/179 kB)Progress (4): quarkus-http-core-3.0.15.Final.jar (885/932 kB) | quarkus-vertx-http-deployment-1.9.0.Final.jar (39 kB) | arc-processor-1.9.0.Final.jar (49/331 kB) | quarkus-arc-deployment-1.9.0.Final.jar (38/179 kB)Progress (4): quarkus-http-core-3.0.15.Final.jar (885/932 kB) | quarkus-vertx-http-deployment-1.9.0.Final.jar (39 kB) | arc-processor-1.9.0.Final.jar (49/331 kB) | quarkus-arc-deployment-1.9.0.Final.jar (41/179 kB)Progress (4): quarkus-http-core-3.0.15.Final.jar (885/932 kB) | quarkus-vertx-http-deployment-1.9.0.Final.jar (39 kB) | arc-processor-1.9.0.Final.jar (49/331 kB) | quarkus-arc-deployment-1.9.0.Final.jar (44/179 kB)Progress (4): quarkus-http-core-3.0.15.Final.jar (885/932 kB) | quarkus-vertx-http-deployment-1.9.0.Final.jar (39 kB) | arc-processor-1.9.0.Final.jar (49/331 kB) | quarkus-arc-deployment-1.9.0.Final.jar (47/179 kB)Progress (4): quarkus-http-core-3.0.15.Final.jar (885/932 kB) | quarkus-vertx-http-deployment-1.9.0.Final.jar (39 kB) | arc-processor-1.9.0.Final.jar (49/331 kB) | quarkus-arc-deployment-1.9.0.Final.jar (49/179 kB)Progress (4): quarkus-http-core-3.0.15.Final.jar (885/932 kB) | quarkus-vertx-http-deployment-1.9.0.Final.jar (39 kB) | arc-processor-1.9.0.Final.jar (49/331 kB) | quarkus-arc-deployment-1.9.0.Final.jar (52/179 kB)Progress (4): quarkus-http-core-3.0.15.Final.jar (885/932 kB) | quarkus-vertx-http-deployment-1.9.0.Final.jar (39 kB) | arc-processor-1.9.0.Final.jar (49/331 kB) | quarkus-arc-deployment-1.9.0.Final.jar (55/179 kB)Progress (4): quarkus-http-core-3.0.15.Final.jar (885/932 kB) | quarkus-vertx-http-deployment-1.9.0.Final.jar (39 kB) | arc-processor-1.9.0.Final.jar (49/331 kB) | quarkus-arc-deployment-1.9.0.Final.jar (58/179 kB)Progress (4): quarkus-http-core-3.0.15.Final.jar (885/932 kB) | quarkus-vertx-http-deployment-1.9.0.Final.jar (39 kB) | arc-processor-1.9.0.Final.jar (49/331 kB) | quarkus-arc-deployment-1.9.0.Final.jar (60/179 kB)Progress (4): quarkus-http-core-3.0.15.Final.jar (893/932 kB) | quarkus-vertx-http-deployment-1.9.0.Final.jar (39 kB) | arc-processor-1.9.0.Final.jar (49/331 kB) | quarkus-arc-deployment-1.9.0.Final.jar (60/179 kB)Progress (4): quarkus-http-core-3.0.15.Final.jar (901/932 kB) | quarkus-vertx-http-deployment-1.9.0.Final.jar (39 kB) | arc-processor-1.9.0.Final.jar (49/331 kB) | quarkus-arc-deployment-1.9.0.Final.jar (60/179 kB)Progress (4): quarkus-http-core-3.0.15.Final.jar (909/932 kB) | quarkus-vertx-http-deployment-1.9.0.Final.jar (39 kB) | arc-processor-1.9.0.Final.jar (49/331 kB) | quarkus-arc-deployment-1.9.0.Final.jar (60/179 kB)Progress (4): quarkus-http-core-3.0.15.Final.jar (918/932 kB) | quarkus-vertx-http-deployment-1.9.0.Final.jar (39 kB) | arc-processor-1.9.0.Final.jar (49/331 kB) | quarkus-arc-deployment-1.9.0.Final.jar (60/179 kB)                                                                                                                                                                                                                      Downloaded from central: https://repo.maven.apache.org/maven2/io/quarkus/quarkus-vertx-http-deployment/1.9.0.Final/quarkus-vertx-http-deployment-1.9.0.Final.jar (39 kB at 41 kB/s)
Downloading from central: https://repo.maven.apache.org/maven2/io/quarkus/quarkus-resteasy-deployment/1.9.0.Final/quarkus-resteasy-deployment-1.9.0.Final.jar
Progress (3): quarkus-http-core-3.0.15.Final.jar (926/932 kB) | arc-processor-1.9.0.Final.jar (49/331 kB) | quarkus-arc-deployment-1.9.0.Final.jar (60/179 kB)Progress (3): quarkus-http-core-3.0.15.Final.jar (932 kB) | arc-processor-1.9.0.Final.jar (49/331 kB) | quarkus-arc-deployment-1.9.0.Final.jar (60/179 kB)    Progress (3): quarkus-http-core-3.0.15.Final.jar (932 kB) | arc-processor-1.9.0.Final.jar (53/331 kB) | quarkus-arc-deployment-1.9.0.Final.jar (60/179 kB)Progress (3): quarkus-http-core-3.0.15.Final.jar (932 kB) | arc-processor-1.9.0.Final.jar (57/331 kB) | quarkus-arc-deployment-1.9.0.Final.jar (60/179 kB)Progress (3): quarkus-http-core-3.0.15.Final.jar (932 kB) | arc-processor-1.9.0.Final.jar (61/331 kB) | quarkus-arc-deployment-1.9.0.Final.jar (60/179 kB)Progress (3): quarkus-http-core-3.0.15.Final.jar (932 kB) | arc-processor-1.9.0.Final.jar (66/331 kB) | quarkus-arc-deployment-1.9.0.Final.jar (60/179 kB)Progress (3): quarkus-http-core-3.0.15.Final.jar (932 kB) | arc-processor-1.9.0.Final.jar (70/331 kB) | quarkus-arc-deployment-1.9.0.Final.jar (60/179 kB)Progress (4): quarkus-http-core-3.0.15.Final.jar (932 kB) | arc-processor-1.9.0.Final.jar (70/331 kB) | quarkus-arc-deployment-1.9.0.Final.jar (60/179 kB) | quarkus-security-spi-1.9.0.Final.jar (3.2 kB)Progress (4): quarkus-http-core-3.0.15.Final.jar (932 kB) | arc-processor-1.9.0.Final.jar (74/331 kB) | quarkus-arc-deployment-1.9.0.Final.jar (60/179 kB) | quarkus-security-spi-1.9.0.Final.jar (3.2 kB)Progress (4): quarkus-http-core-3.0.15.Final.jar (932 kB) | arc-processor-1.9.0.Final.jar (78/331 kB) | quarkus-arc-deployment-1.9.0.Final.jar (60/179 kB) | quarkus-security-spi-1.9.0.Final.jar (3.2 kB)Progress (4): quarkus-http-core-3.0.15.Final.jar (932 kB) | arc-processor-1.9.0.Final.jar (82/331 kB) | quarkus-arc-deployment-1.9.0.Final.jar (60/179 kB) | quarkus-security-spi-1.9.0.Final.jar (3.2 kB)Progress (4): quarkus-http-core-3.0.15.Final.jar (932 kB) | arc-processor-1.9.0.Final.jar (86/331 kB) | quarkus-arc-deployment-1.9.0.Final.jar (60/179 kB) | quarkus-security-spi-1.9.0.Final.jar (3.2 kB)Progress (4): quarkus-http-core-3.0.15.Final.jar (932 kB) | arc-processor-1.9.0.Final.jar (90/331 kB) | quarkus-arc-deployment-1.9.0.Final.jar (60/179 kB) | quarkus-security-spi-1.9.0.Final.jar (3.2 kB)Progress (4): quarkus-http-core-3.0.15.Final.jar (932 kB) | arc-processor-1.9.0.Final.jar (94/331 kB) | quarkus-arc-deployment-1.9.0.Final.jar (60/179 kB) | quarkus-security-spi-1.9.0.Final.jar (3.2 kB)Progress (4): quarkus-http-core-3.0.15.Final.jar (932 kB) | arc-processor-1.9.0.Final.jar (98/331 kB) | quarkus-arc-deployment-1.9.0.Final.jar (60/179 kB) | quarkus-security-spi-1.9.0.Final.jar (3.2 kB)Progress (4): quarkus-http-core-3.0.15.Final.jar (932 kB) | arc-processor-1.9.0.Final.jar (98/331 kB) | quarkus-arc-deployment-1.9.0.Final.jar (63/179 kB) | quarkus-security-spi-1.9.0.Final.jar (3.2 kB)Progress (4): quarkus-http-core-3.0.15.Final.jar (932 kB) | arc-processor-1.9.0.Final.jar (102/331 kB) | quarkus-arc-deployment-1.9.0.Final.jar (63/179 kB) | quarkus-security-spi-1.9.0.Final.jar (3.2 kB)Progress (4): quarkus-http-core-3.0.15.Final.jar (932 kB) | arc-processor-1.9.0.Final.jar (106/331 kB) | quarkus-arc-deployment-1.9.0.Final.jar (63/179 kB) | quarkus-security-spi-1.9.0.Final.jar (3.2 kB)Progress (4): quarkus-http-core-3.0.15.Final.jar (932 kB) | arc-processor-1.9.0.Final.jar (106/331 kB) | quarkus-arc-deployment-1.9.0.Final.jar (66/179 kB) | quarkus-security-spi-1.9.0.Final.jar (3.2 kB)Progress (4): quarkus-http-core-3.0.15.Final.jar (932 kB) | arc-processor-1.9.0.Final.jar (111/331 kB) | quarkus-arc-deployment-1.9.0.Final.jar (66/179 kB) | quarkus-security-spi-1.9.0.Final.jar (3.2 kB)Progress (4): quarkus-http-core-3.0.15.Final.jar (932 kB) | arc-processor-1.9.0.Final.jar (111/331 kB) | quarkus-arc-deployment-1.9.0.Final.jar (69/179 kB) | quarkus-security-spi-1.9.0.Final.jar (3.2 kB)Progress (4): quarkus-http-core-3.0.15.Final.jar (932 kB) | arc-processor-1.9.0.Final.jar (115/331 kB) | quarkus-arc-deployment-1.9.0.Final.jar (69/179 kB) | quarkus-security-spi-1.9.0.Final.jar (3.2 kB)Progress (4): quarkus-http-core-3.0.15.Final.jar (932 kB) | arc-processor-1.9.0.Final.jar (115/331 kB) | quarkus-arc-deployment-1.9.0.Final.jar (71/179 kB) | quarkus-security-spi-1.9.0.Final.jar (3.2 kB)Progress (4): quarkus-http-core-3.0.15.Final.jar (932 kB) | arc-processor-1.9.0.Final.jar (115/331 kB) | quarkus-arc-deployment-1.9.0.Final.jar (74/179 kB) | quarkus-security-spi-1.9.0.Final.jar (3.2 kB)Progress (4): quarkus-http-core-3.0.15.Final.jar (932 kB) | arc-processor-1.9.0.Final.jar (115/331 kB) | quarkus-arc-deployment-1.9.0.Final.jar (77/179 kB) | quarkus-security-spi-1.9.0.Final.jar (3.2 kB)Progress (4): quarkus-http-core-3.0.15.Final.jar (932 kB) | arc-processor-1.9.0.Final.jar (115/331 kB) | quarkus-arc-deployment-1.9.0.Final.jar (80/179 kB) | quarkus-security-spi-1.9.0.Final.jar (3.2 kB)Progress (4): quarkus-http-core-3.0.15.Final.jar (932 kB) | arc-processor-1.9.0.Final.jar (115/331 kB) | quarkus-arc-deployment-1.9.0.Final.jar (82/179 kB) | quarkus-security-spi-1.9.0.Final.jar (3.2 kB)Progress (4): quarkus-http-core-3.0.15.Final.jar (932 kB) | arc-processor-1.9.0.Final.jar (115/331 kB) | quarkus-arc-deployment-1.9.0.Final.jar (85/179 kB) | quarkus-security-spi-1.9.0.Final.jar (3.2 kB)Progress (4): quarkus-http-core-3.0.15.Final.jar (932 kB) | arc-processor-1.9.0.Final.jar (115/331 kB) | quarkus-arc-deployment-1.9.0.Final.jar (88/179 kB) | quarkus-security-spi-1.9.0.Final.jar (3.2 kB)Progress (4): quarkus-http-core-3.0.15.Final.jar (932 kB) | arc-processor-1.9.0.Final.jar (115/331 kB) | quarkus-arc-deployment-1.9.0.Final.jar (90/179 kB) | quarkus-security-spi-1.9.0.Final.jar (3.2 kB)Progress (4): quarkus-http-core-3.0.15.Final.jar (932 kB) | arc-processor-1.9.0.Final.jar (115/331 kB) | quarkus-arc-deployment-1.9.0.Final.jar (93/179 kB) | quarkus-security-spi-1.9.0.Final.jar (3.2 kB)Progress (4): quarkus-http-core-3.0.15.Final.jar (932 kB) | arc-processor-1.9.0.Final.jar (115/331 kB) | quarkus-arc-deployment-1.9.0.Final.jar (96/179 kB) | quarkus-security-spi-1.9.0.Final.jar (3.2 kB)Progress (4): quarkus-http-core-3.0.15.Final.jar (932 kB) | arc-processor-1.9.0.Final.jar (115/331 kB) | quarkus-arc-deployment-1.9.0.Final.jar (99/179 kB) | quarkus-security-spi-1.9.0.Final.jar (3.2 kB)Progress (4): quarkus-http-core-3.0.15.Final.jar (932 kB) | arc-processor-1.9.0.Final.jar (115/331 kB) | quarkus-arc-deployment-1.9.0.Final.jar (101/179 kB) | quarkus-security-spi-1.9.0.Final.jar (3.2 kB)Progress (4): quarkus-http-core-3.0.15.Final.jar (932 kB) | arc-processor-1.9.0.Final.jar (115/331 kB) | quarkus-arc-deployment-1.9.0.Final.jar (104/179 kB) | quarkus-security-spi-1.9.0.Final.jar (3.2 kB)Progress (4): quarkus-http-core-3.0.15.Final.jar (932 kB) | arc-processor-1.9.0.Final.jar (115/331 kB) | quarkus-arc-deployment-1.9.0.Final.jar (107/179 kB) | quarkus-security-spi-1.9.0.Final.jar (3.2 kB)Progress (4): quarkus-http-core-3.0.15.Final.jar (932 kB) | arc-processor-1.9.0.Final.jar (115/331 kB) | quarkus-arc-deployment-1.9.0.Final.jar (110/179 kB) | quarkus-security-spi-1.9.0.Final.jar (3.2 kB)Progress (4): quarkus-http-core-3.0.15.Final.jar (932 kB) | arc-processor-1.9.0.Final.jar (115/331 kB) | quarkus-arc-deployment-1.9.0.Final.jar (112/179 kB) | quarkus-security-spi-1.9.0.Final.jar (3.2 kB)Progress (4): quarkus-http-core-3.0.15.Final.jar (932 kB) | arc-processor-1.9.0.Final.jar (115/331 kB) | quarkus-arc-deployment-1.9.0.Final.jar (115/179 kB) | quarkus-security-spi-1.9.0.Final.jar (3.2 kB)Progress (4): quarkus-http-core-3.0.15.Final.jar (932 kB) | arc-processor-1.9.0.Final.jar (115/331 kB) | quarkus-arc-deployment-1.9.0.Final.jar (118/179 kB) | quarkus-security-spi-1.9.0.Final.jar (3.2 kB)Progress (4): quarkus-http-core-3.0.15.Final.jar (932 kB) | arc-processor-1.9.0.Final.jar (115/331 kB) | quarkus-arc-deployment-1.9.0.Final.jar (121/179 kB) | quarkus-security-spi-1.9.0.Final.jar (3.2 kB)Progress (4): quarkus-http-core-3.0.15.Final.jar (932 kB) | arc-processor-1.9.0.Final.jar (115/331 kB) | quarkus-arc-deployment-1.9.0.Final.jar (123/179 kB) | quarkus-security-spi-1.9.0.Final.jar (3.2 kB)Progress (5): quarkus-http-core-3.0.15.Final.jar (932 kB) | arc-processor-1.9.0.Final.jar (115/331 kB) | quarkus-arc-deployment-1.9.0.Final.jar (123/179 kB) | quarkus-security-spi-1.9.0.Final.jar (3.2 kB) | quarkus-resteasy-deployment-1.9.0.Final.jar (4.1/18 kB)Progress (5): quarkus-http-core-3.0.15.Final.jar (932 kB) | arc-processor-1.9.0.Final.jar (115/331 kB) | quarkus-arc-deployment-1.9.0.Final.jar (123/179 kB) | quarkus-security-spi-1.9.0.Final.jar (3.2 kB) | quarkus-resteasy-deployment-1.9.0.Final.jar (8.2/18 kB)Progress (5): quarkus-http-core-3.0.15.Final.jar (932 kB) | arc-processor-1.9.0.Final.jar (115/331 kB) | quarkus-arc-deployment-1.9.0.Final.jar (123/179 kB) | quarkus-security-spi-1.9.0.Final.jar (3.2 kB) | quarkus-resteasy-deployment-1.9.0.Final.jar (12/18 kB) Progress (5): quarkus-http-core-3.0.15.Final.jar (932 kB) | arc-processor-1.9.0.Final.jar (115/331 kB) | quarkus-arc-deployment-1.9.0.Final.jar (123/179 kB) | quarkus-security-spi-1.9.0.Final.jar (3.2 kB) | quarkus-resteasy-deployment-1.9.0.Final.jar (16/18 kB)Progress (5): quarkus-http-core-3.0.15.Final.jar (932 kB) | arc-processor-1.9.0.Final.jar (115/331 kB) | quarkus-arc-deployment-1.9.0.Final.jar (123/179 kB) | quarkus-security-spi-1.9.0.Final.jar (3.2 kB) | quarkus-resteasy-deployment-1.9.0.Final.jar (18 kB)                                                                                                                                                                                                                                                                     Downloaded from central: https://repo.maven.apache.org/maven2/io/quarkus/http/quarkus-http-core/3.0.15.Final/quarkus-http-core-3.0.15.Final.jar (932 kB at 908 kB/s)
Progress (4): arc-processor-1.9.0.Final.jar (119/331 kB) | quarkus-arc-deployment-1.9.0.Final.jar (123/179 kB) | quarkus-security-spi-1.9.0.Final.jar (3.2 kB) | quarkus-resteasy-deployment-1.9.0.Final.jar (18 kB)Progress (4): arc-processor-1.9.0.Final.jar (123/331 kB) | quarkus-arc-deployment-1.9.0.Final.jar (123/179 kB) | quarkus-security-spi-1.9.0.Final.jar (3.2 kB) | quarkus-resteasy-deployment-1.9.0.Final.jar (18 kB)Progress (4): arc-processor-1.9.0.Final.jar (127/331 kB) | quarkus-arc-deployment-1.9.0.Final.jar (123/179 kB) | quarkus-security-spi-1.9.0.Final.jar (3.2 kB) | quarkus-resteasy-deployment-1.9.0.Final.jar (18 kB)Progress (4): arc-processor-1.9.0.Final.jar (131/331 kB) | quarkus-arc-deployment-1.9.0.Final.jar (123/179 kB) | quarkus-security-spi-1.9.0.Final.jar (3.2 kB) | quarkus-resteasy-deployment-1.9.0.Final.jar (18 kB)Progress (4): arc-processor-1.9.0.Final.jar (131/331 kB) | quarkus-arc-deployment-1.9.0.Final.jar (126/179 kB) | quarkus-security-spi-1.9.0.Final.jar (3.2 kB) | quarkus-resteasy-deployment-1.9.0.Final.jar (18 kB)Progress (4): arc-processor-1.9.0.Final.jar (131/331 kB) | quarkus-arc-deployment-1.9.0.Final.jar (129/179 kB) | quarkus-security-spi-1.9.0.Final.jar (3.2 kB) | quarkus-resteasy-deployment-1.9.0.Final.jar (18 kB)Progress (4): arc-processor-1.9.0.Final.jar (135/331 kB) | quarkus-arc-deployment-1.9.0.Final.jar (129/179 kB) | quarkus-security-spi-1.9.0.Final.jar (3.2 kB) | quarkus-resteasy-deployment-1.9.0.Final.jar (18 kB)Progress (4): arc-processor-1.9.0.Final.jar (135/331 kB) | quarkus-arc-deployment-1.9.0.Final.jar (132/179 kB) | quarkus-security-spi-1.9.0.Final.jar (3.2 kB) | quarkus-resteasy-deployment-1.9.0.Final.jar (18 kB)Progress (4): arc-processor-1.9.0.Final.jar (139/331 kB) | quarkus-arc-deployment-1.9.0.Final.jar (132/179 kB) | quarkus-security-spi-1.9.0.Final.jar (3.2 kB) | quarkus-resteasy-deployment-1.9.0.Final.jar (18 kB)Progress (4): arc-processor-1.9.0.Final.jar (139/331 kB) | quarkus-arc-deployment-1.9.0.Final.jar (134/179 kB) | quarkus-security-spi-1.9.0.Final.jar (3.2 kB) | quarkus-resteasy-deployment-1.9.0.Final.jar (18 kB)Progress (4): arc-processor-1.9.0.Final.jar (143/331 kB) | quarkus-arc-deployment-1.9.0.Final.jar (134/179 kB) | quarkus-security-spi-1.9.0.Final.jar (3.2 kB) | quarkus-resteasy-deployment-1.9.0.Final.jar (18 kB)Progress (4): arc-processor-1.9.0.Final.jar (143/331 kB) | quarkus-arc-deployment-1.9.0.Final.jar (137/179 kB) | quarkus-security-spi-1.9.0.Final.jar (3.2 kB) | quarkus-resteasy-deployment-1.9.0.Final.jar (18 kB)Progress (4): arc-processor-1.9.0.Final.jar (147/331 kB) | quarkus-arc-deployment-1.9.0.Final.jar (137/179 kB) | quarkus-security-spi-1.9.0.Final.jar (3.2 kB) | quarkus-resteasy-deployment-1.9.0.Final.jar (18 kB)Progress (4): arc-processor-1.9.0.Final.jar (147/331 kB) | quarkus-arc-deployment-1.9.0.Final.jar (140/179 kB) | quarkus-security-spi-1.9.0.Final.jar (3.2 kB) | quarkus-resteasy-deployment-1.9.0.Final.jar (18 kB)Progress (4): arc-processor-1.9.0.Final.jar (147/331 kB) | quarkus-arc-deployment-1.9.0.Final.jar (143/179 kB) | quarkus-security-spi-1.9.0.Final.jar (3.2 kB) | quarkus-resteasy-deployment-1.9.0.Final.jar (18 kB)Progress (4): arc-processor-1.9.0.Final.jar (147/331 kB) | quarkus-arc-deployment-1.9.0.Final.jar (145/179 kB) | quarkus-security-spi-1.9.0.Final.jar (3.2 kB) | quarkus-resteasy-deployment-1.9.0.Final.jar (18 kB)Progress (4): arc-processor-1.9.0.Final.jar (147/331 kB) | quarkus-arc-deployment-1.9.0.Final.jar (148/179 kB) | quarkus-security-spi-1.9.0.Final.jar (3.2 kB) | quarkus-resteasy-deployment-1.9.0.Final.jar (18 kB)Progress (4): arc-processor-1.9.0.Final.jar (147/331 kB) | quarkus-arc-deployment-1.9.0.Final.jar (151/179 kB) | quarkus-security-spi-1.9.0.Final.jar (3.2 kB) | quarkus-resteasy-deployment-1.9.0.Final.jar (18 kB)Progress (4): arc-processor-1.9.0.Final.jar (152/331 kB) | quarkus-arc-deployment-1.9.0.Final.jar (151/179 kB) | quarkus-security-spi-1.9.0.Final.jar (3.2 kB) | quarkus-resteasy-deployment-1.9.0.Final.jar (18 kB)Progress (4): arc-processor-1.9.0.Final.jar (152/331 kB) | quarkus-arc-deployment-1.9.0.Final.jar (154/179 kB) | quarkus-security-spi-1.9.0.Final.jar (3.2 kB) | quarkus-resteasy-deployment-1.9.0.Final.jar (18 kB)Progress (4): arc-processor-1.9.0.Final.jar (156/331 kB) | quarkus-arc-deployment-1.9.0.Final.jar (154/179 kB) | quarkus-security-spi-1.9.0.Final.jar (3.2 kB) | quarkus-resteasy-deployment-1.9.0.Final.jar (18 kB)Progress (4): arc-processor-1.9.0.Final.jar (156/331 kB) | quarkus-arc-deployment-1.9.0.Final.jar (156/179 kB) | quarkus-security-spi-1.9.0.Final.jar (3.2 kB) | quarkus-resteasy-deployment-1.9.0.Final.jar (18 kB)Progress (4): arc-processor-1.9.0.Final.jar (160/331 kB) | quarkus-arc-deployment-1.9.0.Final.jar (156/179 kB) | quarkus-security-spi-1.9.0.Final.jar (3.2 kB) | quarkus-resteasy-deployment-1.9.0.Final.jar (18 kB)Progress (4): arc-processor-1.9.0.Final.jar (164/331 kB) | quarkus-arc-deployment-1.9.0.Final.jar (156/179 kB) | quarkus-security-spi-1.9.0.Final.jar (3.2 kB) | quarkus-resteasy-deployment-1.9.0.Final.jar (18 kB)Progress (4): arc-processor-1.9.0.Final.jar (164/331 kB) | quarkus-arc-deployment-1.9.0.Final.jar (159/179 kB) | quarkus-security-spi-1.9.0.Final.jar (3.2 kB) | quarkus-resteasy-deployment-1.9.0.Final.jar (18 kB)Progress (4): arc-processor-1.9.0.Final.jar (164/331 kB) | quarkus-arc-deployment-1.9.0.Final.jar (162/179 kB) | quarkus-security-spi-1.9.0.Final.jar (3.2 kB) | quarkus-resteasy-deployment-1.9.0.Final.jar (18 kB)                                                                                                                                                                                                                    Downloaded from central: https://repo.maven.apache.org/maven2/io/quarkus/quarkus-security-spi/1.9.0.Final/quarkus-security-spi-1.9.0.Final.jar (3.2 kB at 3.1 kB/s)
Progress (3): arc-processor-1.9.0.Final.jar (164/331 kB) | quarkus-arc-deployment-1.9.0.Final.jar (165/179 kB) | quarkus-resteasy-deployment-1.9.0.Final.jar (18 kB)Progress (3): arc-processor-1.9.0.Final.jar (164/331 kB) | quarkus-arc-deployment-1.9.0.Final.jar (167/179 kB) | quarkus-resteasy-deployment-1.9.0.Final.jar (18 kB)Progress (3): arc-processor-1.9.0.Final.jar (164/331 kB) | quarkus-arc-deployment-1.9.0.Final.jar (170/179 kB) | quarkus-resteasy-deployment-1.9.0.Final.jar (18 kB)Progress (3): arc-processor-1.9.0.Final.jar (164/331 kB) | quarkus-arc-deployment-1.9.0.Final.jar (173/179 kB) | quarkus-resteasy-deployment-1.9.0.Final.jar (18 kB)Progress (3): arc-processor-1.9.0.Final.jar (164/331 kB) | quarkus-arc-deployment-1.9.0.Final.jar (175/179 kB) | quarkus-resteasy-deployment-1.9.0.Final.jar (18 kB)Progress (3): arc-processor-1.9.0.Final.jar (164/331 kB) | quarkus-arc-deployment-1.9.0.Final.jar (178/179 kB) | quarkus-resteasy-deployment-1.9.0.Final.jar (18 kB)Progress (3): arc-processor-1.9.0.Final.jar (168/331 kB) | quarkus-arc-deployment-1.9.0.Final.jar (178/179 kB) | quarkus-resteasy-deployment-1.9.0.Final.jar (18 kB)Progress (3): arc-processor-1.9.0.Final.jar (168/331 kB) | quarkus-arc-deployment-1.9.0.Final.jar (179 kB) | quarkus-resteasy-deployment-1.9.0.Final.jar (18 kB)    Progress (3): arc-processor-1.9.0.Final.jar (172/331 kB) | quarkus-arc-deployment-1.9.0.Final.jar (179 kB) | quarkus-resteasy-deployment-1.9.0.Final.jar (18 kB)Progress (3): arc-processor-1.9.0.Final.jar (176/331 kB) | quarkus-arc-deployment-1.9.0.Final.jar (179 kB) | quarkus-resteasy-deployment-1.9.0.Final.jar (18 kB)Progress (3): arc-processor-1.9.0.Final.jar (180/331 kB) | quarkus-arc-deployment-1.9.0.Final.jar (179 kB) | quarkus-resteasy-deployment-1.9.0.Final.jar (18 kB)Progress (3): arc-processor-1.9.0.Final.jar (184/331 kB) | quarkus-arc-deployment-1.9.0.Final.jar (179 kB) | quarkus-resteasy-deployment-1.9.0.Final.jar (18 kB)Progress (3): arc-processor-1.9.0.Final.jar (188/331 kB) | quarkus-arc-deployment-1.9.0.Final.jar (179 kB) | quarkus-resteasy-deployment-1.9.0.Final.jar (18 kB)Progress (3): arc-processor-1.9.0.Final.jar (193/331 kB) | quarkus-arc-deployment-1.9.0.Final.jar (179 kB) | quarkus-resteasy-deployment-1.9.0.Final.jar (18 kB)Progress (3): arc-processor-1.9.0.Final.jar (197/331 kB) | quarkus-arc-deployment-1.9.0.Final.jar (179 kB) | quarkus-resteasy-deployment-1.9.0.Final.jar (18 kB)                                                                                                                                                                Downloaded from central: https://repo.maven.apache.org/maven2/io/quarkus/quarkus-resteasy-deployment/1.9.0.Final/quarkus-resteasy-deployment-1.9.0.Final.jar (18 kB at 17 kB/s)
Progress (2): arc-processor-1.9.0.Final.jar (201/331 kB) | quarkus-arc-deployment-1.9.0.Final.jar (179 kB)Progress (2): arc-processor-1.9.0.Final.jar (205/331 kB) | quarkus-arc-deployment-1.9.0.Final.jar (179 kB)Progress (2): arc-processor-1.9.0.Final.jar (209/331 kB) | quarkus-arc-deployment-1.9.0.Final.jar (179 kB)Progress (2): arc-processor-1.9.0.Final.jar (213/331 kB) | quarkus-arc-deployment-1.9.0.Final.jar (179 kB)Progress (2): arc-processor-1.9.0.Final.jar (217/331 kB) | quarkus-arc-deployment-1.9.0.Final.jar (179 kB)Progress (2): arc-processor-1.9.0.Final.jar (221/331 kB) | quarkus-arc-deployment-1.9.0.Final.jar (179 kB)Progress (2): arc-processor-1.9.0.Final.jar (225/331 kB) | quarkus-arc-deployment-1.9.0.Final.jar (179 kB)Progress (2): arc-processor-1.9.0.Final.jar (229/331 kB) | quarkus-arc-deployment-1.9.0.Final.jar (179 kB)Progress (2): arc-processor-1.9.0.Final.jar (233/331 kB) | quarkus-arc-deployment-1.9.0.Final.jar (179 kB)Progress (2): arc-processor-1.9.0.Final.jar (238/331 kB) | quarkus-arc-deployment-1.9.0.Final.jar (179 kB)Progress (2): arc-processor-1.9.0.Final.jar (242/331 kB) | quarkus-arc-deployment-1.9.0.Final.jar (179 kB)Progress (2): arc-processor-1.9.0.Final.jar (246/331 kB) | quarkus-arc-deployment-1.9.0.Final.jar (179 kB)                                                                                                          Downloaded from central: https://repo.maven.apache.org/maven2/io/quarkus/quarkus-arc-deployment/1.9.0.Final/quarkus-arc-deployment-1.9.0.Final.jar (179 kB at 163 kB/s)
Progress (1): arc-processor-1.9.0.Final.jar (250/331 kB)Progress (1): arc-processor-1.9.0.Final.jar (254/331 kB)Progress (1): arc-processor-1.9.0.Final.jar (258/331 kB)Progress (1): arc-processor-1.9.0.Final.jar (262/331 kB)Progress (1): arc-processor-1.9.0.Final.jar (266/331 kB)Progress (1): arc-processor-1.9.0.Final.jar (270/331 kB)Progress (1): arc-processor-1.9.0.Final.jar (274/331 kB)Progress (1): arc-processor-1.9.0.Final.jar (279/331 kB)Progress (1): arc-processor-1.9.0.Final.jar (283/331 kB)Progress (1): arc-processor-1.9.0.Final.jar (287/331 kB)Progress (1): arc-processor-1.9.0.Final.jar (291/331 kB)Progress (1): arc-processor-1.9.0.Final.jar (295/331 kB)Progress (1): arc-processor-1.9.0.Final.jar (299/331 kB)Progress (1): arc-processor-1.9.0.Final.jar (303/331 kB)Progress (1): arc-processor-1.9.0.Final.jar (307/331 kB)Progress (1): arc-processor-1.9.0.Final.jar (311/331 kB)Progress (1): arc-processor-1.9.0.Final.jar (315/331 kB)Progress (1): arc-processor-1.9.0.Final.jar (319/331 kB)Progress (1): arc-processor-1.9.0.Final.jar (324/331 kB)Progress (1): arc-processor-1.9.0.Final.jar (328/331 kB)Progress (1): arc-processor-1.9.0.Final.jar (331 kB)                                                        Downloaded from central: https://repo.maven.apache.org/maven2/io/quarkus/arc/arc-processor/1.9.0.Final/arc-processor-1.9.0.Final.jar (331 kB at 263 kB/s)
2020-10-23 16:54:26,269 INFO  [io.quarkus] (main) Quarkus 1.9.0.Final on JVM started in 2.646s. Listening on: http://0.0.0.0:8081
2020-10-23 16:54:26,274 INFO  [io.quarkus] (main) Profile test activated. 
2020-10-23 16:54:26,275 INFO  [io.quarkus] (main) Installed features: [cdi, resteasy]
]]></system-out>
  </testcase>
  <testcase name="testGreetingEndpoint" classname="org.acme.getting.started.GreetingResourceTest" time="0.027"/>
</testsuite>